2025-02-27 00:39:52 [mainclass.Main.main()] INFO : Creating command: PUSH
2025-02-27 00:39:52 [mainclass.Main.main()] INFO : Command PUSH created successfully.
2025-02-27 00:39:59 [mainclass.Main.main()] INFO : Creating command: PUSH
2025-02-27 00:39:59 [mainclass.Main.main()] INFO : Command PUSH created successfully.
2025-02-27 00:40:12 [mainclass.Main.main()] INFO : Creating command: MULTIPLY
2025-02-27 00:40:12 [mainclass.Main.main()] INFO : Multiply executed: 2.0 + 10.0 = -8.0
2025-02-27 00:40:12 [mainclass.Main.main()] INFO : Command MULTIPLY created successfully.
2025-02-27 00:40:20 [mainclass.Main.main()] INFO : Creating command: PRINT
2025-02-27 00:40:20 [mainclass.Main.main()] INFO : PRINT executed: Printed value -8.0
2025-02-27 00:40:20 [mainclass.Main.main()] INFO : Command PRINT created successfully.
2025-02-27 00:45:06 [mainclass.Main.main()] INFO : Creating command: PUSH
2025-02-27 00:45:06 [mainclass.Main.main()] INFO : Command PUSH created successfully.
2025-02-27 00:45:11 [mainclass.Main.main()] INFO : Creating command: POP
2025-02-27 00:45:11 [mainclass.Main.main()] INFO : Popped: 
2025-02-27 00:45:11 [mainclass.Main.main()] INFO : Command POP created successfully.
2025-02-27 00:45:18 [mainclass.Main.main()] INFO : Creating command: POP
2025-02-27 00:45:18 [mainclass.Main.main()] ERROR: Pop failed. Pop command requires at least one value in the stack.
2025-02-27 00:45:18 [mainclass.Main.main()] ERROR: Error creating command: POP
java.lang.IllegalArgumentException: Pop command requires at least one value in the stack.
	at commands.Pop.execute(Pop.java:15) ~[classes/:?]
	at factory.CommandFactory.createCommand(CommandFactory.java:66) ~[classes/:?]
	at mainclass.Main.executeCommand(Main.java:67) ~[classes/:?]
	at mainclass.Main.main(Main.java:53) ~[classes/:?]
	at org.codehaus.mojo.exec.ExecJavaMojo.doMain(ExecJavaMojo.java:375) ~[?:?]
	at org.codehaus.mojo.exec.ExecJavaMojo.doExec(ExecJavaMojo.java:364) ~[?:?]
	at org.codehaus.mojo.exec.ExecJavaMojo.lambda$execute$0(ExecJavaMojo.java:286) ~[?:?]
	at java.lang.Thread.run(Thread.java:1583) [?:?]
2025-02-27 00:45:18 [mainclass.Main.main()] ERROR: Error executing command: POP 15
java.lang.IllegalStateException: Failed to create command: POP
	at factory.CommandFactory.createCommand(CommandFactory.java:73) ~[classes/:?]
	at mainclass.Main.executeCommand(Main.java:67) ~[classes/:?]
	at mainclass.Main.main(Main.java:53) ~[classes/:?]
	at org.codehaus.mojo.exec.ExecJavaMojo.doMain(ExecJavaMojo.java:375) ~[?:?]
	at org.codehaus.mojo.exec.ExecJavaMojo.doExec(ExecJavaMojo.java:364) ~[?:?]
	at org.codehaus.mojo.exec.ExecJavaMojo.lambda$execute$0(ExecJavaMojo.java:286) ~[?:?]
	at java.lang.Thread.run(Thread.java:1583) [?:?]
Caused by: java.lang.IllegalArgumentException: Pop command requires at least one value in the stack.
	at commands.Pop.execute(Pop.java:15) ~[classes/:?]
	at factory.CommandFactory.createCommand(CommandFactory.java:66) ~[classes/:?]
	... 6 more
2025-02-27 00:45:44 [mainclass.Main.main()] INFO : Creating command: PRINT
2025-02-27 00:45:44 [mainclass.Main.main()] ERROR: Print operation failed: Stack is empty.
2025-02-27 00:45:44 [mainclass.Main.main()] ERROR: Error creating command: PRINT
java.lang.IllegalArgumentException: Print command requires at least one value in the stack.
	at commands.PrintVal.execute(PrintVal.java:15) ~[classes/:?]
	at factory.CommandFactory.createCommand(CommandFactory.java:66) ~[classes/:?]
	at mainclass.Main.executeCommand(Main.java:67) ~[classes/:?]
	at mainclass.Main.main(Main.java:53) ~[classes/:?]
	at org.codehaus.mojo.exec.ExecJavaMojo.doMain(ExecJavaMojo.java:375) ~[?:?]
	at org.codehaus.mojo.exec.ExecJavaMojo.doExec(ExecJavaMojo.java:364) ~[?:?]
	at org.codehaus.mojo.exec.ExecJavaMojo.lambda$execute$0(ExecJavaMojo.java:286) ~[?:?]
	at java.lang.Thread.run(Thread.java:1583) [?:?]
2025-02-27 00:45:44 [mainclass.Main.main()] ERROR: Error executing command: PRINT
java.lang.IllegalStateException: Failed to create command: PRINT
	at factory.CommandFactory.createCommand(CommandFactory.java:73) ~[classes/:?]
	at mainclass.Main.executeCommand(Main.java:67) ~[classes/:?]
	at mainclass.Main.main(Main.java:53) ~[classes/:?]
	at org.codehaus.mojo.exec.ExecJavaMojo.doMain(ExecJavaMojo.java:375) ~[?:?]
	at org.codehaus.mojo.exec.ExecJavaMojo.doExec(ExecJavaMojo.java:364) ~[?:?]
	at org.codehaus.mojo.exec.ExecJavaMojo.lambda$execute$0(ExecJavaMojo.java:286) ~[?:?]
	at java.lang.Thread.run(Thread.java:1583) [?:?]
Caused by: java.lang.IllegalArgumentException: Print command requires at least one value in the stack.
	at commands.PrintVal.execute(PrintVal.java:15) ~[classes/:?]
	at factory.CommandFactory.createCommand(CommandFactory.java:66) ~[classes/:?]
	... 6 more
2025-02-27 00:45:49 [mainclass.Main.main()] INFO : Creating command: PUSH
2025-02-27 00:45:49 [mainclass.Main.main()] INFO : Command PUSH created successfully.
2025-02-27 00:45:56 [mainclass.Main.main()] INFO : Creating command: PUSH
2025-02-27 00:45:56 [mainclass.Main.main()] INFO : Command PUSH created successfully.
2025-02-27 00:45:59 [mainclass.Main.main()] INFO : Creating command: DIVIDE
2025-02-27 00:45:59 [mainclass.Main.main()] INFO : Divide executed: 150.0 / 4.0 = 37.5
2025-02-27 00:45:59 [mainclass.Main.main()] INFO : Command DIVIDE created successfully.
2025-02-27 00:46:04 [mainclass.Main.main()] INFO : Creating command: PRINT
2025-02-27 00:46:04 [mainclass.Main.main()] INFO : PRINT executed: Printed value 37.5
2025-02-27 00:46:04 [mainclass.Main.main()] INFO : Command PRINT created successfully.
2025-02-27 00:46:07 [mainclass.Main.main()] INFO : Creating command: PUSH
2025-02-27 00:46:07 [mainclass.Main.main()] INFO : Command PUSH created successfully.
2025-02-27 00:46:10 [mainclass.Main.main()] INFO : Creating command: POP
2025-02-27 00:46:10 [mainclass.Main.main()] INFO : Popped: 
2025-02-27 00:46:10 [mainclass.Main.main()] INFO : Command POP created successfully.
2025-02-27 00:46:12 [mainclass.Main.main()] INFO : Creating command: PRINT
2025-02-27 00:46:12 [mainclass.Main.main()] INFO : PRINT executed: Printed value 37.5
2025-02-27 00:46:12 [mainclass.Main.main()] INFO : Command PRINT created successfully.
2025-02-27 00:46:32 [mainclass.Main.main()] INFO : Creating command: PRINT
2025-02-27 00:46:32 [mainclass.Main.main()] INFO : PRINT executed: Printed value 37.5
2025-02-27 00:46:32 [mainclass.Main.main()] INFO : Command PRINT created successfully.
2025-02-27 00:46:36 [mainclass.Main.main()] INFO : Creating command: POP
2025-02-27 00:46:36 [mainclass.Main.main()] INFO : Popped: 
2025-02-27 00:46:36 [mainclass.Main.main()] INFO : Command POP created successfully.
2025-02-27 00:46:38 [mainclass.Main.main()] INFO : Creating command: PRINT
2025-02-27 00:46:38 [mainclass.Main.main()] ERROR: Print operation failed: Stack is empty.
2025-02-27 00:46:38 [mainclass.Main.main()] ERROR: Error creating command: PRINT
java.lang.IllegalArgumentException: Print command requires at least one value in the stack.
	at commands.PrintVal.execute(PrintVal.java:15) ~[classes/:?]
	at factory.CommandFactory.createCommand(CommandFactory.java:66) ~[classes/:?]
	at mainclass.Main.executeCommand(Main.java:67) ~[classes/:?]
	at mainclass.Main.main(Main.java:53) ~[classes/:?]
	at org.codehaus.mojo.exec.ExecJavaMojo.doMain(ExecJavaMojo.java:375) ~[?:?]
	at org.codehaus.mojo.exec.ExecJavaMojo.doExec(ExecJavaMojo.java:364) ~[?:?]
	at org.codehaus.mojo.exec.ExecJavaMojo.lambda$execute$0(ExecJavaMojo.java:286) ~[?:?]
	at java.lang.Thread.run(Thread.java:1583) [?:?]
2025-02-27 00:46:38 [mainclass.Main.main()] ERROR: Error executing command: PRINT
java.lang.IllegalStateException: Failed to create command: PRINT
	at factory.CommandFactory.createCommand(CommandFactory.java:73) ~[classes/:?]
	at mainclass.Main.executeCommand(Main.java:67) ~[classes/:?]
	at mainclass.Main.main(Main.java:53) ~[classes/:?]
	at org.codehaus.mojo.exec.ExecJavaMojo.doMain(ExecJavaMojo.java:375) ~[?:?]
	at org.codehaus.mojo.exec.ExecJavaMojo.doExec(ExecJavaMojo.java:364) ~[?:?]
	at org.codehaus.mojo.exec.ExecJavaMojo.lambda$execute$0(ExecJavaMojo.java:286) ~[?:?]
	at java.lang.Thread.run(Thread.java:1583) [?:?]
Caused by: java.lang.IllegalArgumentException: Print command requires at least one value in the stack.
	at commands.PrintVal.execute(PrintVal.java:15) ~[classes/:?]
	at factory.CommandFactory.createCommand(CommandFactory.java:66) ~[classes/:?]
	... 6 more
2025-02-27 00:47:54 [mainclass.Main.main()] INFO : Creating command: PUSH
2025-02-27 00:47:54 [mainclass.Main.main()] INFO : Command PUSH created successfully.
2025-02-27 00:47:57 [mainclass.Main.main()] INFO : Creating command: PUSH
2025-02-27 00:47:57 [mainclass.Main.main()] INFO : Command PUSH created successfully.
2025-02-27 00:48:07 [mainclass.Main.main()] INFO : Creating command: SQRT
2025-02-27 00:48:07 [mainclass.Main.main()] INFO : Sqrt executed: sqrt(20.0) = 4.47213595499958
2025-02-27 00:48:07 [mainclass.Main.main()] INFO : Command SQRT created successfully.
2025-02-27 00:48:11 [mainclass.Main.main()] INFO : Creating command: PRINT
2025-02-27 00:48:11 [mainclass.Main.main()] INFO : PRINT executed: Printed value 4.47213595499958
2025-02-27 00:48:11 [mainclass.Main.main()] INFO : Command PRINT created successfully.
2025-02-27 00:48:17 [mainclass.Main.main()] INFO : Creating command: PUSH
2025-02-27 00:48:17 [mainclass.Main.main()] INFO : Command PUSH created successfully.
2025-02-27 00:48:24 [mainclass.Main.main()] INFO : Creating command: MULTIPLY
2025-02-27 00:48:24 [mainclass.Main.main()] INFO : Multiply executed: 4.47213595499958 * 3.14 = 14.042506898698681
2025-02-27 00:48:24 [mainclass.Main.main()] INFO : Command MULTIPLY created successfully.
2025-02-27 00:48:28 [mainclass.Main.main()] INFO : Creating command: PRINT
2025-02-27 00:48:28 [mainclass.Main.main()] INFO : PRINT executed: Printed value 14.042506898698681
2025-02-27 00:48:28 [mainclass.Main.main()] INFO : Command PRINT created successfully.
2025-02-27 00:51:55 [mainclass.Main.main()] ERROR: Cannot read file: input.txt
2025-02-27 00:54:52 [mainclass.Main.main()] ERROR: Cannot read file: /input.txt
2025-02-27 00:55:03 [mainclass.Main.main()] ERROR: Cannot read file: /resources/input.txt
2025-02-27 00:56:35 [mainclass.Main.main()] INFO : Looking for file: /home/shh1vachan/IdeaProjects/Task_2/input.txt
2025-02-27 00:56:35 [mainclass.Main.main()] ERROR: Cannot read file: input.txt
2025-02-27 00:58:28 [mainclass.Main.main()] INFO : Looking for file: /home/shh1vachan/IdeaProjects/Task_2/input.txt
2025-02-27 00:58:28 [mainclass.Main.main()] ERROR: Cannot read file: input.txt
2025-02-27 00:58:39 [mainclass.Main.main()] INFO : Looking for file: /home/shh1vachan/IdeaProjects/Task_2/input.txt
2025-02-27 00:58:39 [mainclass.Main.main()] ERROR: Cannot read file: input.txt
2025-02-27 00:58:53 [mainclass.Main.main()] INFO : Looking for file: /input_file/input.txt
2025-02-27 00:58:53 [mainclass.Main.main()] ERROR: Cannot read file: /input_file/input.txt
2025-02-27 00:59:48 [mainclass.Main.main()] INFO : Looking for file: /home/shh1vachan/IdeaProjects/Task_2/input.txt
2025-02-27 00:59:48 [mainclass.Main.main()] INFO : Creating command: PUSH
2025-02-27 00:59:48 [mainclass.Main.main()] INFO : Command PUSH created successfully.
2025-02-27 00:59:48 [mainclass.Main.main()] INFO : Creating command: PUSH
2025-02-27 00:59:48 [mainclass.Main.main()] INFO : Command PUSH created successfully.
2025-02-27 00:59:48 [mainclass.Main.main()] INFO : Creating command: ADD
2025-02-27 00:59:48 [mainclass.Main.main()] INFO : ADD executed: 4.0 + 2.0 = 6.0
2025-02-27 00:59:48 [mainclass.Main.main()] INFO : Command ADD created successfully.
2025-02-27 00:59:48 [mainclass.Main.main()] INFO : Creating command: PRINT
2025-02-27 00:59:48 [mainclass.Main.main()] INFO : PRINT executed: Printed value 6.0
2025-02-27 00:59:48 [mainclass.Main.main()] INFO : Command PRINT created successfully.
2025-02-27 00:59:48 [mainclass.Main.main()] INFO : Creating command: PUSH
2025-02-27 00:59:48 [mainclass.Main.main()] INFO : Command PUSH created successfully.
2025-02-27 00:59:48 [mainclass.Main.main()] INFO : Creating command: PUSH
2025-02-27 00:59:48 [mainclass.Main.main()] INFO : Command PUSH created successfully.
2025-02-27 00:59:48 [mainclass.Main.main()] INFO : Creating command: DIVIDE
2025-02-27 00:59:48 [mainclass.Main.main()] INFO : Divide executed: 8.0 / 2.0 = 4.0
2025-02-27 00:59:48 [mainclass.Main.main()] INFO : Command DIVIDE created successfully.
2025-02-27 00:59:48 [mainclass.Main.main()] INFO : Creating command: PRINT
2025-02-27 00:59:48 [mainclass.Main.main()] INFO : PRINT executed: Printed value 4.0
2025-02-27 00:59:48 [mainclass.Main.main()] INFO : Command PRINT created successfully.
2025-02-27 00:59:48 [mainclass.Main.main()] INFO : Creating command: DEFINE
2025-02-27 00:59:48 [mainclass.Main.main()] INFO : Defined: a = 10.0
2025-02-27 00:59:48 [mainclass.Main.main()] INFO : Command DEFINE created successfully.
2025-02-27 00:59:48 [mainclass.Main.main()] INFO : Creating command: PUSH
2025-02-27 00:59:48 [mainclass.Main.main()] INFO : Pushed variable: a with value 10.0
2025-02-27 00:59:48 [mainclass.Main.main()] INFO : Command PUSH created successfully.
2025-02-27 00:59:48 [mainclass.Main.main()] INFO : Creating command: SQRT
2025-02-27 00:59:48 [mainclass.Main.main()] INFO : Sqrt executed: sqrt(10.0) = 3.1622776601683795
2025-02-27 00:59:48 [mainclass.Main.main()] INFO : Command SQRT created successfully.
2025-02-27 00:59:48 [mainclass.Main.main()] INFO : Creating command: PRINT
2025-02-27 00:59:48 [mainclass.Main.main()] INFO : PRINT executed: Printed value 3.1622776601683795
2025-02-27 00:59:48 [mainclass.Main.main()] INFO : Command PRINT created successfully.
2025-02-28 00:13:45 [main] INFO : Subtract executed: 5.0 - 2.0 = 3.0
2025-02-28 00:13:45 [main] ERROR: Subtract operation failed: Not enough elements in stack.
2025-02-28 00:13:45 [main] ERROR: Define failed. Invalid value for variable
2025-02-28 00:13:45 [main] INFO : Defined: x = 5.0
2025-02-28 00:13:45 [main] INFO : Sqrt executed: sqrt(16.0) = 4.0
2025-02-28 00:13:45 [main] INFO : Sqrt executed: sqrt(5.0) = 2.23606797749979
2025-02-28 00:13:45 [main] ERROR: Push failed: no parameters
2025-02-28 00:13:45 [main] INFO : Pushed variable: x with value 5.0
2025-02-28 00:13:45 [main] INFO : Divide executed: 6.0 / 2.0 = 3.0
2025-02-28 00:13:45 [main] ERROR: Divide operation failed: Not enough elements in stack.
2025-02-28 00:13:45 [main] ERROR: Add operation failed: Not enough elements in stack.
2025-02-28 00:13:45 [main] INFO : ADD executed: 5.0 + 2.0 = 7.0
2025-02-28 00:13:45 [main] ERROR: Multiply operation failed: Not enough elements in stack.
2025-02-28 00:13:45 [main] INFO : Multiply executed: 5.0 * 5.0 = 25.0
2025-02-28 00:13:45 [main] INFO : Popped: 5.0
2025-02-28 00:13:45 [main] ERROR: Pop failed. Pop command requires at least one value in the stack.
2025-02-28 00:15:56 [main] INFO : Subtract executed: 5.0 - 2.0 = 3.0
2025-02-28 00:15:56 [main] ERROR: Subtract operation failed: Not enough elements in stack.
2025-02-28 00:15:56 [main] ERROR: Define failed. Invalid value for variable
2025-02-28 00:15:56 [main] INFO : Defined: x = 5.0
2025-02-28 00:15:56 [main] INFO : Sqrt executed: sqrt(16.0) = 4.0
2025-02-28 00:15:56 [main] ERROR: Push failed: no parameters
2025-02-28 00:15:56 [main] INFO : Pushed variable: x with value 5.0
2025-02-28 00:15:56 [main] INFO : Divide executed: 6.0 / 2.0 = 3.0
2025-02-28 00:15:56 [main] ERROR: Divide operation failed: Not enough elements in stack.
2025-02-28 00:15:56 [main] ERROR: Add operation failed: Not enough elements in stack.
2025-02-28 00:15:56 [main] INFO : ADD executed: 5.0 + 2.0 = 7.0
2025-02-28 00:15:56 [main] ERROR: Multiply operation failed: Not enough elements in stack.
2025-02-28 00:15:56 [main] INFO : Multiply executed: 5.0 * 5.0 = 25.0
2025-02-28 00:15:56 [main] INFO : Popped: 5.0
2025-02-28 00:15:56 [main] ERROR: Pop failed. Pop command requires at least one value in the stack.
2025-02-28 00:17:50 [main] INFO : Subtract executed: 5.0 - 2.0 = 3.0
2025-02-28 00:17:50 [main] ERROR: Subtract operation failed: Not enough elements in stack.
2025-02-28 00:17:50 [main] ERROR: Define failed. Invalid value for variable
2025-02-28 00:17:50 [main] INFO : Defined: x = 5.0
2025-02-28 00:17:50 [main] INFO : Sqrt executed: sqrt(16.0) = 4.0
2025-02-28 00:17:50 [main] ERROR: Push failed: no parameters
2025-02-28 00:17:50 [main] INFO : Pushed variable: x with value 5.0
2025-02-28 00:17:50 [main] INFO : Divide executed: 6.0 / 2.0 = 3.0
2025-02-28 00:17:50 [main] ERROR: Divide operation failed: Not enough elements in stack.
2025-02-28 00:17:50 [main] ERROR: Add operation failed: Not enough elements in stack.
2025-02-28 00:17:50 [main] INFO : ADD executed: 5.0 + 2.0 = 7.0
2025-02-28 00:17:50 [main] ERROR: Multiply operation failed: Not enough elements in stack.
2025-02-28 00:17:50 [main] INFO : Multiply executed: 5.0 * 5.0 = 25.0
2025-02-28 00:17:50 [main] INFO : Popped: 5.0
2025-02-28 00:17:50 [main] ERROR: Pop failed. Pop command requires at least one value in the stack.
2025-02-28 00:23:53 [main] INFO : Subtract executed: 5.0 - 2.0 = 3.0
2025-02-28 00:23:53 [main] ERROR: Subtract operation failed: Not enough elements in stack.
2025-02-28 00:23:53 [main] ERROR: Define failed. Invalid value for variable
2025-02-28 00:23:53 [main] INFO : Defined: x = 5.0
2025-02-28 00:23:53 [main] INFO : Sqrt executed: sqrt(16.0) = 4.0
2025-02-28 00:23:53 [main] ERROR: Push failed: no parameters
2025-02-28 00:23:53 [main] INFO : Pushed variable: x with value 5.0
2025-02-28 00:23:53 [main] INFO : Divide executed: 6.0 / 2.0 = 3.0
2025-02-28 00:23:53 [main] ERROR: Divide operation failed: Not enough elements in stack.
2025-02-28 00:23:53 [main] ERROR: Add operation failed: Not enough elements in stack.
2025-02-28 00:23:53 [main] INFO : ADD executed: 5.0 + 2.0 = 7.0
2025-02-28 00:23:53 [main] ERROR: Multiply operation failed: Not enough elements in stack.
2025-02-28 00:23:53 [main] INFO : Multiply executed: 5.0 * 5.0 = 25.0
2025-02-28 00:23:53 [main] INFO : Popped: 5.0
2025-02-28 00:23:53 [main] ERROR: Pop failed. Pop command requires at least one value in the stack.
2025-02-28 00:23:53 [main] INFO : Creating command: PUSH
2025-02-28 00:23:54 [main] INFO : Command PUSH created successfully.
2025-02-28 00:23:54 [main] INFO : Creating command: POP
2025-02-28 00:23:54 [main] INFO : Popped: 10.0
2025-02-28 00:23:54 [main] INFO : Command POP created successfully.
2025-02-28 00:23:54 [main] INFO : Creating command: ADD
2025-02-28 00:23:54 [main] ERROR: Add operation failed: Not enough elements in stack.
2025-02-28 00:23:54 [main] ERROR: Error creating command: ADD
java.lang.IllegalArgumentException: Add command requires at least two values in the stack.
	at commands.Add.execute(Add.java:17) ~[classes/:?]
	at factory.CommandFactory.createCommand(CommandFactory.java:78) ~[classes/:?]
	at factory.FactoryTest.lambda$testFactoryCreatesAlls$2(TestFactory.java:43) ~[test-classes/:?]
	at org.junit.jupiter.api.AssertDoesNotThrow.assertDoesNotThrow(AssertDoesNotThrow.java:50) ~[junit-jupiter-api-5.7.0.jar:5.7.0]
	at org.junit.jupiter.api.AssertDoesNotThrow.assertDoesNotThrow(AssertDoesNotThrow.java:37) ~[junit-jupiter-api-5.7.0.jar:5.7.0]
	at org.junit.jupiter.api.Assertions.assertDoesNotThrow(Assertions.java:3060) ~[junit-jupiter-api-5.7.0.jar:5.7.0]
	at factory.FactoryTest.testFactoryCreatesAlls(TestFactory.java:42) ~[test-classes/:?]
	at jdk.internal.reflect.DirectMethodHandleAccessor.invoke(DirectMethodHandleAccessor.java:103) ~[?:?]
	at java.lang.reflect.Method.invoke(Method.java:580) ~[?:?]
	at org.junit.platform.commons.util.ReflectionUtils.invokeMethod(ReflectionUtils.java:688) ~[junit-platform-commons-1.7.0.jar:1.7.0]
	at org.junit.jupiter.engine.execution.MethodInvocation.proceed(MethodInvocation.java:60) ~[junit-jupiter-engine-5.7.0.jar:5.7.0]
	at org.junit.jupiter.engine.execution.InvocationInterceptorChain$ValidatingInvocation.proceed(InvocationInterceptorChain.java:131) ~[junit-jupiter-engine-5.7.0.jar:5.7.0]
	at org.junit.jupiter.engine.extension.TimeoutExtension.intercept(TimeoutExtension.java:149) ~[junit-jupiter-engine-5.7.0.jar:5.7.0]
	at org.junit.jupiter.engine.extension.TimeoutExtension.interceptTestableMethod(TimeoutExtension.java:140) ~[junit-jupiter-engine-5.7.0.jar:5.7.0]
	at org.junit.jupiter.engine.extension.TimeoutExtension.interceptTestMethod(TimeoutExtension.java:84) ~[junit-jupiter-engine-5.7.0.jar:5.7.0]
	at org.junit.jupiter.engine.execution.ExecutableInvoker$ReflectiveInterceptorCall.lambda$ofVoidMethod$0(ExecutableInvoker.java:115) ~[junit-jupiter-engine-5.7.0.jar:5.7.0]
	at org.junit.jupiter.engine.execution.ExecutableInvoker.lambda$invoke$0(ExecutableInvoker.java:105) ~[junit-jupiter-engine-5.7.0.jar:5.7.0]
	at org.junit.jupiter.engine.execution.InvocationInterceptorChain$InterceptedInvocation.proceed(InvocationInterceptorChain.java:106) ~[junit-jupiter-engine-5.7.0.jar:5.7.0]
	at org.junit.jupiter.engine.execution.InvocationInterceptorChain.proceed(InvocationInterceptorChain.java:64) ~[junit-jupiter-engine-5.7.0.jar:5.7.0]
	at org.junit.jupiter.engine.execution.InvocationInterceptorChain.chainAndInvoke(InvocationInterceptorChain.java:45) ~[junit-jupiter-engine-5.7.0.jar:5.7.0]
	at org.junit.jupiter.engine.execution.InvocationInterceptorChain.invoke(InvocationInterceptorChain.java:37) ~[junit-jupiter-engine-5.7.0.jar:5.7.0]
	at org.junit.jupiter.engine.execution.ExecutableInvoker.invoke(ExecutableInvoker.java:104) ~[junit-jupiter-engine-5.7.0.jar:5.7.0]
	at org.junit.jupiter.engine.execution.ExecutableInvoker.invoke(ExecutableInvoker.java:98) ~[junit-jupiter-engine-5.7.0.jar:5.7.0]
	at org.junit.jupiter.engine.descriptor.TestMethodTestDescriptor.lambda$invokeTestMethod$6(TestMethodTestDescriptor.java:210) ~[junit-jupiter-engine-5.7.0.jar:5.7.0]
	at org.junit.platform.engine.support.hierarchical.ThrowableCollector.execute(ThrowableCollector.java:73) ~[junit-platform-engine-1.7.0.jar:1.7.0]
	at org.junit.jupiter.engine.descriptor.TestMethodTestDescriptor.invokeTestMethod(TestMethodTestDescriptor.java:206) ~[junit-jupiter-engine-5.7.0.jar:5.7.0]
	at org.junit.jupiter.engine.descriptor.TestMethodTestDescriptor.execute(TestMethodTestDescriptor.java:131) ~[junit-jupiter-engine-5.7.0.jar:5.7.0]
	at org.junit.jupiter.engine.descriptor.TestMethodTestDescriptor.execute(TestMethodTestDescriptor.java:65) ~[junit-jupiter-engine-5.7.0.jar:5.7.0]
	at org.junit.platform.engine.support.hierarchical.NodeTestTask.lambda$executeRecursively$5(NodeTestTask.java:139) ~[junit-platform-engine-1.7.0.jar:1.7.0]
	at org.junit.platform.engine.support.hierarchical.ThrowableCollector.execute(ThrowableCollector.java:73) ~[junit-platform-engine-1.7.0.jar:1.7.0]
	at org.junit.platform.engine.support.hierarchical.NodeTestTask.lambda$executeRecursively$7(NodeTestTask.java:129) ~[junit-platform-engine-1.7.0.jar:1.7.0]
	at org.junit.platform.engine.support.hierarchical.Node.around(Node.java:137) ~[junit-platform-engine-1.7.0.jar:1.7.0]
	at org.junit.platform.engine.support.hierarchical.NodeTestTask.lambda$executeRecursively$8(NodeTestTask.java:127) ~[junit-platform-engine-1.7.0.jar:1.7.0]
	at org.junit.platform.engine.support.hierarchical.ThrowableCollector.execute(ThrowableCollector.java:73) ~[junit-platform-engine-1.7.0.jar:1.7.0]
	at org.junit.platform.engine.support.hierarchical.NodeTestTask.executeRecursively(NodeTestTask.java:126) ~[junit-platform-engine-1.7.0.jar:1.7.0]
	at org.junit.platform.engine.support.hierarchical.NodeTestTask.execute(NodeTestTask.java:84) ~[junit-platform-engine-1.7.0.jar:1.7.0]
	at java.util.ArrayList.forEach(ArrayList.java:1596) ~[?:?]
	at org.junit.platform.engine.support.hierarchical.SameThreadHierarchicalTestExecutorService.invokeAll(SameThreadHierarchicalTestExecutorService.java:38) ~[junit-platform-engine-1.7.0.jar:1.7.0]
	at org.junit.platform.engine.support.hierarchical.NodeTestTask.lambda$executeRecursively$5(NodeTestTask.java:143) ~[junit-platform-engine-1.7.0.jar:1.7.0]
	at org.junit.platform.engine.support.hierarchical.ThrowableCollector.execute(ThrowableCollector.java:73) ~[junit-platform-engine-1.7.0.jar:1.7.0]
	at org.junit.platform.engine.support.hierarchical.NodeTestTask.lambda$executeRecursively$7(NodeTestTask.java:129) ~[junit-platform-engine-1.7.0.jar:1.7.0]
	at org.junit.platform.engine.support.hierarchical.Node.around(Node.java:137) ~[junit-platform-engine-1.7.0.jar:1.7.0]
	at org.junit.platform.engine.support.hierarchical.NodeTestTask.lambda$executeRecursively$8(NodeTestTask.java:127) ~[junit-platform-engine-1.7.0.jar:1.7.0]
	at org.junit.platform.engine.support.hierarchical.ThrowableCollector.execute(ThrowableCollector.java:73) ~[junit-platform-engine-1.7.0.jar:1.7.0]
	at org.junit.platform.engine.support.hierarchical.NodeTestTask.executeRecursively(NodeTestTask.java:126) ~[junit-platform-engine-1.7.0.jar:1.7.0]
	at org.junit.platform.engine.support.hierarchical.NodeTestTask.execute(NodeTestTask.java:84) ~[junit-platform-engine-1.7.0.jar:1.7.0]
	at java.util.ArrayList.forEach(ArrayList.java:1596) ~[?:?]
	at org.junit.platform.engine.support.hierarchical.SameThreadHierarchicalTestExecutorService.invokeAll(SameThreadHierarchicalTestExecutorService.java:38) ~[junit-platform-engine-1.7.0.jar:1.7.0]
	at org.junit.platform.engine.support.hierarchical.NodeTestTask.lambda$executeRecursively$5(NodeTestTask.java:143) ~[junit-platform-engine-1.7.0.jar:1.7.0]
	at org.junit.platform.engine.support.hierarchical.ThrowableCollector.execute(ThrowableCollector.java:73) ~[junit-platform-engine-1.7.0.jar:1.7.0]
	at org.junit.platform.engine.support.hierarchical.NodeTestTask.lambda$executeRecursively$7(NodeTestTask.java:129) ~[junit-platform-engine-1.7.0.jar:1.7.0]
	at org.junit.platform.engine.support.hierarchical.Node.around(Node.java:137) ~[junit-platform-engine-1.7.0.jar:1.7.0]
	at org.junit.platform.engine.support.hierarchical.NodeTestTask.lambda$executeRecursively$8(NodeTestTask.java:127) ~[junit-platform-engine-1.7.0.jar:1.7.0]
	at org.junit.platform.engine.support.hierarchical.ThrowableCollector.execute(ThrowableCollector.java:73) ~[junit-platform-engine-1.7.0.jar:1.7.0]
	at org.junit.platform.engine.support.hierarchical.NodeTestTask.executeRecursively(NodeTestTask.java:126) ~[junit-platform-engine-1.7.0.jar:1.7.0]
	at org.junit.platform.engine.support.hierarchical.NodeTestTask.execute(NodeTestTask.java:84) ~[junit-platform-engine-1.7.0.jar:1.7.0]
	at org.junit.platform.engine.support.hierarchical.SameThreadHierarchicalTestExecutorService.submit(SameThreadHierarchicalTestExecutorService.java:32) ~[junit-platform-engine-1.7.0.jar:1.7.0]
	at org.junit.platform.engine.support.hierarchical.HierarchicalTestExecutor.execute(HierarchicalTestExecutor.java:57) ~[junit-platform-engine-1.7.0.jar:1.7.0]
	at org.junit.platform.engine.support.hierarchical.HierarchicalTestEngine.execute(HierarchicalTestEngine.java:51) ~[junit-platform-engine-1.7.0.jar:1.7.0]
	at org.junit.platform.launcher.core.EngineExecutionOrchestrator.execute(EngineExecutionOrchestrator.java:108) ~[junit-platform-launcher-1.7.0.jar:1.7.0]
	at org.junit.platform.launcher.core.EngineExecutionOrchestrator.execute(EngineExecutionOrchestrator.java:88) ~[junit-platform-launcher-1.7.0.jar:1.7.0]
	at org.junit.platform.launcher.core.EngineExecutionOrchestrator.lambda$execute$0(EngineExecutionOrchestrator.java:54) ~[junit-platform-launcher-1.7.0.jar:1.7.0]
	at org.junit.platform.launcher.core.EngineExecutionOrchestrator.withInterceptedStreams(EngineExecutionOrchestrator.java:67) [junit-platform-launcher-1.7.0.jar:1.7.0]
	at org.junit.platform.launcher.core.EngineExecutionOrchestrator.execute(EngineExecutionOrchestrator.java:52) [junit-platform-launcher-1.7.0.jar:1.7.0]
	at org.junit.platform.launcher.core.DefaultLauncher.execute(DefaultLauncher.java:96) [junit-platform-launcher-1.7.0.jar:1.7.0]
	at org.junit.platform.launcher.core.DefaultLauncher.execute(DefaultLauncher.java:75) [junit-platform-launcher-1.7.0.jar:1.7.0]
	at org.apache.maven.surefire.junitplatform.JUnitPlatformProvider.execute(JUnitPlatformProvider.java:188) [surefire-junit-platform-3.0.0-M5.jar:3.0.0-M5]
	at org.apache.maven.surefire.junitplatform.JUnitPlatformProvider.invokeAllTests(JUnitPlatformProvider.java:154) [surefire-junit-platform-3.0.0-M5.jar:3.0.0-M5]
	at org.apache.maven.surefire.junitplatform.JUnitPlatformProvider.invoke(JUnitPlatformProvider.java:128) [surefire-junit-platform-3.0.0-M5.jar:3.0.0-M5]
	at org.apache.maven.surefire.booter.ForkedBooter.runSuitesInProcess(ForkedBooter.java:428) [surefire-booter-3.0.0-M5.jar:3.0.0-M5]
	at org.apache.maven.surefire.booter.ForkedBooter.execute(ForkedBooter.java:162) [surefire-booter-3.0.0-M5.jar:3.0.0-M5]
	at org.apache.maven.surefire.booter.ForkedBooter.run(ForkedBooter.java:562) [surefire-booter-3.0.0-M5.jar:3.0.0-M5]
	at org.apache.maven.surefire.booter.ForkedBooter.main(ForkedBooter.java:548) [surefire-booter-3.0.0-M5.jar:3.0.0-M5]
2025-02-28 00:27:06 [mainclass.Main.main()] INFO : Looking for file: /home/shh1vachan/IdeaProjects/Task_2/input.txt
2025-02-28 00:27:06 [mainclass.Main.main()] INFO : Creating command: PUSH
2025-02-28 00:27:06 [mainclass.Main.main()] INFO : Command PUSH created successfully.
2025-02-28 00:27:06 [mainclass.Main.main()] INFO : Creating command: PUSH
2025-02-28 00:27:06 [mainclass.Main.main()] INFO : Command PUSH created successfully.
2025-02-28 00:27:06 [mainclass.Main.main()] INFO : Creating command: ADD
2025-02-28 00:27:06 [mainclass.Main.main()] INFO : ADD executed: 4.0 + 2.0 = 6.0
2025-02-28 00:27:06 [mainclass.Main.main()] INFO : Command ADD created successfully.
2025-02-28 00:27:06 [mainclass.Main.main()] INFO : Creating command: PRINT
2025-02-28 00:27:06 [mainclass.Main.main()] INFO : PRINT executed: Printed value 6.0
2025-02-28 00:27:06 [mainclass.Main.main()] INFO : Command PRINT created successfully.
2025-02-28 00:27:06 [mainclass.Main.main()] INFO : Creating command: PUSH
2025-02-28 00:27:06 [mainclass.Main.main()] INFO : Command PUSH created successfully.
2025-02-28 00:27:06 [mainclass.Main.main()] INFO : Creating command: PUSH
2025-02-28 00:27:06 [mainclass.Main.main()] INFO : Command PUSH created successfully.
2025-02-28 00:27:06 [mainclass.Main.main()] INFO : Creating command: DIVIDE
2025-02-28 00:27:06 [mainclass.Main.main()] INFO : Divide executed: 8.0 / 2.0 = 4.0
2025-02-28 00:27:06 [mainclass.Main.main()] INFO : Command DIVIDE created successfully.
2025-02-28 00:27:06 [mainclass.Main.main()] INFO : Creating command: PRINT
2025-02-28 00:27:06 [mainclass.Main.main()] INFO : PRINT executed: Printed value 4.0
2025-02-28 00:27:06 [mainclass.Main.main()] INFO : Command PRINT created successfully.
2025-02-28 00:27:06 [mainclass.Main.main()] INFO : Creating command: DEFINE
2025-02-28 00:27:06 [mainclass.Main.main()] INFO : Defined: a = 10.0
2025-02-28 00:27:06 [mainclass.Main.main()] INFO : Command DEFINE created successfully.
2025-02-28 00:27:06 [mainclass.Main.main()] INFO : Creating command: PUSH
2025-02-28 00:27:06 [mainclass.Main.main()] INFO : Pushed variable: a with value 10.0
2025-02-28 00:27:06 [mainclass.Main.main()] INFO : Command PUSH created successfully.
2025-02-28 00:27:06 [mainclass.Main.main()] INFO : Creating command: SQRT
2025-02-28 00:27:06 [mainclass.Main.main()] INFO : Sqrt executed: sqrt(10.0) = 3.1622776601683795
2025-02-28 00:27:06 [mainclass.Main.main()] INFO : Command SQRT created successfully.
2025-02-28 00:27:06 [mainclass.Main.main()] INFO : Creating command: PRINT
2025-02-28 00:27:06 [mainclass.Main.main()] INFO : PRINT executed: Printed value 3.1622776601683795
2025-02-28 00:27:06 [mainclass.Main.main()] INFO : Command PRINT created successfully.
2025-02-28 00:27:45 [main] INFO : Subtract executed: 5.0 - 2.0 = 3.0
2025-02-28 00:27:45 [main] ERROR: Subtract operation failed: Not enough elements in stack.
2025-02-28 00:27:45 [main] ERROR: Define failed. Invalid value for variable
2025-02-28 00:27:45 [main] INFO : Defined: x = 5.0
2025-02-28 00:27:45 [main] INFO : Sqrt executed: sqrt(16.0) = 4.0
2025-02-28 00:27:45 [main] ERROR: Push failed: no parameters
2025-02-28 00:27:45 [main] INFO : Pushed variable: x with value 5.0
2025-02-28 00:27:45 [main] INFO : Divide executed: 6.0 / 2.0 = 3.0
2025-02-28 00:27:45 [main] ERROR: Divide operation failed: Not enough elements in stack.
2025-02-28 00:27:45 [main] ERROR: Add operation failed: Not enough elements in stack.
2025-02-28 00:27:45 [main] INFO : ADD executed: 5.0 + 2.0 = 7.0
2025-02-28 00:27:45 [main] ERROR: Multiply operation failed: Not enough elements in stack.
2025-02-28 00:27:45 [main] INFO : Multiply executed: 5.0 * 5.0 = 25.0
2025-02-28 00:27:45 [main] INFO : Popped: 5.0
2025-02-28 00:27:45 [main] ERROR: Pop failed. Pop command requires at least one value in the stack.
2025-02-28 00:27:46 [main] INFO : Creating command: PUSH
2025-02-28 00:27:46 [main] INFO : Command PUSH created successfully.
2025-02-28 00:27:46 [main] INFO : Creating command: POP
2025-02-28 00:27:46 [main] INFO : Popped: 10.0
2025-02-28 00:27:46 [main] INFO : Command POP created successfully.
2025-02-28 00:27:46 [main] INFO : Creating command: ADD
2025-02-28 00:27:46 [main] ERROR: Add operation failed: Not enough elements in stack.
2025-02-28 00:27:46 [main] ERROR: Error creating command: ADD
java.lang.IllegalArgumentException: Add command requires at least two values in the stack.
	at commands.Add.execute(Add.java:17) ~[classes/:?]
	at factory.CommandFactory.createCommand(CommandFactory.java:78) ~[classes/:?]
	at factory.FactoryTest.lambda$testFactoryCreatesAlls$2(TestFactory.java:43) ~[test-classes/:?]
	at org.junit.jupiter.api.AssertDoesNotThrow.assertDoesNotThrow(AssertDoesNotThrow.java:50) ~[junit-jupiter-api-5.7.0.jar:5.7.0]
	at org.junit.jupiter.api.AssertDoesNotThrow.assertDoesNotThrow(AssertDoesNotThrow.java:37) ~[junit-jupiter-api-5.7.0.jar:5.7.0]
	at org.junit.jupiter.api.Assertions.assertDoesNotThrow(Assertions.java:3060) ~[junit-jupiter-api-5.7.0.jar:5.7.0]
	at factory.FactoryTest.testFactoryCreatesAlls(TestFactory.java:42) ~[test-classes/:?]
	at jdk.internal.reflect.DirectMethodHandleAccessor.invoke(DirectMethodHandleAccessor.java:103) ~[?:?]
	at java.lang.reflect.Method.invoke(Method.java:580) ~[?:?]
	at org.junit.platform.commons.util.ReflectionUtils.invokeMethod(ReflectionUtils.java:688) ~[junit-platform-commons-1.7.0.jar:1.7.0]
	at org.junit.jupiter.engine.execution.MethodInvocation.proceed(MethodInvocation.java:60) ~[junit-jupiter-engine-5.7.0.jar:5.7.0]
	at org.junit.jupiter.engine.execution.InvocationInterceptorChain$ValidatingInvocation.proceed(InvocationInterceptorChain.java:131) ~[junit-jupiter-engine-5.7.0.jar:5.7.0]
	at org.junit.jupiter.engine.extension.TimeoutExtension.intercept(TimeoutExtension.java:149) ~[junit-jupiter-engine-5.7.0.jar:5.7.0]
	at org.junit.jupiter.engine.extension.TimeoutExtension.interceptTestableMethod(TimeoutExtension.java:140) ~[junit-jupiter-engine-5.7.0.jar:5.7.0]
	at org.junit.jupiter.engine.extension.TimeoutExtension.interceptTestMethod(TimeoutExtension.java:84) ~[junit-jupiter-engine-5.7.0.jar:5.7.0]
	at org.junit.jupiter.engine.execution.ExecutableInvoker$ReflectiveInterceptorCall.lambda$ofVoidMethod$0(ExecutableInvoker.java:115) ~[junit-jupiter-engine-5.7.0.jar:5.7.0]
	at org.junit.jupiter.engine.execution.ExecutableInvoker.lambda$invoke$0(ExecutableInvoker.java:105) ~[junit-jupiter-engine-5.7.0.jar:5.7.0]
	at org.junit.jupiter.engine.execution.InvocationInterceptorChain$InterceptedInvocation.proceed(InvocationInterceptorChain.java:106) ~[junit-jupiter-engine-5.7.0.jar:5.7.0]
	at org.junit.jupiter.engine.execution.InvocationInterceptorChain.proceed(InvocationInterceptorChain.java:64) ~[junit-jupiter-engine-5.7.0.jar:5.7.0]
	at org.junit.jupiter.engine.execution.InvocationInterceptorChain.chainAndInvoke(InvocationInterceptorChain.java:45) ~[junit-jupiter-engine-5.7.0.jar:5.7.0]
	at org.junit.jupiter.engine.execution.InvocationInterceptorChain.invoke(InvocationInterceptorChain.java:37) ~[junit-jupiter-engine-5.7.0.jar:5.7.0]
	at org.junit.jupiter.engine.execution.ExecutableInvoker.invoke(ExecutableInvoker.java:104) ~[junit-jupiter-engine-5.7.0.jar:5.7.0]
	at org.junit.jupiter.engine.execution.ExecutableInvoker.invoke(ExecutableInvoker.java:98) ~[junit-jupiter-engine-5.7.0.jar:5.7.0]
	at org.junit.jupiter.engine.descriptor.TestMethodTestDescriptor.lambda$invokeTestMethod$6(TestMethodTestDescriptor.java:210) ~[junit-jupiter-engine-5.7.0.jar:5.7.0]
	at org.junit.platform.engine.support.hierarchical.ThrowableCollector.execute(ThrowableCollector.java:73) ~[junit-platform-engine-1.7.0.jar:1.7.0]
	at org.junit.jupiter.engine.descriptor.TestMethodTestDescriptor.invokeTestMethod(TestMethodTestDescriptor.java:206) ~[junit-jupiter-engine-5.7.0.jar:5.7.0]
	at org.junit.jupiter.engine.descriptor.TestMethodTestDescriptor.execute(TestMethodTestDescriptor.java:131) ~[junit-jupiter-engine-5.7.0.jar:5.7.0]
	at org.junit.jupiter.engine.descriptor.TestMethodTestDescriptor.execute(TestMethodTestDescriptor.java:65) ~[junit-jupiter-engine-5.7.0.jar:5.7.0]
	at org.junit.platform.engine.support.hierarchical.NodeTestTask.lambda$executeRecursively$5(NodeTestTask.java:139) ~[junit-platform-engine-1.7.0.jar:1.7.0]
	at org.junit.platform.engine.support.hierarchical.ThrowableCollector.execute(ThrowableCollector.java:73) ~[junit-platform-engine-1.7.0.jar:1.7.0]
	at org.junit.platform.engine.support.hierarchical.NodeTestTask.lambda$executeRecursively$7(NodeTestTask.java:129) ~[junit-platform-engine-1.7.0.jar:1.7.0]
	at org.junit.platform.engine.support.hierarchical.Node.around(Node.java:137) ~[junit-platform-engine-1.7.0.jar:1.7.0]
	at org.junit.platform.engine.support.hierarchical.NodeTestTask.lambda$executeRecursively$8(NodeTestTask.java:127) ~[junit-platform-engine-1.7.0.jar:1.7.0]
	at org.junit.platform.engine.support.hierarchical.ThrowableCollector.execute(ThrowableCollector.java:73) ~[junit-platform-engine-1.7.0.jar:1.7.0]
	at org.junit.platform.engine.support.hierarchical.NodeTestTask.executeRecursively(NodeTestTask.java:126) ~[junit-platform-engine-1.7.0.jar:1.7.0]
	at org.junit.platform.engine.support.hierarchical.NodeTestTask.execute(NodeTestTask.java:84) ~[junit-platform-engine-1.7.0.jar:1.7.0]
	at java.util.ArrayList.forEach(ArrayList.java:1596) ~[?:?]
	at org.junit.platform.engine.support.hierarchical.SameThreadHierarchicalTestExecutorService.invokeAll(SameThreadHierarchicalTestExecutorService.java:38) ~[junit-platform-engine-1.7.0.jar:1.7.0]
	at org.junit.platform.engine.support.hierarchical.NodeTestTask.lambda$executeRecursively$5(NodeTestTask.java:143) ~[junit-platform-engine-1.7.0.jar:1.7.0]
	at org.junit.platform.engine.support.hierarchical.ThrowableCollector.execute(ThrowableCollector.java:73) ~[junit-platform-engine-1.7.0.jar:1.7.0]
	at org.junit.platform.engine.support.hierarchical.NodeTestTask.lambda$executeRecursively$7(NodeTestTask.java:129) ~[junit-platform-engine-1.7.0.jar:1.7.0]
	at org.junit.platform.engine.support.hierarchical.Node.around(Node.java:137) ~[junit-platform-engine-1.7.0.jar:1.7.0]
	at org.junit.platform.engine.support.hierarchical.NodeTestTask.lambda$executeRecursively$8(NodeTestTask.java:127) ~[junit-platform-engine-1.7.0.jar:1.7.0]
	at org.junit.platform.engine.support.hierarchical.ThrowableCollector.execute(ThrowableCollector.java:73) ~[junit-platform-engine-1.7.0.jar:1.7.0]
	at org.junit.platform.engine.support.hierarchical.NodeTestTask.executeRecursively(NodeTestTask.java:126) ~[junit-platform-engine-1.7.0.jar:1.7.0]
	at org.junit.platform.engine.support.hierarchical.NodeTestTask.execute(NodeTestTask.java:84) ~[junit-platform-engine-1.7.0.jar:1.7.0]
	at java.util.ArrayList.forEach(ArrayList.java:1596) ~[?:?]
	at org.junit.platform.engine.support.hierarchical.SameThreadHierarchicalTestExecutorService.invokeAll(SameThreadHierarchicalTestExecutorService.java:38) ~[junit-platform-engine-1.7.0.jar:1.7.0]
	at org.junit.platform.engine.support.hierarchical.NodeTestTask.lambda$executeRecursively$5(NodeTestTask.java:143) ~[junit-platform-engine-1.7.0.jar:1.7.0]
	at org.junit.platform.engine.support.hierarchical.ThrowableCollector.execute(ThrowableCollector.java:73) ~[junit-platform-engine-1.7.0.jar:1.7.0]
	at org.junit.platform.engine.support.hierarchical.NodeTestTask.lambda$executeRecursively$7(NodeTestTask.java:129) ~[junit-platform-engine-1.7.0.jar:1.7.0]
	at org.junit.platform.engine.support.hierarchical.Node.around(Node.java:137) ~[junit-platform-engine-1.7.0.jar:1.7.0]
	at org.junit.platform.engine.support.hierarchical.NodeTestTask.lambda$executeRecursively$8(NodeTestTask.java:127) ~[junit-platform-engine-1.7.0.jar:1.7.0]
	at org.junit.platform.engine.support.hierarchical.ThrowableCollector.execute(ThrowableCollector.java:73) ~[junit-platform-engine-1.7.0.jar:1.7.0]
	at org.junit.platform.engine.support.hierarchical.NodeTestTask.executeRecursively(NodeTestTask.java:126) ~[junit-platform-engine-1.7.0.jar:1.7.0]
	at org.junit.platform.engine.support.hierarchical.NodeTestTask.execute(NodeTestTask.java:84) ~[junit-platform-engine-1.7.0.jar:1.7.0]
	at org.junit.platform.engine.support.hierarchical.SameThreadHierarchicalTestExecutorService.submit(SameThreadHierarchicalTestExecutorService.java:32) ~[junit-platform-engine-1.7.0.jar:1.7.0]
	at org.junit.platform.engine.support.hierarchical.HierarchicalTestExecutor.execute(HierarchicalTestExecutor.java:57) ~[junit-platform-engine-1.7.0.jar:1.7.0]
	at org.junit.platform.engine.support.hierarchical.HierarchicalTestEngine.execute(HierarchicalTestEngine.java:51) ~[junit-platform-engine-1.7.0.jar:1.7.0]
	at org.junit.platform.launcher.core.EngineExecutionOrchestrator.execute(EngineExecutionOrchestrator.java:108) ~[junit-platform-launcher-1.7.0.jar:1.7.0]
	at org.junit.platform.launcher.core.EngineExecutionOrchestrator.execute(EngineExecutionOrchestrator.java:88) ~[junit-platform-launcher-1.7.0.jar:1.7.0]
	at org.junit.platform.launcher.core.EngineExecutionOrchestrator.lambda$execute$0(EngineExecutionOrchestrator.java:54) ~[junit-platform-launcher-1.7.0.jar:1.7.0]
	at org.junit.platform.launcher.core.EngineExecutionOrchestrator.withInterceptedStreams(EngineExecutionOrchestrator.java:67) [junit-platform-launcher-1.7.0.jar:1.7.0]
	at org.junit.platform.launcher.core.EngineExecutionOrchestrator.execute(EngineExecutionOrchestrator.java:52) [junit-platform-launcher-1.7.0.jar:1.7.0]
	at org.junit.platform.launcher.core.DefaultLauncher.execute(DefaultLauncher.java:96) [junit-platform-launcher-1.7.0.jar:1.7.0]
	at org.junit.platform.launcher.core.DefaultLauncher.execute(DefaultLauncher.java:75) [junit-platform-launcher-1.7.0.jar:1.7.0]
	at org.apache.maven.surefire.junitplatform.JUnitPlatformProvider.execute(JUnitPlatformProvider.java:188) [surefire-junit-platform-3.0.0-M5.jar:3.0.0-M5]
	at org.apache.maven.surefire.junitplatform.JUnitPlatformProvider.invokeAllTests(JUnitPlatformProvider.java:154) [surefire-junit-platform-3.0.0-M5.jar:3.0.0-M5]
	at org.apache.maven.surefire.junitplatform.JUnitPlatformProvider.invoke(JUnitPlatformProvider.java:128) [surefire-junit-platform-3.0.0-M5.jar:3.0.0-M5]
	at org.apache.maven.surefire.booter.ForkedBooter.runSuitesInProcess(ForkedBooter.java:428) [surefire-booter-3.0.0-M5.jar:3.0.0-M5]
	at org.apache.maven.surefire.booter.ForkedBooter.execute(ForkedBooter.java:162) [surefire-booter-3.0.0-M5.jar:3.0.0-M5]
	at org.apache.maven.surefire.booter.ForkedBooter.run(ForkedBooter.java:562) [surefire-booter-3.0.0-M5.jar:3.0.0-M5]
	at org.apache.maven.surefire.booter.ForkedBooter.main(ForkedBooter.java:548) [surefire-booter-3.0.0-M5.jar:3.0.0-M5]
2025-02-28 00:29:17 [main] INFO : Subtract executed: 5.0 - 2.0 = 3.0
2025-02-28 00:29:17 [main] ERROR: Subtract operation failed: Not enough elements in stack.
2025-02-28 00:29:17 [main] ERROR: Define failed. Invalid value for variable
2025-02-28 00:29:17 [main] INFO : Defined: x = 5.0
2025-02-28 00:29:17 [main] INFO : Sqrt executed: sqrt(16.0) = 4.0
2025-02-28 00:29:17 [main] ERROR: Push failed: no parameters
2025-02-28 00:29:17 [main] INFO : Pushed variable: x with value 5.0
2025-02-28 00:29:17 [main] INFO : Divide executed: 6.0 / 2.0 = 3.0
2025-02-28 00:29:17 [main] ERROR: Divide operation failed: Not enough elements in stack.
2025-02-28 00:29:17 [main] ERROR: Add operation failed: Not enough elements in stack.
2025-02-28 00:29:17 [main] INFO : ADD executed: 5.0 + 2.0 = 7.0
2025-02-28 00:29:17 [main] ERROR: Multiply operation failed: Not enough elements in stack.
2025-02-28 00:29:17 [main] INFO : Multiply executed: 5.0 * 5.0 = 25.0
2025-02-28 00:29:17 [main] INFO : Popped: 5.0
2025-02-28 00:29:17 [main] ERROR: Pop failed. Pop command requires at least one value in the stack.
2025-02-28 00:29:17 [main] INFO : Creating command: PUSH
2025-02-28 00:29:17 [main] INFO : Command PUSH created successfully.
2025-02-28 00:29:17 [main] INFO : Creating command: POP
2025-02-28 00:29:17 [main] INFO : Popped: 10.0
2025-02-28 00:29:17 [main] INFO : Command POP created successfully.
2025-02-28 00:29:17 [main] INFO : Creating command: DEFINE
2025-02-28 00:29:17 [main] INFO : Defined: x = 10.0
2025-02-28 00:29:17 [main] INFO : Command DEFINE created successfully.
2025-02-28 00:29:17 [main] INFO : Creating command: SQRT
2025-02-28 00:29:17 [main] ERROR: Error creating command: SQRT
java.util.EmptyStackException: null
	at java.util.Stack.peek(Stack.java:103) ~[?:?]
	at java.util.Stack.pop(Stack.java:85) ~[?:?]
	at commands.SquareRoot.execute(SquareRoot.java:21) ~[classes/:?]
	at factory.CommandFactory.createCommand(CommandFactory.java:78) ~[classes/:?]
	at factory.FactoryTest.lambda$testFactoryCreatesAlls$3(TestFactory.java:48) ~[test-classes/:?]
	at org.junit.jupiter.api.AssertDoesNotThrow.assertDoesNotThrow(AssertDoesNotThrow.java:50) ~[junit-jupiter-api-5.7.0.jar:5.7.0]
	at org.junit.jupiter.api.AssertDoesNotThrow.assertDoesNotThrow(AssertDoesNotThrow.java:37) ~[junit-jupiter-api-5.7.0.jar:5.7.0]
	at org.junit.jupiter.api.Assertions.assertDoesNotThrow(Assertions.java:3060) ~[junit-jupiter-api-5.7.0.jar:5.7.0]
	at factory.FactoryTest.testFactoryCreatesAlls(TestFactory.java:47) ~[test-classes/:?]
	at jdk.internal.reflect.DirectMethodHandleAccessor.invoke(DirectMethodHandleAccessor.java:103) ~[?:?]
	at java.lang.reflect.Method.invoke(Method.java:580) ~[?:?]
	at org.junit.platform.commons.util.ReflectionUtils.invokeMethod(ReflectionUtils.java:688) ~[junit-platform-commons-1.7.0.jar:1.7.0]
	at org.junit.jupiter.engine.execution.MethodInvocation.proceed(MethodInvocation.java:60) ~[junit-jupiter-engine-5.7.0.jar:5.7.0]
	at org.junit.jupiter.engine.execution.InvocationInterceptorChain$ValidatingInvocation.proceed(InvocationInterceptorChain.java:131) ~[junit-jupiter-engine-5.7.0.jar:5.7.0]
	at org.junit.jupiter.engine.extension.TimeoutExtension.intercept(TimeoutExtension.java:149) ~[junit-jupiter-engine-5.7.0.jar:5.7.0]
	at org.junit.jupiter.engine.extension.TimeoutExtension.interceptTestableMethod(TimeoutExtension.java:140) ~[junit-jupiter-engine-5.7.0.jar:5.7.0]
	at org.junit.jupiter.engine.extension.TimeoutExtension.interceptTestMethod(TimeoutExtension.java:84) ~[junit-jupiter-engine-5.7.0.jar:5.7.0]
	at org.junit.jupiter.engine.execution.ExecutableInvoker$ReflectiveInterceptorCall.lambda$ofVoidMethod$0(ExecutableInvoker.java:115) ~[junit-jupiter-engine-5.7.0.jar:5.7.0]
	at org.junit.jupiter.engine.execution.ExecutableInvoker.lambda$invoke$0(ExecutableInvoker.java:105) ~[junit-jupiter-engine-5.7.0.jar:5.7.0]
	at org.junit.jupiter.engine.execution.InvocationInterceptorChain$InterceptedInvocation.proceed(InvocationInterceptorChain.java:106) ~[junit-jupiter-engine-5.7.0.jar:5.7.0]
	at org.junit.jupiter.engine.execution.InvocationInterceptorChain.proceed(InvocationInterceptorChain.java:64) ~[junit-jupiter-engine-5.7.0.jar:5.7.0]
	at org.junit.jupiter.engine.execution.InvocationInterceptorChain.chainAndInvoke(InvocationInterceptorChain.java:45) ~[junit-jupiter-engine-5.7.0.jar:5.7.0]
	at org.junit.jupiter.engine.execution.InvocationInterceptorChain.invoke(InvocationInterceptorChain.java:37) ~[junit-jupiter-engine-5.7.0.jar:5.7.0]
	at org.junit.jupiter.engine.execution.ExecutableInvoker.invoke(ExecutableInvoker.java:104) ~[junit-jupiter-engine-5.7.0.jar:5.7.0]
	at org.junit.jupiter.engine.execution.ExecutableInvoker.invoke(ExecutableInvoker.java:98) ~[junit-jupiter-engine-5.7.0.jar:5.7.0]
	at org.junit.jupiter.engine.descriptor.TestMethodTestDescriptor.lambda$invokeTestMethod$6(TestMethodTestDescriptor.java:210) ~[junit-jupiter-engine-5.7.0.jar:5.7.0]
	at org.junit.platform.engine.support.hierarchical.ThrowableCollector.execute(ThrowableCollector.java:73) ~[junit-platform-engine-1.7.0.jar:1.7.0]
	at org.junit.jupiter.engine.descriptor.TestMethodTestDescriptor.invokeTestMethod(TestMethodTestDescriptor.java:206) ~[junit-jupiter-engine-5.7.0.jar:5.7.0]
	at org.junit.jupiter.engine.descriptor.TestMethodTestDescriptor.execute(TestMethodTestDescriptor.java:131) ~[junit-jupiter-engine-5.7.0.jar:5.7.0]
	at org.junit.jupiter.engine.descriptor.TestMethodTestDescriptor.execute(TestMethodTestDescriptor.java:65) ~[junit-jupiter-engine-5.7.0.jar:5.7.0]
	at org.junit.platform.engine.support.hierarchical.NodeTestTask.lambda$executeRecursively$5(NodeTestTask.java:139) ~[junit-platform-engine-1.7.0.jar:1.7.0]
	at org.junit.platform.engine.support.hierarchical.ThrowableCollector.execute(ThrowableCollector.java:73) ~[junit-platform-engine-1.7.0.jar:1.7.0]
	at org.junit.platform.engine.support.hierarchical.NodeTestTask.lambda$executeRecursively$7(NodeTestTask.java:129) ~[junit-platform-engine-1.7.0.jar:1.7.0]
	at org.junit.platform.engine.support.hierarchical.Node.around(Node.java:137) ~[junit-platform-engine-1.7.0.jar:1.7.0]
	at org.junit.platform.engine.support.hierarchical.NodeTestTask.lambda$executeRecursively$8(NodeTestTask.java:127) ~[junit-platform-engine-1.7.0.jar:1.7.0]
	at org.junit.platform.engine.support.hierarchical.ThrowableCollector.execute(ThrowableCollector.java:73) ~[junit-platform-engine-1.7.0.jar:1.7.0]
	at org.junit.platform.engine.support.hierarchical.NodeTestTask.executeRecursively(NodeTestTask.java:126) ~[junit-platform-engine-1.7.0.jar:1.7.0]
	at org.junit.platform.engine.support.hierarchical.NodeTestTask.execute(NodeTestTask.java:84) ~[junit-platform-engine-1.7.0.jar:1.7.0]
	at java.util.ArrayList.forEach(ArrayList.java:1596) ~[?:?]
	at org.junit.platform.engine.support.hierarchical.SameThreadHierarchicalTestExecutorService.invokeAll(SameThreadHierarchicalTestExecutorService.java:38) ~[junit-platform-engine-1.7.0.jar:1.7.0]
	at org.junit.platform.engine.support.hierarchical.NodeTestTask.lambda$executeRecursively$5(NodeTestTask.java:143) ~[junit-platform-engine-1.7.0.jar:1.7.0]
	at org.junit.platform.engine.support.hierarchical.ThrowableCollector.execute(ThrowableCollector.java:73) ~[junit-platform-engine-1.7.0.jar:1.7.0]
	at org.junit.platform.engine.support.hierarchical.NodeTestTask.lambda$executeRecursively$7(NodeTestTask.java:129) ~[junit-platform-engine-1.7.0.jar:1.7.0]
	at org.junit.platform.engine.support.hierarchical.Node.around(Node.java:137) ~[junit-platform-engine-1.7.0.jar:1.7.0]
	at org.junit.platform.engine.support.hierarchical.NodeTestTask.lambda$executeRecursively$8(NodeTestTask.java:127) ~[junit-platform-engine-1.7.0.jar:1.7.0]
	at org.junit.platform.engine.support.hierarchical.ThrowableCollector.execute(ThrowableCollector.java:73) ~[junit-platform-engine-1.7.0.jar:1.7.0]
	at org.junit.platform.engine.support.hierarchical.NodeTestTask.executeRecursively(NodeTestTask.java:126) ~[junit-platform-engine-1.7.0.jar:1.7.0]
	at org.junit.platform.engine.support.hierarchical.NodeTestTask.execute(NodeTestTask.java:84) ~[junit-platform-engine-1.7.0.jar:1.7.0]
	at java.util.ArrayList.forEach(ArrayList.java:1596) ~[?:?]
	at org.junit.platform.engine.support.hierarchical.SameThreadHierarchicalTestExecutorService.invokeAll(SameThreadHierarchicalTestExecutorService.java:38) ~[junit-platform-engine-1.7.0.jar:1.7.0]
	at org.junit.platform.engine.support.hierarchical.NodeTestTask.lambda$executeRecursively$5(NodeTestTask.java:143) ~[junit-platform-engine-1.7.0.jar:1.7.0]
	at org.junit.platform.engine.support.hierarchical.ThrowableCollector.execute(ThrowableCollector.java:73) ~[junit-platform-engine-1.7.0.jar:1.7.0]
	at org.junit.platform.engine.support.hierarchical.NodeTestTask.lambda$executeRecursively$7(NodeTestTask.java:129) ~[junit-platform-engine-1.7.0.jar:1.7.0]
	at org.junit.platform.engine.support.hierarchical.Node.around(Node.java:137) ~[junit-platform-engine-1.7.0.jar:1.7.0]
	at org.junit.platform.engine.support.hierarchical.NodeTestTask.lambda$executeRecursively$8(NodeTestTask.java:127) ~[junit-platform-engine-1.7.0.jar:1.7.0]
	at org.junit.platform.engine.support.hierarchical.ThrowableCollector.execute(ThrowableCollector.java:73) ~[junit-platform-engine-1.7.0.jar:1.7.0]
	at org.junit.platform.engine.support.hierarchical.NodeTestTask.executeRecursively(NodeTestTask.java:126) ~[junit-platform-engine-1.7.0.jar:1.7.0]
	at org.junit.platform.engine.support.hierarchical.NodeTestTask.execute(NodeTestTask.java:84) ~[junit-platform-engine-1.7.0.jar:1.7.0]
	at org.junit.platform.engine.support.hierarchical.SameThreadHierarchicalTestExecutorService.submit(SameThreadHierarchicalTestExecutorService.java:32) ~[junit-platform-engine-1.7.0.jar:1.7.0]
	at org.junit.platform.engine.support.hierarchical.HierarchicalTestExecutor.execute(HierarchicalTestExecutor.java:57) ~[junit-platform-engine-1.7.0.jar:1.7.0]
	at org.junit.platform.engine.support.hierarchical.HierarchicalTestEngine.execute(HierarchicalTestEngine.java:51) ~[junit-platform-engine-1.7.0.jar:1.7.0]
	at org.junit.platform.launcher.core.EngineExecutionOrchestrator.execute(EngineExecutionOrchestrator.java:108) ~[junit-platform-launcher-1.7.0.jar:1.7.0]
	at org.junit.platform.launcher.core.EngineExecutionOrchestrator.execute(EngineExecutionOrchestrator.java:88) ~[junit-platform-launcher-1.7.0.jar:1.7.0]
	at org.junit.platform.launcher.core.EngineExecutionOrchestrator.lambda$execute$0(EngineExecutionOrchestrator.java:54) ~[junit-platform-launcher-1.7.0.jar:1.7.0]
	at org.junit.platform.launcher.core.EngineExecutionOrchestrator.withInterceptedStreams(EngineExecutionOrchestrator.java:67) [junit-platform-launcher-1.7.0.jar:1.7.0]
	at org.junit.platform.launcher.core.EngineExecutionOrchestrator.execute(EngineExecutionOrchestrator.java:52) [junit-platform-launcher-1.7.0.jar:1.7.0]
	at org.junit.platform.launcher.core.DefaultLauncher.execute(DefaultLauncher.java:96) [junit-platform-launcher-1.7.0.jar:1.7.0]
	at org.junit.platform.launcher.core.DefaultLauncher.execute(DefaultLauncher.java:75) [junit-platform-launcher-1.7.0.jar:1.7.0]
	at org.apache.maven.surefire.junitplatform.JUnitPlatformProvider.execute(JUnitPlatformProvider.java:188) [surefire-junit-platform-3.0.0-M5.jar:3.0.0-M5]
	at org.apache.maven.surefire.junitplatform.JUnitPlatformProvider.invokeAllTests(JUnitPlatformProvider.java:154) [surefire-junit-platform-3.0.0-M5.jar:3.0.0-M5]
	at org.apache.maven.surefire.junitplatform.JUnitPlatformProvider.invoke(JUnitPlatformProvider.java:128) [surefire-junit-platform-3.0.0-M5.jar:3.0.0-M5]
	at org.apache.maven.surefire.booter.ForkedBooter.runSuitesInProcess(ForkedBooter.java:428) [surefire-booter-3.0.0-M5.jar:3.0.0-M5]
	at org.apache.maven.surefire.booter.ForkedBooter.execute(ForkedBooter.java:162) [surefire-booter-3.0.0-M5.jar:3.0.0-M5]
	at org.apache.maven.surefire.booter.ForkedBooter.run(ForkedBooter.java:562) [surefire-booter-3.0.0-M5.jar:3.0.0-M5]
	at org.apache.maven.surefire.booter.ForkedBooter.main(ForkedBooter.java:548) [surefire-booter-3.0.0-M5.jar:3.0.0-M5]
2025-02-28 00:40:37 [mainclass.Main.main()] INFO : Creating command: ADD
2025-02-28 00:40:37 [mainclass.Main.main()] ERROR: Add operation failed: Not enough elements in stack.
2025-02-28 00:40:37 [mainclass.Main.main()] ERROR: Error creating command: ADD
java.lang.IllegalArgumentException: Add command requires at least two values in the stack.
	at commands.Add.execute(Add.java:17) ~[classes/:?]
	at factory.CommandFactory.createCommand(CommandFactory.java:78) ~[classes/:?]
	at mainclass.Main.executeCommand(Main.java:73) ~[classes/:?]
	at mainclass.Main.main(Main.java:59) ~[classes/:?]
	at org.codehaus.mojo.exec.ExecJavaMojo.doMain(ExecJavaMojo.java:375) ~[?:?]
	at org.codehaus.mojo.exec.ExecJavaMojo.doExec(ExecJavaMojo.java:364) ~[?:?]
	at org.codehaus.mojo.exec.ExecJavaMojo.lambda$execute$0(ExecJavaMojo.java:286) ~[?:?]
	at java.lang.Thread.run(Thread.java:1583) [?:?]
2025-02-28 00:40:37 [mainclass.Main.main()] ERROR: Error executing command: ADD
java.lang.IllegalStateException: Failed to create command: ADD
	at factory.CommandFactory.createCommand(CommandFactory.java:85) ~[classes/:?]
	at mainclass.Main.executeCommand(Main.java:73) ~[classes/:?]
	at mainclass.Main.main(Main.java:59) ~[classes/:?]
	at org.codehaus.mojo.exec.ExecJavaMojo.doMain(ExecJavaMojo.java:375) ~[?:?]
	at org.codehaus.mojo.exec.ExecJavaMojo.doExec(ExecJavaMojo.java:364) ~[?:?]
	at org.codehaus.mojo.exec.ExecJavaMojo.lambda$execute$0(ExecJavaMojo.java:286) ~[?:?]
	at java.lang.Thread.run(Thread.java:1583) [?:?]
Caused by: java.lang.IllegalArgumentException: Add command requires at least two values in the stack.
	at commands.Add.execute(Add.java:17) ~[classes/:?]
	at factory.CommandFactory.createCommand(CommandFactory.java:78) ~[classes/:?]
	... 6 more
2025-02-28 00:40:40 [mainclass.Main.main()] INFO : Creating command: PUSH
2025-02-28 00:40:40 [mainclass.Main.main()] ERROR: Push operation failed: no arguments.
2025-02-28 00:40:40 [mainclass.Main.main()] ERROR: Error creating command: PUSH
java.lang.IllegalArgumentException: Push command requires 1 argument.
	at commands.Push.execute(Push.java:17) ~[classes/:?]
	at factory.CommandFactory.createCommand(CommandFactory.java:78) ~[classes/:?]
	at mainclass.Main.executeCommand(Main.java:73) ~[classes/:?]
	at mainclass.Main.main(Main.java:59) ~[classes/:?]
	at org.codehaus.mojo.exec.ExecJavaMojo.doMain(ExecJavaMojo.java:375) ~[?:?]
	at org.codehaus.mojo.exec.ExecJavaMojo.doExec(ExecJavaMojo.java:364) ~[?:?]
	at org.codehaus.mojo.exec.ExecJavaMojo.lambda$execute$0(ExecJavaMojo.java:286) ~[?:?]
	at java.lang.Thread.run(Thread.java:1583) [?:?]
2025-02-28 00:40:40 [mainclass.Main.main()] ERROR: Error executing command: PUSH
java.lang.IllegalStateException: Failed to create command: PUSH
	at factory.CommandFactory.createCommand(CommandFactory.java:85) ~[classes/:?]
	at mainclass.Main.executeCommand(Main.java:73) ~[classes/:?]
	at mainclass.Main.main(Main.java:59) ~[classes/:?]
	at org.codehaus.mojo.exec.ExecJavaMojo.doMain(ExecJavaMojo.java:375) ~[?:?]
	at org.codehaus.mojo.exec.ExecJavaMojo.doExec(ExecJavaMojo.java:364) ~[?:?]
	at org.codehaus.mojo.exec.ExecJavaMojo.lambda$execute$0(ExecJavaMojo.java:286) ~[?:?]
	at java.lang.Thread.run(Thread.java:1583) [?:?]
Caused by: java.lang.IllegalArgumentException: Push command requires 1 argument.
	at commands.Push.execute(Push.java:17) ~[classes/:?]
	at factory.CommandFactory.createCommand(CommandFactory.java:78) ~[classes/:?]
	... 6 more
2025-02-28 00:40:48 [mainclass.Main.main()] INFO : Creating command: PUSH
2025-02-28 00:40:48 [mainclass.Main.main()] INFO : Command PUSH created successfully.
2025-02-28 00:40:50 [mainclass.Main.main()] INFO : Creating command: PUSH
2025-02-28 00:40:50 [mainclass.Main.main()] INFO : Command PUSH created successfully.
2025-02-28 00:40:51 [mainclass.Main.main()] INFO : Creating command: ADD
2025-02-28 00:40:51 [mainclass.Main.main()] INFO : ADD executed: 2.0 + 3.0 = 5.0
2025-02-28 00:40:51 [mainclass.Main.main()] INFO : Command ADD created successfully.
2025-02-28 00:40:55 [mainclass.Main.main()] INFO : Creating command: ADD
2025-02-28 00:40:55 [mainclass.Main.main()] ERROR: Add operation failed: Not enough elements in stack.
2025-02-28 00:40:55 [mainclass.Main.main()] ERROR: Error creating command: ADD
java.lang.IllegalArgumentException: Add command requires at least two values in the stack.
	at commands.Add.execute(Add.java:17) ~[classes/:?]
	at factory.CommandFactory.createCommand(CommandFactory.java:78) ~[classes/:?]
	at mainclass.Main.executeCommand(Main.java:73) ~[classes/:?]
	at mainclass.Main.main(Main.java:59) ~[classes/:?]
	at org.codehaus.mojo.exec.ExecJavaMojo.doMain(ExecJavaMojo.java:375) ~[?:?]
	at org.codehaus.mojo.exec.ExecJavaMojo.doExec(ExecJavaMojo.java:364) ~[?:?]
	at org.codehaus.mojo.exec.ExecJavaMojo.lambda$execute$0(ExecJavaMojo.java:286) ~[?:?]
	at java.lang.Thread.run(Thread.java:1583) [?:?]
2025-02-28 00:40:55 [mainclass.Main.main()] ERROR: Error executing command: add
java.lang.IllegalStateException: Failed to create command: ADD
	at factory.CommandFactory.createCommand(CommandFactory.java:85) ~[classes/:?]
	at mainclass.Main.executeCommand(Main.java:73) ~[classes/:?]
	at mainclass.Main.main(Main.java:59) ~[classes/:?]
	at org.codehaus.mojo.exec.ExecJavaMojo.doMain(ExecJavaMojo.java:375) ~[?:?]
	at org.codehaus.mojo.exec.ExecJavaMojo.doExec(ExecJavaMojo.java:364) ~[?:?]
	at org.codehaus.mojo.exec.ExecJavaMojo.lambda$execute$0(ExecJavaMojo.java:286) ~[?:?]
	at java.lang.Thread.run(Thread.java:1583) [?:?]
Caused by: java.lang.IllegalArgumentException: Add command requires at least two values in the stack.
	at commands.Add.execute(Add.java:17) ~[classes/:?]
	at factory.CommandFactory.createCommand(CommandFactory.java:78) ~[classes/:?]
	... 6 more
2025-02-28 00:41:03 [mainclass.Main.main()] INFO : Creating command: PUSH
2025-02-28 00:41:03 [mainclass.Main.main()] INFO : Command PUSH created successfully.
2025-02-28 00:41:05 [mainclass.Main.main()] INFO : Creating command: ADD
2025-02-28 00:41:05 [mainclass.Main.main()] INFO : ADD executed: 5.0 + 2.0 = 7.0
2025-02-28 00:41:05 [mainclass.Main.main()] INFO : Command ADD created successfully.
2025-02-28 00:41:08 [mainclass.Main.main()] INFO : Creating command: PUSH
2025-02-28 00:41:08 [mainclass.Main.main()] INFO : Command PUSH created successfully.
2025-02-28 00:41:09 [mainclass.Main.main()] INFO : Creating command: PUSH
2025-02-28 00:41:09 [mainclass.Main.main()] INFO : Command PUSH created successfully.
2025-02-28 00:41:11 [mainclass.Main.main()] INFO : Creating command: PUSH
2025-02-28 00:41:11 [mainclass.Main.main()] INFO : Command PUSH created successfully.
2025-02-28 00:41:12 [mainclass.Main.main()] INFO : Creating command: ADD
2025-02-28 00:41:12 [mainclass.Main.main()] INFO : ADD executed: 4.0 + 5.0 = 9.0
2025-02-28 00:41:12 [mainclass.Main.main()] INFO : Command ADD created successfully.
2025-02-28 00:41:13 [mainclass.Main.main()] INFO : Creating command: ADD
2025-02-28 00:41:13 [mainclass.Main.main()] INFO : ADD executed: 3.0 + 9.0 = 12.0
2025-02-28 00:41:13 [mainclass.Main.main()] INFO : Command ADD created successfully.
2025-02-28 00:41:14 [mainclass.Main.main()] INFO : Creating command: ADD
2025-02-28 00:41:14 [mainclass.Main.main()] INFO : ADD executed: 7.0 + 12.0 = 19.0
2025-02-28 00:41:14 [mainclass.Main.main()] INFO : Command ADD created successfully.
2025-02-28 00:41:14 [mainclass.Main.main()] INFO : Creating command: ADD
2025-02-28 00:41:14 [mainclass.Main.main()] ERROR: Add operation failed: Not enough elements in stack.
2025-02-28 00:41:14 [mainclass.Main.main()] ERROR: Error creating command: ADD
java.lang.IllegalArgumentException: Add command requires at least two values in the stack.
	at commands.Add.execute(Add.java:17) ~[classes/:?]
	at factory.CommandFactory.createCommand(CommandFactory.java:78) ~[classes/:?]
	at mainclass.Main.executeCommand(Main.java:73) ~[classes/:?]
	at mainclass.Main.main(Main.java:59) ~[classes/:?]
	at org.codehaus.mojo.exec.ExecJavaMojo.doMain(ExecJavaMojo.java:375) ~[?:?]
	at org.codehaus.mojo.exec.ExecJavaMojo.doExec(ExecJavaMojo.java:364) ~[?:?]
	at org.codehaus.mojo.exec.ExecJavaMojo.lambda$execute$0(ExecJavaMojo.java:286) ~[?:?]
	at java.lang.Thread.run(Thread.java:1583) [?:?]
2025-02-28 00:41:14 [mainclass.Main.main()] ERROR: Error executing command: add
java.lang.IllegalStateException: Failed to create command: ADD
	at factory.CommandFactory.createCommand(CommandFactory.java:85) ~[classes/:?]
	at mainclass.Main.executeCommand(Main.java:73) ~[classes/:?]
	at mainclass.Main.main(Main.java:59) ~[classes/:?]
	at org.codehaus.mojo.exec.ExecJavaMojo.doMain(ExecJavaMojo.java:375) ~[?:?]
	at org.codehaus.mojo.exec.ExecJavaMojo.doExec(ExecJavaMojo.java:364) ~[?:?]
	at org.codehaus.mojo.exec.ExecJavaMojo.lambda$execute$0(ExecJavaMojo.java:286) ~[?:?]
	at java.lang.Thread.run(Thread.java:1583) [?:?]
Caused by: java.lang.IllegalArgumentException: Add command requires at least two values in the stack.
	at commands.Add.execute(Add.java:17) ~[classes/:?]
	at factory.CommandFactory.createCommand(CommandFactory.java:78) ~[classes/:?]
	... 6 more
2025-02-28 00:47:33 [mainclass.Main.main()] INFO : Creating command: PUSH
2025-02-28 00:47:33 [mainclass.Main.main()] INFO : Command PUSH created successfully.
2025-02-28 00:47:37 [mainclass.Main.main()] INFO : Creating command: SQRT
2025-02-28 00:47:37 [mainclass.Main.main()] INFO : Sqrt executed: sqrt(4.0) = 2.0
2025-02-28 00:47:37 [mainclass.Main.main()] INFO : Command SQRT created successfully.
2025-02-28 00:49:16 [main] INFO : Subtract executed: 5.0 - 2.0 = 3.0
2025-02-28 00:49:16 [main] ERROR: Subtract operation failed: Not enough elements in stack.
2025-02-28 00:49:16 [main] ERROR: Define failed. Invalid value for variable
2025-02-28 00:49:16 [main] INFO : Defined: x = 5.0
2025-02-28 00:49:16 [main] INFO : Sqrt executed: sqrt(16.0) = 4.0
2025-02-28 00:49:16 [main] ERROR: Push failed: no parameters
2025-02-28 00:49:16 [main] INFO : Pushed variable: x with value 5.0
2025-02-28 00:49:16 [main] INFO : Divide executed: 6.0 / 2.0 = 3.0
2025-02-28 00:49:16 [main] ERROR: Divide operation failed: Not enough elements in stack.
2025-02-28 00:49:16 [main] ERROR: Add operation failed: Not enough elements in stack.
2025-02-28 00:49:16 [main] INFO : ADD executed: 5.0 + 2.0 = 7.0
2025-02-28 00:49:16 [main] ERROR: Multiply operation failed: Not enough elements in stack.
2025-02-28 00:49:16 [main] INFO : Multiply executed: 5.0 * 5.0 = 25.0
2025-02-28 00:49:16 [main] INFO : Popped: 5.0
2025-02-28 00:49:16 [main] ERROR: Pop failed. Pop command requires at least one value in the stack.
2025-02-28 00:49:16 [main] INFO : Creating command: PUSH
2025-02-28 00:49:16 [main] INFO : Command PUSH created successfully.
2025-02-28 00:49:16 [main] INFO : Creating command: POP
2025-02-28 00:49:16 [main] INFO : Popped: 10.0
2025-02-28 00:49:16 [main] INFO : Command POP created successfully.
2025-02-28 00:49:16 [main] INFO : Creating command: DEFINE
2025-02-28 00:49:16 [main] INFO : Defined: x = 10.0
2025-02-28 00:49:16 [main] INFO : Command DEFINE created successfully.
2025-02-28 00:49:16 [main] INFO : Creating command: SQRT
2025-02-28 00:49:16 [main] ERROR: Error creating command: SQRT
java.util.EmptyStackException: null
	at java.util.Stack.peek(Stack.java:103) ~[?:?]
	at java.util.Stack.pop(Stack.java:85) ~[?:?]
	at commands.SquareRoot.execute(SquareRoot.java:21) ~[classes/:?]
	at factory.CommandFactory.createCommand(CommandFactory.java:78) ~[classes/:?]
	at factory.FactoryTest.lambda$testFactoryCreatesAlls$3(TestFactory.java:48) ~[test-classes/:?]
	at org.junit.jupiter.api.AssertDoesNotThrow.assertDoesNotThrow(AssertDoesNotThrow.java:50) ~[junit-jupiter-api-5.7.0.jar:5.7.0]
	at org.junit.jupiter.api.AssertDoesNotThrow.assertDoesNotThrow(AssertDoesNotThrow.java:37) ~[junit-jupiter-api-5.7.0.jar:5.7.0]
	at org.junit.jupiter.api.Assertions.assertDoesNotThrow(Assertions.java:3060) ~[junit-jupiter-api-5.7.0.jar:5.7.0]
	at factory.FactoryTest.testFactoryCreatesAlls(TestFactory.java:47) ~[test-classes/:?]
	at jdk.internal.reflect.DirectMethodHandleAccessor.invoke(DirectMethodHandleAccessor.java:103) ~[?:?]
	at java.lang.reflect.Method.invoke(Method.java:580) ~[?:?]
	at org.junit.platform.commons.util.ReflectionUtils.invokeMethod(ReflectionUtils.java:688) ~[junit-platform-commons-1.7.0.jar:1.7.0]
	at org.junit.jupiter.engine.execution.MethodInvocation.proceed(MethodInvocation.java:60) ~[junit-jupiter-engine-5.7.0.jar:5.7.0]
	at org.junit.jupiter.engine.execution.InvocationInterceptorChain$ValidatingInvocation.proceed(InvocationInterceptorChain.java:131) ~[junit-jupiter-engine-5.7.0.jar:5.7.0]
	at org.junit.jupiter.engine.extension.TimeoutExtension.intercept(TimeoutExtension.java:149) ~[junit-jupiter-engine-5.7.0.jar:5.7.0]
	at org.junit.jupiter.engine.extension.TimeoutExtension.interceptTestableMethod(TimeoutExtension.java:140) ~[junit-jupiter-engine-5.7.0.jar:5.7.0]
	at org.junit.jupiter.engine.extension.TimeoutExtension.interceptTestMethod(TimeoutExtension.java:84) ~[junit-jupiter-engine-5.7.0.jar:5.7.0]
	at org.junit.jupiter.engine.execution.ExecutableInvoker$ReflectiveInterceptorCall.lambda$ofVoidMethod$0(ExecutableInvoker.java:115) ~[junit-jupiter-engine-5.7.0.jar:5.7.0]
	at org.junit.jupiter.engine.execution.ExecutableInvoker.lambda$invoke$0(ExecutableInvoker.java:105) ~[junit-jupiter-engine-5.7.0.jar:5.7.0]
	at org.junit.jupiter.engine.execution.InvocationInterceptorChain$InterceptedInvocation.proceed(InvocationInterceptorChain.java:106) ~[junit-jupiter-engine-5.7.0.jar:5.7.0]
	at org.junit.jupiter.engine.execution.InvocationInterceptorChain.proceed(InvocationInterceptorChain.java:64) ~[junit-jupiter-engine-5.7.0.jar:5.7.0]
	at org.junit.jupiter.engine.execution.InvocationInterceptorChain.chainAndInvoke(InvocationInterceptorChain.java:45) ~[junit-jupiter-engine-5.7.0.jar:5.7.0]
	at org.junit.jupiter.engine.execution.InvocationInterceptorChain.invoke(InvocationInterceptorChain.java:37) ~[junit-jupiter-engine-5.7.0.jar:5.7.0]
	at org.junit.jupiter.engine.execution.ExecutableInvoker.invoke(ExecutableInvoker.java:104) ~[junit-jupiter-engine-5.7.0.jar:5.7.0]
	at org.junit.jupiter.engine.execution.ExecutableInvoker.invoke(ExecutableInvoker.java:98) ~[junit-jupiter-engine-5.7.0.jar:5.7.0]
	at org.junit.jupiter.engine.descriptor.TestMethodTestDescriptor.lambda$invokeTestMethod$6(TestMethodTestDescriptor.java:210) ~[junit-jupiter-engine-5.7.0.jar:5.7.0]
	at org.junit.platform.engine.support.hierarchical.ThrowableCollector.execute(ThrowableCollector.java:73) ~[junit-platform-engine-1.7.0.jar:1.7.0]
	at org.junit.jupiter.engine.descriptor.TestMethodTestDescriptor.invokeTestMethod(TestMethodTestDescriptor.java:206) ~[junit-jupiter-engine-5.7.0.jar:5.7.0]
	at org.junit.jupiter.engine.descriptor.TestMethodTestDescriptor.execute(TestMethodTestDescriptor.java:131) ~[junit-jupiter-engine-5.7.0.jar:5.7.0]
	at org.junit.jupiter.engine.descriptor.TestMethodTestDescriptor.execute(TestMethodTestDescriptor.java:65) ~[junit-jupiter-engine-5.7.0.jar:5.7.0]
	at org.junit.platform.engine.support.hierarchical.NodeTestTask.lambda$executeRecursively$5(NodeTestTask.java:139) ~[junit-platform-engine-1.7.0.jar:1.7.0]
	at org.junit.platform.engine.support.hierarchical.ThrowableCollector.execute(ThrowableCollector.java:73) ~[junit-platform-engine-1.7.0.jar:1.7.0]
	at org.junit.platform.engine.support.hierarchical.NodeTestTask.lambda$executeRecursively$7(NodeTestTask.java:129) ~[junit-platform-engine-1.7.0.jar:1.7.0]
	at org.junit.platform.engine.support.hierarchical.Node.around(Node.java:137) ~[junit-platform-engine-1.7.0.jar:1.7.0]
	at org.junit.platform.engine.support.hierarchical.NodeTestTask.lambda$executeRecursively$8(NodeTestTask.java:127) ~[junit-platform-engine-1.7.0.jar:1.7.0]
	at org.junit.platform.engine.support.hierarchical.ThrowableCollector.execute(ThrowableCollector.java:73) ~[junit-platform-engine-1.7.0.jar:1.7.0]
	at org.junit.platform.engine.support.hierarchical.NodeTestTask.executeRecursively(NodeTestTask.java:126) ~[junit-platform-engine-1.7.0.jar:1.7.0]
	at org.junit.platform.engine.support.hierarchical.NodeTestTask.execute(NodeTestTask.java:84) ~[junit-platform-engine-1.7.0.jar:1.7.0]
	at java.util.ArrayList.forEach(ArrayList.java:1596) ~[?:?]
	at org.junit.platform.engine.support.hierarchical.SameThreadHierarchicalTestExecutorService.invokeAll(SameThreadHierarchicalTestExecutorService.java:38) ~[junit-platform-engine-1.7.0.jar:1.7.0]
	at org.junit.platform.engine.support.hierarchical.NodeTestTask.lambda$executeRecursively$5(NodeTestTask.java:143) ~[junit-platform-engine-1.7.0.jar:1.7.0]
	at org.junit.platform.engine.support.hierarchical.ThrowableCollector.execute(ThrowableCollector.java:73) ~[junit-platform-engine-1.7.0.jar:1.7.0]
	at org.junit.platform.engine.support.hierarchical.NodeTestTask.lambda$executeRecursively$7(NodeTestTask.java:129) ~[junit-platform-engine-1.7.0.jar:1.7.0]
	at org.junit.platform.engine.support.hierarchical.Node.around(Node.java:137) ~[junit-platform-engine-1.7.0.jar:1.7.0]
	at org.junit.platform.engine.support.hierarchical.NodeTestTask.lambda$executeRecursively$8(NodeTestTask.java:127) ~[junit-platform-engine-1.7.0.jar:1.7.0]
	at org.junit.platform.engine.support.hierarchical.ThrowableCollector.execute(ThrowableCollector.java:73) ~[junit-platform-engine-1.7.0.jar:1.7.0]
	at org.junit.platform.engine.support.hierarchical.NodeTestTask.executeRecursively(NodeTestTask.java:126) ~[junit-platform-engine-1.7.0.jar:1.7.0]
	at org.junit.platform.engine.support.hierarchical.NodeTestTask.execute(NodeTestTask.java:84) ~[junit-platform-engine-1.7.0.jar:1.7.0]
	at java.util.ArrayList.forEach(ArrayList.java:1596) ~[?:?]
	at org.junit.platform.engine.support.hierarchical.SameThreadHierarchicalTestExecutorService.invokeAll(SameThreadHierarchicalTestExecutorService.java:38) ~[junit-platform-engine-1.7.0.jar:1.7.0]
	at org.junit.platform.engine.support.hierarchical.NodeTestTask.lambda$executeRecursively$5(NodeTestTask.java:143) ~[junit-platform-engine-1.7.0.jar:1.7.0]
	at org.junit.platform.engine.support.hierarchical.ThrowableCollector.execute(ThrowableCollector.java:73) ~[junit-platform-engine-1.7.0.jar:1.7.0]
	at org.junit.platform.engine.support.hierarchical.NodeTestTask.lambda$executeRecursively$7(NodeTestTask.java:129) ~[junit-platform-engine-1.7.0.jar:1.7.0]
	at org.junit.platform.engine.support.hierarchical.Node.around(Node.java:137) ~[junit-platform-engine-1.7.0.jar:1.7.0]
	at org.junit.platform.engine.support.hierarchical.NodeTestTask.lambda$executeRecursively$8(NodeTestTask.java:127) ~[junit-platform-engine-1.7.0.jar:1.7.0]
	at org.junit.platform.engine.support.hierarchical.ThrowableCollector.execute(ThrowableCollector.java:73) ~[junit-platform-engine-1.7.0.jar:1.7.0]
	at org.junit.platform.engine.support.hierarchical.NodeTestTask.executeRecursively(NodeTestTask.java:126) ~[junit-platform-engine-1.7.0.jar:1.7.0]
	at org.junit.platform.engine.support.hierarchical.NodeTestTask.execute(NodeTestTask.java:84) ~[junit-platform-engine-1.7.0.jar:1.7.0]
	at org.junit.platform.engine.support.hierarchical.SameThreadHierarchicalTestExecutorService.submit(SameThreadHierarchicalTestExecutorService.java:32) ~[junit-platform-engine-1.7.0.jar:1.7.0]
	at org.junit.platform.engine.support.hierarchical.HierarchicalTestExecutor.execute(HierarchicalTestExecutor.java:57) ~[junit-platform-engine-1.7.0.jar:1.7.0]
	at org.junit.platform.engine.support.hierarchical.HierarchicalTestEngine.execute(HierarchicalTestEngine.java:51) ~[junit-platform-engine-1.7.0.jar:1.7.0]
	at org.junit.platform.launcher.core.EngineExecutionOrchestrator.execute(EngineExecutionOrchestrator.java:108) ~[junit-platform-launcher-1.7.0.jar:1.7.0]
	at org.junit.platform.launcher.core.EngineExecutionOrchestrator.execute(EngineExecutionOrchestrator.java:88) ~[junit-platform-launcher-1.7.0.jar:1.7.0]
	at org.junit.platform.launcher.core.EngineExecutionOrchestrator.lambda$execute$0(EngineExecutionOrchestrator.java:54) ~[junit-platform-launcher-1.7.0.jar:1.7.0]
	at org.junit.platform.launcher.core.EngineExecutionOrchestrator.withInterceptedStreams(EngineExecutionOrchestrator.java:67) [junit-platform-launcher-1.7.0.jar:1.7.0]
	at org.junit.platform.launcher.core.EngineExecutionOrchestrator.execute(EngineExecutionOrchestrator.java:52) [junit-platform-launcher-1.7.0.jar:1.7.0]
	at org.junit.platform.launcher.core.DefaultLauncher.execute(DefaultLauncher.java:96) [junit-platform-launcher-1.7.0.jar:1.7.0]
	at org.junit.platform.launcher.core.DefaultLauncher.execute(DefaultLauncher.java:75) [junit-platform-launcher-1.7.0.jar:1.7.0]
	at org.apache.maven.surefire.junitplatform.JUnitPlatformProvider.execute(JUnitPlatformProvider.java:188) [surefire-junit-platform-3.0.0-M5.jar:3.0.0-M5]
	at org.apache.maven.surefire.junitplatform.JUnitPlatformProvider.invokeAllTests(JUnitPlatformProvider.java:154) [surefire-junit-platform-3.0.0-M5.jar:3.0.0-M5]
	at org.apache.maven.surefire.junitplatform.JUnitPlatformProvider.invoke(JUnitPlatformProvider.java:128) [surefire-junit-platform-3.0.0-M5.jar:3.0.0-M5]
	at org.apache.maven.surefire.booter.ForkedBooter.runSuitesInProcess(ForkedBooter.java:428) [surefire-booter-3.0.0-M5.jar:3.0.0-M5]
	at org.apache.maven.surefire.booter.ForkedBooter.execute(ForkedBooter.java:162) [surefire-booter-3.0.0-M5.jar:3.0.0-M5]
	at org.apache.maven.surefire.booter.ForkedBooter.run(ForkedBooter.java:562) [surefire-booter-3.0.0-M5.jar:3.0.0-M5]
	at org.apache.maven.surefire.booter.ForkedBooter.main(ForkedBooter.java:548) [surefire-booter-3.0.0-M5.jar:3.0.0-M5]
2025-02-28 00:50:34 [main] INFO : Subtract executed: 5.0 - 2.0 = 3.0
2025-02-28 00:50:34 [main] ERROR: Subtract operation failed: Not enough elements in stack.
2025-02-28 00:50:34 [main] ERROR: Define failed. Invalid value for variable
2025-02-28 00:50:34 [main] INFO : Defined: x = 5.0
2025-02-28 00:50:34 [main] INFO : Sqrt executed: sqrt(16.0) = 4.0
2025-02-28 00:50:34 [main] ERROR: Push failed: no parameters
2025-02-28 00:50:34 [main] INFO : Pushed variable: x with value 5.0
2025-02-28 00:50:34 [main] INFO : Divide executed: 6.0 / 2.0 = 3.0
2025-02-28 00:50:34 [main] ERROR: Divide operation failed: Not enough elements in stack.
2025-02-28 00:50:34 [main] ERROR: Add operation failed: Not enough elements in stack.
2025-02-28 00:50:34 [main] INFO : ADD executed: 5.0 + 2.0 = 7.0
2025-02-28 00:50:34 [main] ERROR: Multiply operation failed: Not enough elements in stack.
2025-02-28 00:50:34 [main] INFO : Multiply executed: 5.0 * 5.0 = 25.0
2025-02-28 00:50:34 [main] INFO : Popped: 5.0
2025-02-28 00:50:34 [main] ERROR: Pop failed. Pop command requires at least one value in the stack.
2025-02-28 00:50:34 [main] INFO : Creating command: PUSH
2025-02-28 00:50:34 [main] INFO : Command PUSH created successfully.
2025-02-28 00:50:34 [main] INFO : Creating command: POP
2025-02-28 00:50:34 [main] INFO : Popped: 10.0
2025-02-28 00:50:34 [main] INFO : Command POP created successfully.
2025-02-28 00:50:34 [main] INFO : Creating command: DEFINE
2025-02-28 00:50:34 [main] INFO : Defined: x = 10.0
2025-02-28 00:50:34 [main] INFO : Command DEFINE created successfully.
2025-02-28 00:50:34 [main] INFO : Creating command: DIVIDE
2025-02-28 00:50:34 [main] ERROR: Divide operation failed: Not enough elements in stack.
2025-02-28 00:50:34 [main] ERROR: Error creating command: DIVIDE
java.lang.IllegalArgumentException: Divide command requires at least two values in the stack.
	at commands.Divide.execute(Divide.java:17) ~[classes/:?]
	at factory.CommandFactory.createCommand(CommandFactory.java:78) ~[classes/:?]
	at factory.FactoryTest.lambda$testFactoryCreatesAlls$3(TestFactory.java:48) ~[test-classes/:?]
	at org.junit.jupiter.api.AssertDoesNotThrow.assertDoesNotThrow(AssertDoesNotThrow.java:50) ~[junit-jupiter-api-5.7.0.jar:5.7.0]
	at org.junit.jupiter.api.AssertDoesNotThrow.assertDoesNotThrow(AssertDoesNotThrow.java:37) ~[junit-jupiter-api-5.7.0.jar:5.7.0]
	at org.junit.jupiter.api.Assertions.assertDoesNotThrow(Assertions.java:3060) ~[junit-jupiter-api-5.7.0.jar:5.7.0]
	at factory.FactoryTest.testFactoryCreatesAlls(TestFactory.java:47) ~[test-classes/:?]
	at jdk.internal.reflect.DirectMethodHandleAccessor.invoke(DirectMethodHandleAccessor.java:103) ~[?:?]
	at java.lang.reflect.Method.invoke(Method.java:580) ~[?:?]
	at org.junit.platform.commons.util.ReflectionUtils.invokeMethod(ReflectionUtils.java:688) ~[junit-platform-commons-1.7.0.jar:1.7.0]
	at org.junit.jupiter.engine.execution.MethodInvocation.proceed(MethodInvocation.java:60) ~[junit-jupiter-engine-5.7.0.jar:5.7.0]
	at org.junit.jupiter.engine.execution.InvocationInterceptorChain$ValidatingInvocation.proceed(InvocationInterceptorChain.java:131) ~[junit-jupiter-engine-5.7.0.jar:5.7.0]
	at org.junit.jupiter.engine.extension.TimeoutExtension.intercept(TimeoutExtension.java:149) ~[junit-jupiter-engine-5.7.0.jar:5.7.0]
	at org.junit.jupiter.engine.extension.TimeoutExtension.interceptTestableMethod(TimeoutExtension.java:140) ~[junit-jupiter-engine-5.7.0.jar:5.7.0]
	at org.junit.jupiter.engine.extension.TimeoutExtension.interceptTestMethod(TimeoutExtension.java:84) ~[junit-jupiter-engine-5.7.0.jar:5.7.0]
	at org.junit.jupiter.engine.execution.ExecutableInvoker$ReflectiveInterceptorCall.lambda$ofVoidMethod$0(ExecutableInvoker.java:115) ~[junit-jupiter-engine-5.7.0.jar:5.7.0]
	at org.junit.jupiter.engine.execution.ExecutableInvoker.lambda$invoke$0(ExecutableInvoker.java:105) ~[junit-jupiter-engine-5.7.0.jar:5.7.0]
	at org.junit.jupiter.engine.execution.InvocationInterceptorChain$InterceptedInvocation.proceed(InvocationInterceptorChain.java:106) ~[junit-jupiter-engine-5.7.0.jar:5.7.0]
	at org.junit.jupiter.engine.execution.InvocationInterceptorChain.proceed(InvocationInterceptorChain.java:64) ~[junit-jupiter-engine-5.7.0.jar:5.7.0]
	at org.junit.jupiter.engine.execution.InvocationInterceptorChain.chainAndInvoke(InvocationInterceptorChain.java:45) ~[junit-jupiter-engine-5.7.0.jar:5.7.0]
	at org.junit.jupiter.engine.execution.InvocationInterceptorChain.invoke(InvocationInterceptorChain.java:37) ~[junit-jupiter-engine-5.7.0.jar:5.7.0]
	at org.junit.jupiter.engine.execution.ExecutableInvoker.invoke(ExecutableInvoker.java:104) ~[junit-jupiter-engine-5.7.0.jar:5.7.0]
	at org.junit.jupiter.engine.execution.ExecutableInvoker.invoke(ExecutableInvoker.java:98) ~[junit-jupiter-engine-5.7.0.jar:5.7.0]
	at org.junit.jupiter.engine.descriptor.TestMethodTestDescriptor.lambda$invokeTestMethod$6(TestMethodTestDescriptor.java:210) ~[junit-jupiter-engine-5.7.0.jar:5.7.0]
	at org.junit.platform.engine.support.hierarchical.ThrowableCollector.execute(ThrowableCollector.java:73) ~[junit-platform-engine-1.7.0.jar:1.7.0]
	at org.junit.jupiter.engine.descriptor.TestMethodTestDescriptor.invokeTestMethod(TestMethodTestDescriptor.java:206) ~[junit-jupiter-engine-5.7.0.jar:5.7.0]
	at org.junit.jupiter.engine.descriptor.TestMethodTestDescriptor.execute(TestMethodTestDescriptor.java:131) ~[junit-jupiter-engine-5.7.0.jar:5.7.0]
	at org.junit.jupiter.engine.descriptor.TestMethodTestDescriptor.execute(TestMethodTestDescriptor.java:65) ~[junit-jupiter-engine-5.7.0.jar:5.7.0]
	at org.junit.platform.engine.support.hierarchical.NodeTestTask.lambda$executeRecursively$5(NodeTestTask.java:139) ~[junit-platform-engine-1.7.0.jar:1.7.0]
	at org.junit.platform.engine.support.hierarchical.ThrowableCollector.execute(ThrowableCollector.java:73) ~[junit-platform-engine-1.7.0.jar:1.7.0]
	at org.junit.platform.engine.support.hierarchical.NodeTestTask.lambda$executeRecursively$7(NodeTestTask.java:129) ~[junit-platform-engine-1.7.0.jar:1.7.0]
	at org.junit.platform.engine.support.hierarchical.Node.around(Node.java:137) ~[junit-platform-engine-1.7.0.jar:1.7.0]
	at org.junit.platform.engine.support.hierarchical.NodeTestTask.lambda$executeRecursively$8(NodeTestTask.java:127) ~[junit-platform-engine-1.7.0.jar:1.7.0]
	at org.junit.platform.engine.support.hierarchical.ThrowableCollector.execute(ThrowableCollector.java:73) ~[junit-platform-engine-1.7.0.jar:1.7.0]
	at org.junit.platform.engine.support.hierarchical.NodeTestTask.executeRecursively(NodeTestTask.java:126) ~[junit-platform-engine-1.7.0.jar:1.7.0]
	at org.junit.platform.engine.support.hierarchical.NodeTestTask.execute(NodeTestTask.java:84) ~[junit-platform-engine-1.7.0.jar:1.7.0]
	at java.util.ArrayList.forEach(ArrayList.java:1596) ~[?:?]
	at org.junit.platform.engine.support.hierarchical.SameThreadHierarchicalTestExecutorService.invokeAll(SameThreadHierarchicalTestExecutorService.java:38) ~[junit-platform-engine-1.7.0.jar:1.7.0]
	at org.junit.platform.engine.support.hierarchical.NodeTestTask.lambda$executeRecursively$5(NodeTestTask.java:143) ~[junit-platform-engine-1.7.0.jar:1.7.0]
	at org.junit.platform.engine.support.hierarchical.ThrowableCollector.execute(ThrowableCollector.java:73) ~[junit-platform-engine-1.7.0.jar:1.7.0]
	at org.junit.platform.engine.support.hierarchical.NodeTestTask.lambda$executeRecursively$7(NodeTestTask.java:129) ~[junit-platform-engine-1.7.0.jar:1.7.0]
	at org.junit.platform.engine.support.hierarchical.Node.around(Node.java:137) ~[junit-platform-engine-1.7.0.jar:1.7.0]
	at org.junit.platform.engine.support.hierarchical.NodeTestTask.lambda$executeRecursively$8(NodeTestTask.java:127) ~[junit-platform-engine-1.7.0.jar:1.7.0]
	at org.junit.platform.engine.support.hierarchical.ThrowableCollector.execute(ThrowableCollector.java:73) ~[junit-platform-engine-1.7.0.jar:1.7.0]
	at org.junit.platform.engine.support.hierarchical.NodeTestTask.executeRecursively(NodeTestTask.java:126) ~[junit-platform-engine-1.7.0.jar:1.7.0]
	at org.junit.platform.engine.support.hierarchical.NodeTestTask.execute(NodeTestTask.java:84) ~[junit-platform-engine-1.7.0.jar:1.7.0]
	at java.util.ArrayList.forEach(ArrayList.java:1596) ~[?:?]
	at org.junit.platform.engine.support.hierarchical.SameThreadHierarchicalTestExecutorService.invokeAll(SameThreadHierarchicalTestExecutorService.java:38) ~[junit-platform-engine-1.7.0.jar:1.7.0]
	at org.junit.platform.engine.support.hierarchical.NodeTestTask.lambda$executeRecursively$5(NodeTestTask.java:143) ~[junit-platform-engine-1.7.0.jar:1.7.0]
	at org.junit.platform.engine.support.hierarchical.ThrowableCollector.execute(ThrowableCollector.java:73) ~[junit-platform-engine-1.7.0.jar:1.7.0]
	at org.junit.platform.engine.support.hierarchical.NodeTestTask.lambda$executeRecursively$7(NodeTestTask.java:129) ~[junit-platform-engine-1.7.0.jar:1.7.0]
	at org.junit.platform.engine.support.hierarchical.Node.around(Node.java:137) ~[junit-platform-engine-1.7.0.jar:1.7.0]
	at org.junit.platform.engine.support.hierarchical.NodeTestTask.lambda$executeRecursively$8(NodeTestTask.java:127) ~[junit-platform-engine-1.7.0.jar:1.7.0]
	at org.junit.platform.engine.support.hierarchical.ThrowableCollector.execute(ThrowableCollector.java:73) ~[junit-platform-engine-1.7.0.jar:1.7.0]
	at org.junit.platform.engine.support.hierarchical.NodeTestTask.executeRecursively(NodeTestTask.java:126) ~[junit-platform-engine-1.7.0.jar:1.7.0]
	at org.junit.platform.engine.support.hierarchical.NodeTestTask.execute(NodeTestTask.java:84) ~[junit-platform-engine-1.7.0.jar:1.7.0]
	at org.junit.platform.engine.support.hierarchical.SameThreadHierarchicalTestExecutorService.submit(SameThreadHierarchicalTestExecutorService.java:32) ~[junit-platform-engine-1.7.0.jar:1.7.0]
	at org.junit.platform.engine.support.hierarchical.HierarchicalTestExecutor.execute(HierarchicalTestExecutor.java:57) ~[junit-platform-engine-1.7.0.jar:1.7.0]
	at org.junit.platform.engine.support.hierarchical.HierarchicalTestEngine.execute(HierarchicalTestEngine.java:51) ~[junit-platform-engine-1.7.0.jar:1.7.0]
	at org.junit.platform.launcher.core.EngineExecutionOrchestrator.execute(EngineExecutionOrchestrator.java:108) ~[junit-platform-launcher-1.7.0.jar:1.7.0]
	at org.junit.platform.launcher.core.EngineExecutionOrchestrator.execute(EngineExecutionOrchestrator.java:88) ~[junit-platform-launcher-1.7.0.jar:1.7.0]
	at org.junit.platform.launcher.core.EngineExecutionOrchestrator.lambda$execute$0(EngineExecutionOrchestrator.java:54) ~[junit-platform-launcher-1.7.0.jar:1.7.0]
	at org.junit.platform.launcher.core.EngineExecutionOrchestrator.withInterceptedStreams(EngineExecutionOrchestrator.java:67) [junit-platform-launcher-1.7.0.jar:1.7.0]
	at org.junit.platform.launcher.core.EngineExecutionOrchestrator.execute(EngineExecutionOrchestrator.java:52) [junit-platform-launcher-1.7.0.jar:1.7.0]
	at org.junit.platform.launcher.core.DefaultLauncher.execute(DefaultLauncher.java:96) [junit-platform-launcher-1.7.0.jar:1.7.0]
	at org.junit.platform.launcher.core.DefaultLauncher.execute(DefaultLauncher.java:75) [junit-platform-launcher-1.7.0.jar:1.7.0]
	at org.apache.maven.surefire.junitplatform.JUnitPlatformProvider.execute(JUnitPlatformProvider.java:188) [surefire-junit-platform-3.0.0-M5.jar:3.0.0-M5]
	at org.apache.maven.surefire.junitplatform.JUnitPlatformProvider.invokeAllTests(JUnitPlatformProvider.java:154) [surefire-junit-platform-3.0.0-M5.jar:3.0.0-M5]
	at org.apache.maven.surefire.junitplatform.JUnitPlatformProvider.invoke(JUnitPlatformProvider.java:128) [surefire-junit-platform-3.0.0-M5.jar:3.0.0-M5]
	at org.apache.maven.surefire.booter.ForkedBooter.runSuitesInProcess(ForkedBooter.java:428) [surefire-booter-3.0.0-M5.jar:3.0.0-M5]
	at org.apache.maven.surefire.booter.ForkedBooter.execute(ForkedBooter.java:162) [surefire-booter-3.0.0-M5.jar:3.0.0-M5]
	at org.apache.maven.surefire.booter.ForkedBooter.run(ForkedBooter.java:562) [surefire-booter-3.0.0-M5.jar:3.0.0-M5]
	at org.apache.maven.surefire.booter.ForkedBooter.main(ForkedBooter.java:548) [surefire-booter-3.0.0-M5.jar:3.0.0-M5]
2025-02-28 00:51:08 [main] INFO : Subtract executed: 5.0 - 2.0 = 3.0
2025-02-28 00:51:08 [main] ERROR: Subtract operation failed: Not enough elements in stack.
2025-02-28 00:51:08 [main] ERROR: Define failed. Invalid value for variable
2025-02-28 00:51:08 [main] INFO : Defined: x = 5.0
2025-02-28 00:51:08 [main] INFO : Sqrt executed: sqrt(16.0) = 4.0
2025-02-28 00:51:08 [main] ERROR: Push failed: no parameters
2025-02-28 00:51:08 [main] INFO : Pushed variable: x with value 5.0
2025-02-28 00:51:08 [main] INFO : Divide executed: 6.0 / 2.0 = 3.0
2025-02-28 00:51:08 [main] ERROR: Divide operation failed: Not enough elements in stack.
2025-02-28 00:51:08 [main] ERROR: Add operation failed: Not enough elements in stack.
2025-02-28 00:51:08 [main] INFO : ADD executed: 5.0 + 2.0 = 7.0
2025-02-28 00:51:08 [main] ERROR: Multiply operation failed: Not enough elements in stack.
2025-02-28 00:51:08 [main] INFO : Multiply executed: 5.0 * 5.0 = 25.0
2025-02-28 00:51:08 [main] INFO : Popped: 5.0
2025-02-28 00:51:08 [main] ERROR: Pop failed. Pop command requires at least one value in the stack.
2025-02-28 00:51:08 [main] INFO : Creating command: PUSH
2025-02-28 00:51:08 [main] INFO : Command PUSH created successfully.
2025-02-28 00:51:08 [main] INFO : Creating command: POP
2025-02-28 00:51:08 [main] INFO : Popped: 10.0
2025-02-28 00:51:08 [main] INFO : Command POP created successfully.
2025-02-28 00:51:08 [main] INFO : Creating command: DEFINE
2025-02-28 00:51:08 [main] INFO : Defined: x = 10.0
2025-02-28 00:51:08 [main] INFO : Command DEFINE created successfully.
2025-02-28 00:51:08 [main] INFO : Creating command: DIVIDE
2025-02-28 00:51:08 [main] ERROR: Divide operation failed: Not enough elements in stack.
2025-02-28 00:51:08 [main] ERROR: Error creating command: DIVIDE
java.lang.IllegalArgumentException: Divide command requires at least two values in the stack.
	at commands.Divide.execute(Divide.java:17) ~[classes/:?]
	at factory.CommandFactory.createCommand(CommandFactory.java:78) ~[classes/:?]
	at factory.FactoryTest.lambda$testFactoryCreatesAlls$3(TestFactory.java:48) ~[test-classes/:?]
	at org.junit.jupiter.api.AssertDoesNotThrow.assertDoesNotThrow(AssertDoesNotThrow.java:50) ~[junit-jupiter-api-5.7.0.jar:5.7.0]
	at org.junit.jupiter.api.AssertDoesNotThrow.assertDoesNotThrow(AssertDoesNotThrow.java:37) ~[junit-jupiter-api-5.7.0.jar:5.7.0]
	at org.junit.jupiter.api.Assertions.assertDoesNotThrow(Assertions.java:3060) ~[junit-jupiter-api-5.7.0.jar:5.7.0]
	at factory.FactoryTest.testFactoryCreatesAlls(TestFactory.java:47) ~[test-classes/:?]
	at jdk.internal.reflect.DirectMethodHandleAccessor.invoke(DirectMethodHandleAccessor.java:103) ~[?:?]
	at java.lang.reflect.Method.invoke(Method.java:580) ~[?:?]
	at org.junit.platform.commons.util.ReflectionUtils.invokeMethod(ReflectionUtils.java:688) ~[junit-platform-commons-1.7.0.jar:1.7.0]
	at org.junit.jupiter.engine.execution.MethodInvocation.proceed(MethodInvocation.java:60) ~[junit-jupiter-engine-5.7.0.jar:5.7.0]
	at org.junit.jupiter.engine.execution.InvocationInterceptorChain$ValidatingInvocation.proceed(InvocationInterceptorChain.java:131) ~[junit-jupiter-engine-5.7.0.jar:5.7.0]
	at org.junit.jupiter.engine.extension.TimeoutExtension.intercept(TimeoutExtension.java:149) ~[junit-jupiter-engine-5.7.0.jar:5.7.0]
	at org.junit.jupiter.engine.extension.TimeoutExtension.interceptTestableMethod(TimeoutExtension.java:140) ~[junit-jupiter-engine-5.7.0.jar:5.7.0]
	at org.junit.jupiter.engine.extension.TimeoutExtension.interceptTestMethod(TimeoutExtension.java:84) ~[junit-jupiter-engine-5.7.0.jar:5.7.0]
	at org.junit.jupiter.engine.execution.ExecutableInvoker$ReflectiveInterceptorCall.lambda$ofVoidMethod$0(ExecutableInvoker.java:115) ~[junit-jupiter-engine-5.7.0.jar:5.7.0]
	at org.junit.jupiter.engine.execution.ExecutableInvoker.lambda$invoke$0(ExecutableInvoker.java:105) ~[junit-jupiter-engine-5.7.0.jar:5.7.0]
	at org.junit.jupiter.engine.execution.InvocationInterceptorChain$InterceptedInvocation.proceed(InvocationInterceptorChain.java:106) ~[junit-jupiter-engine-5.7.0.jar:5.7.0]
	at org.junit.jupiter.engine.execution.InvocationInterceptorChain.proceed(InvocationInterceptorChain.java:64) ~[junit-jupiter-engine-5.7.0.jar:5.7.0]
	at org.junit.jupiter.engine.execution.InvocationInterceptorChain.chainAndInvoke(InvocationInterceptorChain.java:45) ~[junit-jupiter-engine-5.7.0.jar:5.7.0]
	at org.junit.jupiter.engine.execution.InvocationInterceptorChain.invoke(InvocationInterceptorChain.java:37) ~[junit-jupiter-engine-5.7.0.jar:5.7.0]
	at org.junit.jupiter.engine.execution.ExecutableInvoker.invoke(ExecutableInvoker.java:104) ~[junit-jupiter-engine-5.7.0.jar:5.7.0]
	at org.junit.jupiter.engine.execution.ExecutableInvoker.invoke(ExecutableInvoker.java:98) ~[junit-jupiter-engine-5.7.0.jar:5.7.0]
	at org.junit.jupiter.engine.descriptor.TestMethodTestDescriptor.lambda$invokeTestMethod$6(TestMethodTestDescriptor.java:210) ~[junit-jupiter-engine-5.7.0.jar:5.7.0]
	at org.junit.platform.engine.support.hierarchical.ThrowableCollector.execute(ThrowableCollector.java:73) ~[junit-platform-engine-1.7.0.jar:1.7.0]
	at org.junit.jupiter.engine.descriptor.TestMethodTestDescriptor.invokeTestMethod(TestMethodTestDescriptor.java:206) ~[junit-jupiter-engine-5.7.0.jar:5.7.0]
	at org.junit.jupiter.engine.descriptor.TestMethodTestDescriptor.execute(TestMethodTestDescriptor.java:131) ~[junit-jupiter-engine-5.7.0.jar:5.7.0]
	at org.junit.jupiter.engine.descriptor.TestMethodTestDescriptor.execute(TestMethodTestDescriptor.java:65) ~[junit-jupiter-engine-5.7.0.jar:5.7.0]
	at org.junit.platform.engine.support.hierarchical.NodeTestTask.lambda$executeRecursively$5(NodeTestTask.java:139) ~[junit-platform-engine-1.7.0.jar:1.7.0]
	at org.junit.platform.engine.support.hierarchical.ThrowableCollector.execute(ThrowableCollector.java:73) ~[junit-platform-engine-1.7.0.jar:1.7.0]
	at org.junit.platform.engine.support.hierarchical.NodeTestTask.lambda$executeRecursively$7(NodeTestTask.java:129) ~[junit-platform-engine-1.7.0.jar:1.7.0]
	at org.junit.platform.engine.support.hierarchical.Node.around(Node.java:137) ~[junit-platform-engine-1.7.0.jar:1.7.0]
	at org.junit.platform.engine.support.hierarchical.NodeTestTask.lambda$executeRecursively$8(NodeTestTask.java:127) ~[junit-platform-engine-1.7.0.jar:1.7.0]
	at org.junit.platform.engine.support.hierarchical.ThrowableCollector.execute(ThrowableCollector.java:73) ~[junit-platform-engine-1.7.0.jar:1.7.0]
	at org.junit.platform.engine.support.hierarchical.NodeTestTask.executeRecursively(NodeTestTask.java:126) ~[junit-platform-engine-1.7.0.jar:1.7.0]
	at org.junit.platform.engine.support.hierarchical.NodeTestTask.execute(NodeTestTask.java:84) ~[junit-platform-engine-1.7.0.jar:1.7.0]
	at java.util.ArrayList.forEach(ArrayList.java:1596) ~[?:?]
	at org.junit.platform.engine.support.hierarchical.SameThreadHierarchicalTestExecutorService.invokeAll(SameThreadHierarchicalTestExecutorService.java:38) ~[junit-platform-engine-1.7.0.jar:1.7.0]
	at org.junit.platform.engine.support.hierarchical.NodeTestTask.lambda$executeRecursively$5(NodeTestTask.java:143) ~[junit-platform-engine-1.7.0.jar:1.7.0]
	at org.junit.platform.engine.support.hierarchical.ThrowableCollector.execute(ThrowableCollector.java:73) ~[junit-platform-engine-1.7.0.jar:1.7.0]
	at org.junit.platform.engine.support.hierarchical.NodeTestTask.lambda$executeRecursively$7(NodeTestTask.java:129) ~[junit-platform-engine-1.7.0.jar:1.7.0]
	at org.junit.platform.engine.support.hierarchical.Node.around(Node.java:137) ~[junit-platform-engine-1.7.0.jar:1.7.0]
	at org.junit.platform.engine.support.hierarchical.NodeTestTask.lambda$executeRecursively$8(NodeTestTask.java:127) ~[junit-platform-engine-1.7.0.jar:1.7.0]
	at org.junit.platform.engine.support.hierarchical.ThrowableCollector.execute(ThrowableCollector.java:73) ~[junit-platform-engine-1.7.0.jar:1.7.0]
	at org.junit.platform.engine.support.hierarchical.NodeTestTask.executeRecursively(NodeTestTask.java:126) ~[junit-platform-engine-1.7.0.jar:1.7.0]
	at org.junit.platform.engine.support.hierarchical.NodeTestTask.execute(NodeTestTask.java:84) ~[junit-platform-engine-1.7.0.jar:1.7.0]
	at java.util.ArrayList.forEach(ArrayList.java:1596) ~[?:?]
	at org.junit.platform.engine.support.hierarchical.SameThreadHierarchicalTestExecutorService.invokeAll(SameThreadHierarchicalTestExecutorService.java:38) ~[junit-platform-engine-1.7.0.jar:1.7.0]
	at org.junit.platform.engine.support.hierarchical.NodeTestTask.lambda$executeRecursively$5(NodeTestTask.java:143) ~[junit-platform-engine-1.7.0.jar:1.7.0]
	at org.junit.platform.engine.support.hierarchical.ThrowableCollector.execute(ThrowableCollector.java:73) ~[junit-platform-engine-1.7.0.jar:1.7.0]
	at org.junit.platform.engine.support.hierarchical.NodeTestTask.lambda$executeRecursively$7(NodeTestTask.java:129) ~[junit-platform-engine-1.7.0.jar:1.7.0]
	at org.junit.platform.engine.support.hierarchical.Node.around(Node.java:137) ~[junit-platform-engine-1.7.0.jar:1.7.0]
	at org.junit.platform.engine.support.hierarchical.NodeTestTask.lambda$executeRecursively$8(NodeTestTask.java:127) ~[junit-platform-engine-1.7.0.jar:1.7.0]
	at org.junit.platform.engine.support.hierarchical.ThrowableCollector.execute(ThrowableCollector.java:73) ~[junit-platform-engine-1.7.0.jar:1.7.0]
	at org.junit.platform.engine.support.hierarchical.NodeTestTask.executeRecursively(NodeTestTask.java:126) ~[junit-platform-engine-1.7.0.jar:1.7.0]
	at org.junit.platform.engine.support.hierarchical.NodeTestTask.execute(NodeTestTask.java:84) ~[junit-platform-engine-1.7.0.jar:1.7.0]
	at org.junit.platform.engine.support.hierarchical.SameThreadHierarchicalTestExecutorService.submit(SameThreadHierarchicalTestExecutorService.java:32) ~[junit-platform-engine-1.7.0.jar:1.7.0]
	at org.junit.platform.engine.support.hierarchical.HierarchicalTestExecutor.execute(HierarchicalTestExecutor.java:57) ~[junit-platform-engine-1.7.0.jar:1.7.0]
	at org.junit.platform.engine.support.hierarchical.HierarchicalTestEngine.execute(HierarchicalTestEngine.java:51) ~[junit-platform-engine-1.7.0.jar:1.7.0]
	at org.junit.platform.launcher.core.EngineExecutionOrchestrator.execute(EngineExecutionOrchestrator.java:108) ~[junit-platform-launcher-1.7.0.jar:1.7.0]
	at org.junit.platform.launcher.core.EngineExecutionOrchestrator.execute(EngineExecutionOrchestrator.java:88) ~[junit-platform-launcher-1.7.0.jar:1.7.0]
	at org.junit.platform.launcher.core.EngineExecutionOrchestrator.lambda$execute$0(EngineExecutionOrchestrator.java:54) ~[junit-platform-launcher-1.7.0.jar:1.7.0]
	at org.junit.platform.launcher.core.EngineExecutionOrchestrator.withInterceptedStreams(EngineExecutionOrchestrator.java:67) [junit-platform-launcher-1.7.0.jar:1.7.0]
	at org.junit.platform.launcher.core.EngineExecutionOrchestrator.execute(EngineExecutionOrchestrator.java:52) [junit-platform-launcher-1.7.0.jar:1.7.0]
	at org.junit.platform.launcher.core.DefaultLauncher.execute(DefaultLauncher.java:96) [junit-platform-launcher-1.7.0.jar:1.7.0]
	at org.junit.platform.launcher.core.DefaultLauncher.execute(DefaultLauncher.java:75) [junit-platform-launcher-1.7.0.jar:1.7.0]
	at org.apache.maven.surefire.junitplatform.JUnitPlatformProvider.execute(JUnitPlatformProvider.java:188) [surefire-junit-platform-3.0.0-M5.jar:3.0.0-M5]
	at org.apache.maven.surefire.junitplatform.JUnitPlatformProvider.invokeAllTests(JUnitPlatformProvider.java:154) [surefire-junit-platform-3.0.0-M5.jar:3.0.0-M5]
	at org.apache.maven.surefire.junitplatform.JUnitPlatformProvider.invoke(JUnitPlatformProvider.java:128) [surefire-junit-platform-3.0.0-M5.jar:3.0.0-M5]
	at org.apache.maven.surefire.booter.ForkedBooter.runSuitesInProcess(ForkedBooter.java:428) [surefire-booter-3.0.0-M5.jar:3.0.0-M5]
	at org.apache.maven.surefire.booter.ForkedBooter.execute(ForkedBooter.java:162) [surefire-booter-3.0.0-M5.jar:3.0.0-M5]
	at org.apache.maven.surefire.booter.ForkedBooter.run(ForkedBooter.java:562) [surefire-booter-3.0.0-M5.jar:3.0.0-M5]
	at org.apache.maven.surefire.booter.ForkedBooter.main(ForkedBooter.java:548) [surefire-booter-3.0.0-M5.jar:3.0.0-M5]
2025-02-28 00:53:54 [mainclass.Main.main()] INFO : Creating command: PUSH
2025-02-28 00:53:54 [mainclass.Main.main()] INFO : Command PUSH created successfully.
2025-02-28 00:56:18 [main] INFO : Subtract executed: 5.0 - 2.0 = 3.0
2025-02-28 00:56:18 [main] ERROR: Subtract operation failed: Not enough elements in stack.
2025-02-28 00:56:18 [main] ERROR: Define failed. Invalid value for variable
2025-02-28 00:56:18 [main] INFO : Defined: x = 5.0
2025-02-28 00:56:18 [main] INFO : Sqrt executed: sqrt(16.0) = 4.0
2025-02-28 00:56:18 [main] ERROR: Push failed: no parameters
2025-02-28 00:56:18 [main] INFO : Pushed variable: x with value 5.0
2025-02-28 00:56:18 [main] INFO : Divide executed: 6.0 / 2.0 = 3.0
2025-02-28 00:56:18 [main] ERROR: Divide operation failed: Not enough elements in stack.
2025-02-28 00:56:18 [main] ERROR: Add operation failed: Not enough elements in stack.
2025-02-28 00:56:18 [main] INFO : ADD executed: 5.0 + 2.0 = 7.0
2025-02-28 00:56:18 [main] ERROR: Multiply operation failed: Not enough elements in stack.
2025-02-28 00:56:18 [main] INFO : Multiply executed: 5.0 * 5.0 = 25.0
2025-02-28 00:56:18 [main] INFO : Popped: 5.0
2025-02-28 00:56:18 [main] ERROR: Pop failed. Pop command requires at least one value in the stack.
2025-02-28 00:56:18 [main] INFO : Creating command: PUSH
2025-02-28 00:56:18 [main] INFO : Command PUSH created successfully.
2025-02-28 00:56:18 [main] INFO : Creating command: POP
2025-02-28 00:56:18 [main] INFO : Popped: 10.0
2025-02-28 00:56:18 [main] INFO : Command POP created successfully.
2025-02-28 00:56:18 [main] INFO : Creating command: DEFINE
2025-02-28 00:56:18 [main] INFO : Defined: x = 10.0
2025-02-28 00:56:18 [main] INFO : Command DEFINE created successfully.
2025-02-28 00:56:18 [main] INFO : Creating command: DIVIDE
2025-02-28 00:56:18 [main] ERROR: Divide operation failed: Not enough elements in stack.
2025-02-28 00:56:18 [main] ERROR: Error creating command: DIVIDE
java.lang.IllegalArgumentException: Divide command requires at least two values in the stack.
	at commands.Divide.execute(Divide.java:17) ~[classes/:?]
	at factory.CommandFactory.createCommand(CommandFactory.java:78) ~[classes/:?]
	at factory.FactoryTest.lambda$testFactoryCreatesAlls$3(TestFactory.java:44) ~[test-classes/:?]
	at org.junit.jupiter.api.AssertDoesNotThrow.assertDoesNotThrow(AssertDoesNotThrow.java:50) ~[junit-jupiter-api-5.7.0.jar:5.7.0]
	at org.junit.jupiter.api.AssertDoesNotThrow.assertDoesNotThrow(AssertDoesNotThrow.java:37) ~[junit-jupiter-api-5.7.0.jar:5.7.0]
	at org.junit.jupiter.api.Assertions.assertDoesNotThrow(Assertions.java:3060) ~[junit-jupiter-api-5.7.0.jar:5.7.0]
	at factory.FactoryTest.testFactoryCreatesAlls(TestFactory.java:43) ~[test-classes/:?]
	at jdk.internal.reflect.DirectMethodHandleAccessor.invoke(DirectMethodHandleAccessor.java:103) ~[?:?]
	at java.lang.reflect.Method.invoke(Method.java:580) ~[?:?]
	at org.junit.platform.commons.util.ReflectionUtils.invokeMethod(ReflectionUtils.java:688) ~[junit-platform-commons-1.7.0.jar:1.7.0]
	at org.junit.jupiter.engine.execution.MethodInvocation.proceed(MethodInvocation.java:60) ~[junit-jupiter-engine-5.7.0.jar:5.7.0]
	at org.junit.jupiter.engine.execution.InvocationInterceptorChain$ValidatingInvocation.proceed(InvocationInterceptorChain.java:131) ~[junit-jupiter-engine-5.7.0.jar:5.7.0]
	at org.junit.jupiter.engine.extension.TimeoutExtension.intercept(TimeoutExtension.java:149) ~[junit-jupiter-engine-5.7.0.jar:5.7.0]
	at org.junit.jupiter.engine.extension.TimeoutExtension.interceptTestableMethod(TimeoutExtension.java:140) ~[junit-jupiter-engine-5.7.0.jar:5.7.0]
	at org.junit.jupiter.engine.extension.TimeoutExtension.interceptTestMethod(TimeoutExtension.java:84) ~[junit-jupiter-engine-5.7.0.jar:5.7.0]
	at org.junit.jupiter.engine.execution.ExecutableInvoker$ReflectiveInterceptorCall.lambda$ofVoidMethod$0(ExecutableInvoker.java:115) ~[junit-jupiter-engine-5.7.0.jar:5.7.0]
	at org.junit.jupiter.engine.execution.ExecutableInvoker.lambda$invoke$0(ExecutableInvoker.java:105) ~[junit-jupiter-engine-5.7.0.jar:5.7.0]
	at org.junit.jupiter.engine.execution.InvocationInterceptorChain$InterceptedInvocation.proceed(InvocationInterceptorChain.java:106) ~[junit-jupiter-engine-5.7.0.jar:5.7.0]
	at org.junit.jupiter.engine.execution.InvocationInterceptorChain.proceed(InvocationInterceptorChain.java:64) ~[junit-jupiter-engine-5.7.0.jar:5.7.0]
	at org.junit.jupiter.engine.execution.InvocationInterceptorChain.chainAndInvoke(InvocationInterceptorChain.java:45) ~[junit-jupiter-engine-5.7.0.jar:5.7.0]
	at org.junit.jupiter.engine.execution.InvocationInterceptorChain.invoke(InvocationInterceptorChain.java:37) ~[junit-jupiter-engine-5.7.0.jar:5.7.0]
	at org.junit.jupiter.engine.execution.ExecutableInvoker.invoke(ExecutableInvoker.java:104) ~[junit-jupiter-engine-5.7.0.jar:5.7.0]
	at org.junit.jupiter.engine.execution.ExecutableInvoker.invoke(ExecutableInvoker.java:98) ~[junit-jupiter-engine-5.7.0.jar:5.7.0]
	at org.junit.jupiter.engine.descriptor.TestMethodTestDescriptor.lambda$invokeTestMethod$6(TestMethodTestDescriptor.java:210) ~[junit-jupiter-engine-5.7.0.jar:5.7.0]
	at org.junit.platform.engine.support.hierarchical.ThrowableCollector.execute(ThrowableCollector.java:73) ~[junit-platform-engine-1.7.0.jar:1.7.0]
	at org.junit.jupiter.engine.descriptor.TestMethodTestDescriptor.invokeTestMethod(TestMethodTestDescriptor.java:206) ~[junit-jupiter-engine-5.7.0.jar:5.7.0]
	at org.junit.jupiter.engine.descriptor.TestMethodTestDescriptor.execute(TestMethodTestDescriptor.java:131) ~[junit-jupiter-engine-5.7.0.jar:5.7.0]
	at org.junit.jupiter.engine.descriptor.TestMethodTestDescriptor.execute(TestMethodTestDescriptor.java:65) ~[junit-jupiter-engine-5.7.0.jar:5.7.0]
	at org.junit.platform.engine.support.hierarchical.NodeTestTask.lambda$executeRecursively$5(NodeTestTask.java:139) ~[junit-platform-engine-1.7.0.jar:1.7.0]
	at org.junit.platform.engine.support.hierarchical.ThrowableCollector.execute(ThrowableCollector.java:73) ~[junit-platform-engine-1.7.0.jar:1.7.0]
	at org.junit.platform.engine.support.hierarchical.NodeTestTask.lambda$executeRecursively$7(NodeTestTask.java:129) ~[junit-platform-engine-1.7.0.jar:1.7.0]
	at org.junit.platform.engine.support.hierarchical.Node.around(Node.java:137) ~[junit-platform-engine-1.7.0.jar:1.7.0]
	at org.junit.platform.engine.support.hierarchical.NodeTestTask.lambda$executeRecursively$8(NodeTestTask.java:127) ~[junit-platform-engine-1.7.0.jar:1.7.0]
	at org.junit.platform.engine.support.hierarchical.ThrowableCollector.execute(ThrowableCollector.java:73) ~[junit-platform-engine-1.7.0.jar:1.7.0]
	at org.junit.platform.engine.support.hierarchical.NodeTestTask.executeRecursively(NodeTestTask.java:126) ~[junit-platform-engine-1.7.0.jar:1.7.0]
	at org.junit.platform.engine.support.hierarchical.NodeTestTask.execute(NodeTestTask.java:84) ~[junit-platform-engine-1.7.0.jar:1.7.0]
	at java.util.ArrayList.forEach(ArrayList.java:1596) ~[?:?]
	at org.junit.platform.engine.support.hierarchical.SameThreadHierarchicalTestExecutorService.invokeAll(SameThreadHierarchicalTestExecutorService.java:38) ~[junit-platform-engine-1.7.0.jar:1.7.0]
	at org.junit.platform.engine.support.hierarchical.NodeTestTask.lambda$executeRecursively$5(NodeTestTask.java:143) ~[junit-platform-engine-1.7.0.jar:1.7.0]
	at org.junit.platform.engine.support.hierarchical.ThrowableCollector.execute(ThrowableCollector.java:73) ~[junit-platform-engine-1.7.0.jar:1.7.0]
	at org.junit.platform.engine.support.hierarchical.NodeTestTask.lambda$executeRecursively$7(NodeTestTask.java:129) ~[junit-platform-engine-1.7.0.jar:1.7.0]
	at org.junit.platform.engine.support.hierarchical.Node.around(Node.java:137) ~[junit-platform-engine-1.7.0.jar:1.7.0]
	at org.junit.platform.engine.support.hierarchical.NodeTestTask.lambda$executeRecursively$8(NodeTestTask.java:127) ~[junit-platform-engine-1.7.0.jar:1.7.0]
	at org.junit.platform.engine.support.hierarchical.ThrowableCollector.execute(ThrowableCollector.java:73) ~[junit-platform-engine-1.7.0.jar:1.7.0]
	at org.junit.platform.engine.support.hierarchical.NodeTestTask.executeRecursively(NodeTestTask.java:126) ~[junit-platform-engine-1.7.0.jar:1.7.0]
	at org.junit.platform.engine.support.hierarchical.NodeTestTask.execute(NodeTestTask.java:84) ~[junit-platform-engine-1.7.0.jar:1.7.0]
	at java.util.ArrayList.forEach(ArrayList.java:1596) ~[?:?]
	at org.junit.platform.engine.support.hierarchical.SameThreadHierarchicalTestExecutorService.invokeAll(SameThreadHierarchicalTestExecutorService.java:38) ~[junit-platform-engine-1.7.0.jar:1.7.0]
	at org.junit.platform.engine.support.hierarchical.NodeTestTask.lambda$executeRecursively$5(NodeTestTask.java:143) ~[junit-platform-engine-1.7.0.jar:1.7.0]
	at org.junit.platform.engine.support.hierarchical.ThrowableCollector.execute(ThrowableCollector.java:73) ~[junit-platform-engine-1.7.0.jar:1.7.0]
	at org.junit.platform.engine.support.hierarchical.NodeTestTask.lambda$executeRecursively$7(NodeTestTask.java:129) ~[junit-platform-engine-1.7.0.jar:1.7.0]
	at org.junit.platform.engine.support.hierarchical.Node.around(Node.java:137) ~[junit-platform-engine-1.7.0.jar:1.7.0]
	at org.junit.platform.engine.support.hierarchical.NodeTestTask.lambda$executeRecursively$8(NodeTestTask.java:127) ~[junit-platform-engine-1.7.0.jar:1.7.0]
	at org.junit.platform.engine.support.hierarchical.ThrowableCollector.execute(ThrowableCollector.java:73) ~[junit-platform-engine-1.7.0.jar:1.7.0]
	at org.junit.platform.engine.support.hierarchical.NodeTestTask.executeRecursively(NodeTestTask.java:126) ~[junit-platform-engine-1.7.0.jar:1.7.0]
	at org.junit.platform.engine.support.hierarchical.NodeTestTask.execute(NodeTestTask.java:84) ~[junit-platform-engine-1.7.0.jar:1.7.0]
	at org.junit.platform.engine.support.hierarchical.SameThreadHierarchicalTestExecutorService.submit(SameThreadHierarchicalTestExecutorService.java:32) ~[junit-platform-engine-1.7.0.jar:1.7.0]
	at org.junit.platform.engine.support.hierarchical.HierarchicalTestExecutor.execute(HierarchicalTestExecutor.java:57) ~[junit-platform-engine-1.7.0.jar:1.7.0]
	at org.junit.platform.engine.support.hierarchical.HierarchicalTestEngine.execute(HierarchicalTestEngine.java:51) ~[junit-platform-engine-1.7.0.jar:1.7.0]
	at org.junit.platform.launcher.core.EngineExecutionOrchestrator.execute(EngineExecutionOrchestrator.java:108) ~[junit-platform-launcher-1.7.0.jar:1.7.0]
	at org.junit.platform.launcher.core.EngineExecutionOrchestrator.execute(EngineExecutionOrchestrator.java:88) ~[junit-platform-launcher-1.7.0.jar:1.7.0]
	at org.junit.platform.launcher.core.EngineExecutionOrchestrator.lambda$execute$0(EngineExecutionOrchestrator.java:54) ~[junit-platform-launcher-1.7.0.jar:1.7.0]
	at org.junit.platform.launcher.core.EngineExecutionOrchestrator.withInterceptedStreams(EngineExecutionOrchestrator.java:67) [junit-platform-launcher-1.7.0.jar:1.7.0]
	at org.junit.platform.launcher.core.EngineExecutionOrchestrator.execute(EngineExecutionOrchestrator.java:52) [junit-platform-launcher-1.7.0.jar:1.7.0]
	at org.junit.platform.launcher.core.DefaultLauncher.execute(DefaultLauncher.java:96) [junit-platform-launcher-1.7.0.jar:1.7.0]
	at org.junit.platform.launcher.core.DefaultLauncher.execute(DefaultLauncher.java:75) [junit-platform-launcher-1.7.0.jar:1.7.0]
	at org.apache.maven.surefire.junitplatform.JUnitPlatformProvider.execute(JUnitPlatformProvider.java:188) [surefire-junit-platform-3.0.0-M5.jar:3.0.0-M5]
	at org.apache.maven.surefire.junitplatform.JUnitPlatformProvider.invokeAllTests(JUnitPlatformProvider.java:154) [surefire-junit-platform-3.0.0-M5.jar:3.0.0-M5]
	at org.apache.maven.surefire.junitplatform.JUnitPlatformProvider.invoke(JUnitPlatformProvider.java:128) [surefire-junit-platform-3.0.0-M5.jar:3.0.0-M5]
	at org.apache.maven.surefire.booter.ForkedBooter.runSuitesInProcess(ForkedBooter.java:428) [surefire-booter-3.0.0-M5.jar:3.0.0-M5]
	at org.apache.maven.surefire.booter.ForkedBooter.execute(ForkedBooter.java:162) [surefire-booter-3.0.0-M5.jar:3.0.0-M5]
	at org.apache.maven.surefire.booter.ForkedBooter.run(ForkedBooter.java:562) [surefire-booter-3.0.0-M5.jar:3.0.0-M5]
	at org.apache.maven.surefire.booter.ForkedBooter.main(ForkedBooter.java:548) [surefire-booter-3.0.0-M5.jar:3.0.0-M5]
2025-02-28 00:58:04 [main] INFO : Subtract executed: 5.0 - 2.0 = 3.0
2025-02-28 00:58:04 [main] ERROR: Subtract operation failed: Not enough elements in stack.
2025-02-28 00:58:04 [main] ERROR: Define failed. Invalid value for variable
2025-02-28 00:58:04 [main] INFO : Defined: x = 5.0
2025-02-28 00:58:04 [main] INFO : Sqrt executed: sqrt(16.0) = 4.0
2025-02-28 00:58:04 [main] ERROR: Push failed: no parameters
2025-02-28 00:58:04 [main] INFO : Pushed variable: x with value 5.0
2025-02-28 00:58:04 [main] INFO : Divide executed: 6.0 / 2.0 = 3.0
2025-02-28 00:58:04 [main] ERROR: Divide operation failed: Not enough elements in stack.
2025-02-28 00:58:04 [main] ERROR: Add operation failed: Not enough elements in stack.
2025-02-28 00:58:04 [main] INFO : ADD executed: 5.0 + 2.0 = 7.0
2025-02-28 00:58:04 [main] ERROR: Multiply operation failed: Not enough elements in stack.
2025-02-28 00:58:04 [main] INFO : Multiply executed: 5.0 * 5.0 = 25.0
2025-02-28 00:58:04 [main] INFO : Popped: 5.0
2025-02-28 00:58:04 [main] ERROR: Pop failed. Pop command requires at least one value in the stack.
2025-02-28 00:58:04 [main] INFO : Creating command: PUSH
2025-02-28 00:58:04 [main] INFO : Command PUSH created successfully.
2025-02-28 00:58:04 [main] INFO : Creating command: POP
2025-02-28 00:58:04 [main] INFO : Popped: 10.0
2025-02-28 00:58:04 [main] INFO : Command POP created successfully.
2025-02-28 00:58:04 [main] INFO : Creating command: DEFINE
2025-02-28 00:58:04 [main] INFO : Defined: x = 10.0
2025-02-28 00:58:04 [main] INFO : Command DEFINE created successfully.
2025-02-28 00:58:04 [main] INFO : Creating command: DIVIDE
2025-02-28 00:58:04 [main] ERROR: Divide operation failed: Not enough elements in stack.
2025-02-28 00:58:04 [main] ERROR: Error creating command: DIVIDE
java.lang.IllegalArgumentException: Divide command requires at least two values in the stack.
	at commands.Divide.execute(Divide.java:17) ~[classes/:?]
	at factory.CommandFactory.createCommand(CommandFactory.java:78) ~[classes/:?]
	at factory.FactoryTest.lambda$testFactoryCreatesAlls$3(TestFactory.java:44) ~[test-classes/:?]
	at org.junit.jupiter.api.AssertDoesNotThrow.assertDoesNotThrow(AssertDoesNotThrow.java:50) ~[junit-jupiter-api-5.7.0.jar:5.7.0]
	at org.junit.jupiter.api.AssertDoesNotThrow.assertDoesNotThrow(AssertDoesNotThrow.java:37) ~[junit-jupiter-api-5.7.0.jar:5.7.0]
	at org.junit.jupiter.api.Assertions.assertDoesNotThrow(Assertions.java:3060) ~[junit-jupiter-api-5.7.0.jar:5.7.0]
	at factory.FactoryTest.testFactoryCreatesAlls(TestFactory.java:43) ~[test-classes/:?]
	at jdk.internal.reflect.DirectMethodHandleAccessor.invoke(DirectMethodHandleAccessor.java:103) ~[?:?]
	at java.lang.reflect.Method.invoke(Method.java:580) ~[?:?]
	at org.junit.platform.commons.util.ReflectionUtils.invokeMethod(ReflectionUtils.java:688) ~[junit-platform-commons-1.7.0.jar:1.7.0]
	at org.junit.jupiter.engine.execution.MethodInvocation.proceed(MethodInvocation.java:60) ~[junit-jupiter-engine-5.7.0.jar:5.7.0]
	at org.junit.jupiter.engine.execution.InvocationInterceptorChain$ValidatingInvocation.proceed(InvocationInterceptorChain.java:131) ~[junit-jupiter-engine-5.7.0.jar:5.7.0]
	at org.junit.jupiter.engine.extension.TimeoutExtension.intercept(TimeoutExtension.java:149) ~[junit-jupiter-engine-5.7.0.jar:5.7.0]
	at org.junit.jupiter.engine.extension.TimeoutExtension.interceptTestableMethod(TimeoutExtension.java:140) ~[junit-jupiter-engine-5.7.0.jar:5.7.0]
	at org.junit.jupiter.engine.extension.TimeoutExtension.interceptTestMethod(TimeoutExtension.java:84) ~[junit-jupiter-engine-5.7.0.jar:5.7.0]
	at org.junit.jupiter.engine.execution.ExecutableInvoker$ReflectiveInterceptorCall.lambda$ofVoidMethod$0(ExecutableInvoker.java:115) ~[junit-jupiter-engine-5.7.0.jar:5.7.0]
	at org.junit.jupiter.engine.execution.ExecutableInvoker.lambda$invoke$0(ExecutableInvoker.java:105) ~[junit-jupiter-engine-5.7.0.jar:5.7.0]
	at org.junit.jupiter.engine.execution.InvocationInterceptorChain$InterceptedInvocation.proceed(InvocationInterceptorChain.java:106) ~[junit-jupiter-engine-5.7.0.jar:5.7.0]
	at org.junit.jupiter.engine.execution.InvocationInterceptorChain.proceed(InvocationInterceptorChain.java:64) ~[junit-jupiter-engine-5.7.0.jar:5.7.0]
	at org.junit.jupiter.engine.execution.InvocationInterceptorChain.chainAndInvoke(InvocationInterceptorChain.java:45) ~[junit-jupiter-engine-5.7.0.jar:5.7.0]
	at org.junit.jupiter.engine.execution.InvocationInterceptorChain.invoke(InvocationInterceptorChain.java:37) ~[junit-jupiter-engine-5.7.0.jar:5.7.0]
	at org.junit.jupiter.engine.execution.ExecutableInvoker.invoke(ExecutableInvoker.java:104) ~[junit-jupiter-engine-5.7.0.jar:5.7.0]
	at org.junit.jupiter.engine.execution.ExecutableInvoker.invoke(ExecutableInvoker.java:98) ~[junit-jupiter-engine-5.7.0.jar:5.7.0]
	at org.junit.jupiter.engine.descriptor.TestMethodTestDescriptor.lambda$invokeTestMethod$6(TestMethodTestDescriptor.java:210) ~[junit-jupiter-engine-5.7.0.jar:5.7.0]
	at org.junit.platform.engine.support.hierarchical.ThrowableCollector.execute(ThrowableCollector.java:73) ~[junit-platform-engine-1.7.0.jar:1.7.0]
	at org.junit.jupiter.engine.descriptor.TestMethodTestDescriptor.invokeTestMethod(TestMethodTestDescriptor.java:206) ~[junit-jupiter-engine-5.7.0.jar:5.7.0]
	at org.junit.jupiter.engine.descriptor.TestMethodTestDescriptor.execute(TestMethodTestDescriptor.java:131) ~[junit-jupiter-engine-5.7.0.jar:5.7.0]
	at org.junit.jupiter.engine.descriptor.TestMethodTestDescriptor.execute(TestMethodTestDescriptor.java:65) ~[junit-jupiter-engine-5.7.0.jar:5.7.0]
	at org.junit.platform.engine.support.hierarchical.NodeTestTask.lambda$executeRecursively$5(NodeTestTask.java:139) ~[junit-platform-engine-1.7.0.jar:1.7.0]
	at org.junit.platform.engine.support.hierarchical.ThrowableCollector.execute(ThrowableCollector.java:73) ~[junit-platform-engine-1.7.0.jar:1.7.0]
	at org.junit.platform.engine.support.hierarchical.NodeTestTask.lambda$executeRecursively$7(NodeTestTask.java:129) ~[junit-platform-engine-1.7.0.jar:1.7.0]
	at org.junit.platform.engine.support.hierarchical.Node.around(Node.java:137) ~[junit-platform-engine-1.7.0.jar:1.7.0]
	at org.junit.platform.engine.support.hierarchical.NodeTestTask.lambda$executeRecursively$8(NodeTestTask.java:127) ~[junit-platform-engine-1.7.0.jar:1.7.0]
	at org.junit.platform.engine.support.hierarchical.ThrowableCollector.execute(ThrowableCollector.java:73) ~[junit-platform-engine-1.7.0.jar:1.7.0]
	at org.junit.platform.engine.support.hierarchical.NodeTestTask.executeRecursively(NodeTestTask.java:126) ~[junit-platform-engine-1.7.0.jar:1.7.0]
	at org.junit.platform.engine.support.hierarchical.NodeTestTask.execute(NodeTestTask.java:84) ~[junit-platform-engine-1.7.0.jar:1.7.0]
	at java.util.ArrayList.forEach(ArrayList.java:1596) ~[?:?]
	at org.junit.platform.engine.support.hierarchical.SameThreadHierarchicalTestExecutorService.invokeAll(SameThreadHierarchicalTestExecutorService.java:38) ~[junit-platform-engine-1.7.0.jar:1.7.0]
	at org.junit.platform.engine.support.hierarchical.NodeTestTask.lambda$executeRecursively$5(NodeTestTask.java:143) ~[junit-platform-engine-1.7.0.jar:1.7.0]
	at org.junit.platform.engine.support.hierarchical.ThrowableCollector.execute(ThrowableCollector.java:73) ~[junit-platform-engine-1.7.0.jar:1.7.0]
	at org.junit.platform.engine.support.hierarchical.NodeTestTask.lambda$executeRecursively$7(NodeTestTask.java:129) ~[junit-platform-engine-1.7.0.jar:1.7.0]
	at org.junit.platform.engine.support.hierarchical.Node.around(Node.java:137) ~[junit-platform-engine-1.7.0.jar:1.7.0]
	at org.junit.platform.engine.support.hierarchical.NodeTestTask.lambda$executeRecursively$8(NodeTestTask.java:127) ~[junit-platform-engine-1.7.0.jar:1.7.0]
	at org.junit.platform.engine.support.hierarchical.ThrowableCollector.execute(ThrowableCollector.java:73) ~[junit-platform-engine-1.7.0.jar:1.7.0]
	at org.junit.platform.engine.support.hierarchical.NodeTestTask.executeRecursively(NodeTestTask.java:126) ~[junit-platform-engine-1.7.0.jar:1.7.0]
	at org.junit.platform.engine.support.hierarchical.NodeTestTask.execute(NodeTestTask.java:84) ~[junit-platform-engine-1.7.0.jar:1.7.0]
	at java.util.ArrayList.forEach(ArrayList.java:1596) ~[?:?]
	at org.junit.platform.engine.support.hierarchical.SameThreadHierarchicalTestExecutorService.invokeAll(SameThreadHierarchicalTestExecutorService.java:38) ~[junit-platform-engine-1.7.0.jar:1.7.0]
	at org.junit.platform.engine.support.hierarchical.NodeTestTask.lambda$executeRecursively$5(NodeTestTask.java:143) ~[junit-platform-engine-1.7.0.jar:1.7.0]
	at org.junit.platform.engine.support.hierarchical.ThrowableCollector.execute(ThrowableCollector.java:73) ~[junit-platform-engine-1.7.0.jar:1.7.0]
	at org.junit.platform.engine.support.hierarchical.NodeTestTask.lambda$executeRecursively$7(NodeTestTask.java:129) ~[junit-platform-engine-1.7.0.jar:1.7.0]
	at org.junit.platform.engine.support.hierarchical.Node.around(Node.java:137) ~[junit-platform-engine-1.7.0.jar:1.7.0]
	at org.junit.platform.engine.support.hierarchical.NodeTestTask.lambda$executeRecursively$8(NodeTestTask.java:127) ~[junit-platform-engine-1.7.0.jar:1.7.0]
	at org.junit.platform.engine.support.hierarchical.ThrowableCollector.execute(ThrowableCollector.java:73) ~[junit-platform-engine-1.7.0.jar:1.7.0]
	at org.junit.platform.engine.support.hierarchical.NodeTestTask.executeRecursively(NodeTestTask.java:126) ~[junit-platform-engine-1.7.0.jar:1.7.0]
	at org.junit.platform.engine.support.hierarchical.NodeTestTask.execute(NodeTestTask.java:84) ~[junit-platform-engine-1.7.0.jar:1.7.0]
	at org.junit.platform.engine.support.hierarchical.SameThreadHierarchicalTestExecutorService.submit(SameThreadHierarchicalTestExecutorService.java:32) ~[junit-platform-engine-1.7.0.jar:1.7.0]
	at org.junit.platform.engine.support.hierarchical.HierarchicalTestExecutor.execute(HierarchicalTestExecutor.java:57) ~[junit-platform-engine-1.7.0.jar:1.7.0]
	at org.junit.platform.engine.support.hierarchical.HierarchicalTestEngine.execute(HierarchicalTestEngine.java:51) ~[junit-platform-engine-1.7.0.jar:1.7.0]
	at org.junit.platform.launcher.core.EngineExecutionOrchestrator.execute(EngineExecutionOrchestrator.java:108) ~[junit-platform-launcher-1.7.0.jar:1.7.0]
	at org.junit.platform.launcher.core.EngineExecutionOrchestrator.execute(EngineExecutionOrchestrator.java:88) ~[junit-platform-launcher-1.7.0.jar:1.7.0]
	at org.junit.platform.launcher.core.EngineExecutionOrchestrator.lambda$execute$0(EngineExecutionOrchestrator.java:54) ~[junit-platform-launcher-1.7.0.jar:1.7.0]
	at org.junit.platform.launcher.core.EngineExecutionOrchestrator.withInterceptedStreams(EngineExecutionOrchestrator.java:67) [junit-platform-launcher-1.7.0.jar:1.7.0]
	at org.junit.platform.launcher.core.EngineExecutionOrchestrator.execute(EngineExecutionOrchestrator.java:52) [junit-platform-launcher-1.7.0.jar:1.7.0]
	at org.junit.platform.launcher.core.DefaultLauncher.execute(DefaultLauncher.java:96) [junit-platform-launcher-1.7.0.jar:1.7.0]
	at org.junit.platform.launcher.core.DefaultLauncher.execute(DefaultLauncher.java:75) [junit-platform-launcher-1.7.0.jar:1.7.0]
	at org.apache.maven.surefire.junitplatform.JUnitPlatformProvider.execute(JUnitPlatformProvider.java:188) [surefire-junit-platform-3.0.0-M5.jar:3.0.0-M5]
	at org.apache.maven.surefire.junitplatform.JUnitPlatformProvider.invokeAllTests(JUnitPlatformProvider.java:154) [surefire-junit-platform-3.0.0-M5.jar:3.0.0-M5]
	at org.apache.maven.surefire.junitplatform.JUnitPlatformProvider.invoke(JUnitPlatformProvider.java:128) [surefire-junit-platform-3.0.0-M5.jar:3.0.0-M5]
	at org.apache.maven.surefire.booter.ForkedBooter.runSuitesInProcess(ForkedBooter.java:428) [surefire-booter-3.0.0-M5.jar:3.0.0-M5]
	at org.apache.maven.surefire.booter.ForkedBooter.execute(ForkedBooter.java:162) [surefire-booter-3.0.0-M5.jar:3.0.0-M5]
	at org.apache.maven.surefire.booter.ForkedBooter.run(ForkedBooter.java:562) [surefire-booter-3.0.0-M5.jar:3.0.0-M5]
	at org.apache.maven.surefire.booter.ForkedBooter.main(ForkedBooter.java:548) [surefire-booter-3.0.0-M5.jar:3.0.0-M5]
2025-02-28 01:03:05 [main] INFO : Subtract executed: 5.0 - 2.0 = 3.0
2025-02-28 01:03:05 [main] ERROR: Subtract operation failed: Not enough elements in stack.
2025-02-28 01:03:05 [main] ERROR: Define failed. Invalid value for variable
2025-02-28 01:03:05 [main] INFO : Defined: x = 5.0
2025-02-28 01:03:05 [main] INFO : Sqrt executed: sqrt(16.0) = 4.0
2025-02-28 01:03:05 [main] ERROR: Push failed: no parameters
2025-02-28 01:03:05 [main] INFO : Pushed variable: x with value 5.0
2025-02-28 01:03:05 [main] INFO : Divide executed: 6.0 / 2.0 = 3.0
2025-02-28 01:03:05 [main] ERROR: Divide operation failed: Not enough elements in stack.
2025-02-28 01:03:05 [main] ERROR: Add operation failed: Not enough elements in stack.
2025-02-28 01:03:05 [main] INFO : ADD executed: 5.0 + 2.0 = 7.0
2025-02-28 01:03:05 [main] ERROR: Multiply operation failed: Not enough elements in stack.
2025-02-28 01:03:05 [main] INFO : Multiply executed: 5.0 * 5.0 = 25.0
2025-02-28 01:03:05 [main] INFO : Popped: 5.0
2025-02-28 01:03:05 [main] ERROR: Pop failed. Pop command requires at least one value in the stack.
2025-02-28 01:03:05 [main] INFO : Creating command: PUSH
2025-02-28 01:03:05 [main] INFO : Command PUSH created successfully.
2025-02-28 01:03:05 [main] INFO : Creating command: POP
2025-02-28 01:03:05 [main] INFO : Popped: 10.0
2025-02-28 01:03:05 [main] INFO : Command POP created successfully.
2025-02-28 01:03:05 [main] INFO : Creating command: DEFINE
2025-02-28 01:03:05 [main] INFO : Defined: x = 10.0
2025-02-28 01:03:05 [main] INFO : Command DEFINE created successfully.
2025-02-28 01:03:05 [main] INFO : Creating command: DIVIDE
2025-02-28 01:03:05 [main] INFO : Divide executed: 1.0 / 2.0 = 0.5
2025-02-28 01:03:05 [main] INFO : Command DIVIDE created successfully.
2025-02-28 01:05:26 [main] INFO : Subtract executed: 5.0 - 2.0 = 3.0
2025-02-28 01:05:26 [main] ERROR: Subtract operation failed: Not enough elements in stack.
2025-02-28 01:05:26 [main] ERROR: Define failed. Invalid value for variable
2025-02-28 01:05:26 [main] INFO : Defined: x = 5.0
2025-02-28 01:05:26 [main] INFO : Sqrt executed: sqrt(16.0) = 4.0
2025-02-28 01:05:26 [main] ERROR: Push failed: no parameters
2025-02-28 01:05:26 [main] INFO : Pushed variable: x with value 5.0
2025-02-28 01:05:26 [main] INFO : Divide executed: 6.0 / 2.0 = 3.0
2025-02-28 01:05:26 [main] ERROR: Divide operation failed: Not enough elements in stack.
2025-02-28 01:05:26 [main] ERROR: Add operation failed: Not enough elements in stack.
2025-02-28 01:05:26 [main] INFO : ADD executed: 5.0 + 2.0 = 7.0
2025-02-28 01:05:26 [main] ERROR: Multiply operation failed: Not enough elements in stack.
2025-02-28 01:05:26 [main] INFO : Multiply executed: 5.0 * 5.0 = 25.0
2025-02-28 01:05:26 [main] INFO : Popped: 5.0
2025-02-28 01:05:26 [main] ERROR: Pop failed. Pop command requires at least one value in the stack.
2025-02-28 01:05:26 [main] INFO : Creating command: PUSH
2025-02-28 01:05:26 [main] INFO : Command PUSH created successfully.
2025-02-28 01:05:26 [main] INFO : Creating command: POP
2025-02-28 01:05:26 [main] INFO : Popped: 10.0
2025-02-28 01:05:26 [main] INFO : Command POP created successfully.
2025-02-28 01:05:26 [main] INFO : Creating command: DEFINE
2025-02-28 01:05:26 [main] INFO : Defined: x = 10.0
2025-02-28 01:05:26 [main] INFO : Command DEFINE created successfully.
2025-02-28 01:05:26 [main] INFO : Creating command: DIVIDE
2025-02-28 01:05:26 [main] INFO : Divide executed: 1.0 / 2.0 = 0.5
2025-02-28 01:05:26 [main] INFO : Command DIVIDE created successfully.
2025-02-28 01:05:26 [main] INFO : Creating command: MULTIPLY
2025-02-28 01:05:26 [main] ERROR: Multiply operation failed: Not enough elements in stack.
2025-02-28 01:05:26 [main] ERROR: Error creating command: MULTIPLY
java.lang.IllegalArgumentException: Multiply command requires at least two values in the stack.
	at commands.Multiply.execute(Multiply.java:17) ~[classes/:?]
	at factory.CommandFactory.createCommand(CommandFactory.java:78) ~[classes/:?]
	at factory.FactoryTest.lambda$testFactoryCreatesAlls$4(TestFactory.java:52) ~[test-classes/:?]
	at org.junit.jupiter.api.AssertDoesNotThrow.assertDoesNotThrow(AssertDoesNotThrow.java:50) ~[junit-jupiter-api-5.7.0.jar:5.7.0]
	at org.junit.jupiter.api.AssertDoesNotThrow.assertDoesNotThrow(AssertDoesNotThrow.java:37) ~[junit-jupiter-api-5.7.0.jar:5.7.0]
	at org.junit.jupiter.api.Assertions.assertDoesNotThrow(Assertions.java:3060) ~[junit-jupiter-api-5.7.0.jar:5.7.0]
	at factory.FactoryTest.testFactoryCreatesAlls(TestFactory.java:51) ~[test-classes/:?]
	at jdk.internal.reflect.DirectMethodHandleAccessor.invoke(DirectMethodHandleAccessor.java:103) ~[?:?]
	at java.lang.reflect.Method.invoke(Method.java:580) ~[?:?]
	at org.junit.platform.commons.util.ReflectionUtils.invokeMethod(ReflectionUtils.java:688) ~[junit-platform-commons-1.7.0.jar:1.7.0]
	at org.junit.jupiter.engine.execution.MethodInvocation.proceed(MethodInvocation.java:60) ~[junit-jupiter-engine-5.7.0.jar:5.7.0]
	at org.junit.jupiter.engine.execution.InvocationInterceptorChain$ValidatingInvocation.proceed(InvocationInterceptorChain.java:131) ~[junit-jupiter-engine-5.7.0.jar:5.7.0]
	at org.junit.jupiter.engine.extension.TimeoutExtension.intercept(TimeoutExtension.java:149) ~[junit-jupiter-engine-5.7.0.jar:5.7.0]
	at org.junit.jupiter.engine.extension.TimeoutExtension.interceptTestableMethod(TimeoutExtension.java:140) ~[junit-jupiter-engine-5.7.0.jar:5.7.0]
	at org.junit.jupiter.engine.extension.TimeoutExtension.interceptTestMethod(TimeoutExtension.java:84) ~[junit-jupiter-engine-5.7.0.jar:5.7.0]
	at org.junit.jupiter.engine.execution.ExecutableInvoker$ReflectiveInterceptorCall.lambda$ofVoidMethod$0(ExecutableInvoker.java:115) ~[junit-jupiter-engine-5.7.0.jar:5.7.0]
	at org.junit.jupiter.engine.execution.ExecutableInvoker.lambda$invoke$0(ExecutableInvoker.java:105) ~[junit-jupiter-engine-5.7.0.jar:5.7.0]
	at org.junit.jupiter.engine.execution.InvocationInterceptorChain$InterceptedInvocation.proceed(InvocationInterceptorChain.java:106) ~[junit-jupiter-engine-5.7.0.jar:5.7.0]
	at org.junit.jupiter.engine.execution.InvocationInterceptorChain.proceed(InvocationInterceptorChain.java:64) ~[junit-jupiter-engine-5.7.0.jar:5.7.0]
	at org.junit.jupiter.engine.execution.InvocationInterceptorChain.chainAndInvoke(InvocationInterceptorChain.java:45) ~[junit-jupiter-engine-5.7.0.jar:5.7.0]
	at org.junit.jupiter.engine.execution.InvocationInterceptorChain.invoke(InvocationInterceptorChain.java:37) ~[junit-jupiter-engine-5.7.0.jar:5.7.0]
	at org.junit.jupiter.engine.execution.ExecutableInvoker.invoke(ExecutableInvoker.java:104) ~[junit-jupiter-engine-5.7.0.jar:5.7.0]
	at org.junit.jupiter.engine.execution.ExecutableInvoker.invoke(ExecutableInvoker.java:98) ~[junit-jupiter-engine-5.7.0.jar:5.7.0]
	at org.junit.jupiter.engine.descriptor.TestMethodTestDescriptor.lambda$invokeTestMethod$6(TestMethodTestDescriptor.java:210) ~[junit-jupiter-engine-5.7.0.jar:5.7.0]
	at org.junit.platform.engine.support.hierarchical.ThrowableCollector.execute(ThrowableCollector.java:73) ~[junit-platform-engine-1.7.0.jar:1.7.0]
	at org.junit.jupiter.engine.descriptor.TestMethodTestDescriptor.invokeTestMethod(TestMethodTestDescriptor.java:206) ~[junit-jupiter-engine-5.7.0.jar:5.7.0]
	at org.junit.jupiter.engine.descriptor.TestMethodTestDescriptor.execute(TestMethodTestDescriptor.java:131) ~[junit-jupiter-engine-5.7.0.jar:5.7.0]
	at org.junit.jupiter.engine.descriptor.TestMethodTestDescriptor.execute(TestMethodTestDescriptor.java:65) ~[junit-jupiter-engine-5.7.0.jar:5.7.0]
	at org.junit.platform.engine.support.hierarchical.NodeTestTask.lambda$executeRecursively$5(NodeTestTask.java:139) ~[junit-platform-engine-1.7.0.jar:1.7.0]
	at org.junit.platform.engine.support.hierarchical.ThrowableCollector.execute(ThrowableCollector.java:73) ~[junit-platform-engine-1.7.0.jar:1.7.0]
	at org.junit.platform.engine.support.hierarchical.NodeTestTask.lambda$executeRecursively$7(NodeTestTask.java:129) ~[junit-platform-engine-1.7.0.jar:1.7.0]
	at org.junit.platform.engine.support.hierarchical.Node.around(Node.java:137) ~[junit-platform-engine-1.7.0.jar:1.7.0]
	at org.junit.platform.engine.support.hierarchical.NodeTestTask.lambda$executeRecursively$8(NodeTestTask.java:127) ~[junit-platform-engine-1.7.0.jar:1.7.0]
	at org.junit.platform.engine.support.hierarchical.ThrowableCollector.execute(ThrowableCollector.java:73) ~[junit-platform-engine-1.7.0.jar:1.7.0]
	at org.junit.platform.engine.support.hierarchical.NodeTestTask.executeRecursively(NodeTestTask.java:126) ~[junit-platform-engine-1.7.0.jar:1.7.0]
	at org.junit.platform.engine.support.hierarchical.NodeTestTask.execute(NodeTestTask.java:84) ~[junit-platform-engine-1.7.0.jar:1.7.0]
	at java.util.ArrayList.forEach(ArrayList.java:1596) ~[?:?]
	at org.junit.platform.engine.support.hierarchical.SameThreadHierarchicalTestExecutorService.invokeAll(SameThreadHierarchicalTestExecutorService.java:38) ~[junit-platform-engine-1.7.0.jar:1.7.0]
	at org.junit.platform.engine.support.hierarchical.NodeTestTask.lambda$executeRecursively$5(NodeTestTask.java:143) ~[junit-platform-engine-1.7.0.jar:1.7.0]
	at org.junit.platform.engine.support.hierarchical.ThrowableCollector.execute(ThrowableCollector.java:73) ~[junit-platform-engine-1.7.0.jar:1.7.0]
	at org.junit.platform.engine.support.hierarchical.NodeTestTask.lambda$executeRecursively$7(NodeTestTask.java:129) ~[junit-platform-engine-1.7.0.jar:1.7.0]
	at org.junit.platform.engine.support.hierarchical.Node.around(Node.java:137) ~[junit-platform-engine-1.7.0.jar:1.7.0]
	at org.junit.platform.engine.support.hierarchical.NodeTestTask.lambda$executeRecursively$8(NodeTestTask.java:127) ~[junit-platform-engine-1.7.0.jar:1.7.0]
	at org.junit.platform.engine.support.hierarchical.ThrowableCollector.execute(ThrowableCollector.java:73) ~[junit-platform-engine-1.7.0.jar:1.7.0]
	at org.junit.platform.engine.support.hierarchical.NodeTestTask.executeRecursively(NodeTestTask.java:126) ~[junit-platform-engine-1.7.0.jar:1.7.0]
	at org.junit.platform.engine.support.hierarchical.NodeTestTask.execute(NodeTestTask.java:84) ~[junit-platform-engine-1.7.0.jar:1.7.0]
	at java.util.ArrayList.forEach(ArrayList.java:1596) ~[?:?]
	at org.junit.platform.engine.support.hierarchical.SameThreadHierarchicalTestExecutorService.invokeAll(SameThreadHierarchicalTestExecutorService.java:38) ~[junit-platform-engine-1.7.0.jar:1.7.0]
	at org.junit.platform.engine.support.hierarchical.NodeTestTask.lambda$executeRecursively$5(NodeTestTask.java:143) ~[junit-platform-engine-1.7.0.jar:1.7.0]
	at org.junit.platform.engine.support.hierarchical.ThrowableCollector.execute(ThrowableCollector.java:73) ~[junit-platform-engine-1.7.0.jar:1.7.0]
	at org.junit.platform.engine.support.hierarchical.NodeTestTask.lambda$executeRecursively$7(NodeTestTask.java:129) ~[junit-platform-engine-1.7.0.jar:1.7.0]
	at org.junit.platform.engine.support.hierarchical.Node.around(Node.java:137) ~[junit-platform-engine-1.7.0.jar:1.7.0]
	at org.junit.platform.engine.support.hierarchical.NodeTestTask.lambda$executeRecursively$8(NodeTestTask.java:127) ~[junit-platform-engine-1.7.0.jar:1.7.0]
	at org.junit.platform.engine.support.hierarchical.ThrowableCollector.execute(ThrowableCollector.java:73) ~[junit-platform-engine-1.7.0.jar:1.7.0]
	at org.junit.platform.engine.support.hierarchical.NodeTestTask.executeRecursively(NodeTestTask.java:126) ~[junit-platform-engine-1.7.0.jar:1.7.0]
	at org.junit.platform.engine.support.hierarchical.NodeTestTask.execute(NodeTestTask.java:84) ~[junit-platform-engine-1.7.0.jar:1.7.0]
	at org.junit.platform.engine.support.hierarchical.SameThreadHierarchicalTestExecutorService.submit(SameThreadHierarchicalTestExecutorService.java:32) ~[junit-platform-engine-1.7.0.jar:1.7.0]
	at org.junit.platform.engine.support.hierarchical.HierarchicalTestExecutor.execute(HierarchicalTestExecutor.java:57) ~[junit-platform-engine-1.7.0.jar:1.7.0]
	at org.junit.platform.engine.support.hierarchical.HierarchicalTestEngine.execute(HierarchicalTestEngine.java:51) ~[junit-platform-engine-1.7.0.jar:1.7.0]
	at org.junit.platform.launcher.core.EngineExecutionOrchestrator.execute(EngineExecutionOrchestrator.java:108) ~[junit-platform-launcher-1.7.0.jar:1.7.0]
	at org.junit.platform.launcher.core.EngineExecutionOrchestrator.execute(EngineExecutionOrchestrator.java:88) ~[junit-platform-launcher-1.7.0.jar:1.7.0]
	at org.junit.platform.launcher.core.EngineExecutionOrchestrator.lambda$execute$0(EngineExecutionOrchestrator.java:54) ~[junit-platform-launcher-1.7.0.jar:1.7.0]
	at org.junit.platform.launcher.core.EngineExecutionOrchestrator.withInterceptedStreams(EngineExecutionOrchestrator.java:67) [junit-platform-launcher-1.7.0.jar:1.7.0]
	at org.junit.platform.launcher.core.EngineExecutionOrchestrator.execute(EngineExecutionOrchestrator.java:52) [junit-platform-launcher-1.7.0.jar:1.7.0]
	at org.junit.platform.launcher.core.DefaultLauncher.execute(DefaultLauncher.java:96) [junit-platform-launcher-1.7.0.jar:1.7.0]
	at org.junit.platform.launcher.core.DefaultLauncher.execute(DefaultLauncher.java:75) [junit-platform-launcher-1.7.0.jar:1.7.0]
	at org.apache.maven.surefire.junitplatform.JUnitPlatformProvider.execute(JUnitPlatformProvider.java:188) [surefire-junit-platform-3.0.0-M5.jar:3.0.0-M5]
	at org.apache.maven.surefire.junitplatform.JUnitPlatformProvider.invokeAllTests(JUnitPlatformProvider.java:154) [surefire-junit-platform-3.0.0-M5.jar:3.0.0-M5]
	at org.apache.maven.surefire.junitplatform.JUnitPlatformProvider.invoke(JUnitPlatformProvider.java:128) [surefire-junit-platform-3.0.0-M5.jar:3.0.0-M5]
	at org.apache.maven.surefire.booter.ForkedBooter.runSuitesInProcess(ForkedBooter.java:428) [surefire-booter-3.0.0-M5.jar:3.0.0-M5]
	at org.apache.maven.surefire.booter.ForkedBooter.execute(ForkedBooter.java:162) [surefire-booter-3.0.0-M5.jar:3.0.0-M5]
	at org.apache.maven.surefire.booter.ForkedBooter.run(ForkedBooter.java:562) [surefire-booter-3.0.0-M5.jar:3.0.0-M5]
	at org.apache.maven.surefire.booter.ForkedBooter.main(ForkedBooter.java:548) [surefire-booter-3.0.0-M5.jar:3.0.0-M5]
2025-02-28 01:06:02 [main] INFO : Subtract executed: 5.0 - 2.0 = 3.0
2025-02-28 01:06:02 [main] ERROR: Subtract operation failed: Not enough elements in stack.
2025-02-28 01:06:02 [main] ERROR: Define failed. Invalid value for variable
2025-02-28 01:06:02 [main] INFO : Defined: x = 5.0
2025-02-28 01:06:02 [main] INFO : Sqrt executed: sqrt(16.0) = 4.0
2025-02-28 01:06:02 [main] ERROR: Push failed: no parameters
2025-02-28 01:06:02 [main] INFO : Pushed variable: x with value 5.0
2025-02-28 01:06:02 [main] INFO : Divide executed: 6.0 / 2.0 = 3.0
2025-02-28 01:06:02 [main] ERROR: Divide operation failed: Not enough elements in stack.
2025-02-28 01:06:02 [main] ERROR: Add operation failed: Not enough elements in stack.
2025-02-28 01:06:02 [main] INFO : ADD executed: 5.0 + 2.0 = 7.0
2025-02-28 01:06:02 [main] ERROR: Multiply operation failed: Not enough elements in stack.
2025-02-28 01:06:02 [main] INFO : Multiply executed: 5.0 * 5.0 = 25.0
2025-02-28 01:06:02 [main] INFO : Popped: 5.0
2025-02-28 01:06:02 [main] ERROR: Pop failed. Pop command requires at least one value in the stack.
2025-02-28 01:06:02 [main] INFO : Creating command: PUSH
2025-02-28 01:06:02 [main] INFO : Command PUSH created successfully.
2025-02-28 01:06:02 [main] INFO : Creating command: POP
2025-02-28 01:06:02 [main] INFO : Popped: 10.0
2025-02-28 01:06:02 [main] INFO : Command POP created successfully.
2025-02-28 01:06:02 [main] INFO : Creating command: DEFINE
2025-02-28 01:06:02 [main] INFO : Defined: x = 10.0
2025-02-28 01:06:02 [main] INFO : Command DEFINE created successfully.
2025-02-28 01:06:02 [main] INFO : Creating command: DIVIDE
2025-02-28 01:06:02 [main] INFO : Divide executed: 1.0 / 2.0 = 0.5
2025-02-28 01:06:02 [main] INFO : Command DIVIDE created successfully.
2025-02-28 01:06:02 [main] INFO : Creating command: MULTIPLY
2025-02-28 01:06:02 [main] INFO : Multiply executed: 1.0 * 2.0 = 2.0
2025-02-28 01:06:02 [main] INFO : Command MULTIPLY created successfully.
2025-02-28 01:06:02 [main] INFO : Creating command: SUBTRACT
2025-02-28 01:06:02 [main] INFO : Subtract executed: 1.0 - 2.0 = -1.0
2025-02-28 01:06:02 [main] INFO : Command SUBTRACT created successfully.
2025-02-28 01:06:02 [main] INFO : Creating command: SQRT
2025-02-28 01:06:02 [main] INFO : Sqrt executed: sqrt(4.0) = 2.0
2025-02-28 01:06:02 [main] INFO : Command SQRT created successfully.
2025-02-28 01:06:02 [main] INFO : Creating command: ADD
2025-02-28 01:06:02 [main] INFO : ADD executed: 1.0 + 2.0 = 3.0
2025-02-28 01:06:02 [main] INFO : Command ADD created successfully.
2025-03-19 18:12:03 [mainclass.Main.main()] INFO : Creating command: PUSH
2025-03-19 18:12:03 [mainclass.Main.main()] INFO : Command PUSH created successfully.
2025-03-19 18:12:07 [mainclass.Main.main()] INFO : Creating command: PUSH
2025-03-19 18:12:07 [mainclass.Main.main()] INFO : Command PUSH created successfully.
2025-03-19 18:12:09 [mainclass.Main.main()] INFO : Creating command: ADD
2025-03-19 18:12:09 [mainclass.Main.main()] INFO : ADD executed: 2.0 + 2.0 = 4.0
2025-03-19 18:12:09 [mainclass.Main.main()] INFO : Command ADD created successfully.
2025-03-19 18:12:13 [mainclass.Main.main()] INFO : Creating command: PUSH
2025-03-19 18:12:13 [mainclass.Main.main()] INFO : Command PUSH created successfully.
2025-03-19 18:12:16 [mainclass.Main.main()] INFO : Creating command: DIVIDE
2025-03-19 18:12:16 [mainclass.Main.main()] INFO : Divide executed: 4.0 / 5.0 = 0.8
2025-03-19 18:12:16 [mainclass.Main.main()] INFO : Command DIVIDE created successfully.
2025-03-19 18:12:33 [main] ERROR: Define failed. Invalid value for variable
2025-03-19 18:12:33 [main] INFO : Defined: x = 5.0
2025-03-19 18:12:33 [main] INFO : Sqrt executed: sqrt(16.0) = 4.0
2025-03-19 18:12:33 [main] ERROR: Multiply operation failed: Not enough elements in stack.
2025-03-19 18:12:33 [main] INFO : Multiply executed: 5.0 * 5.0 = 25.0
2025-03-19 18:12:33 [main] INFO : Divide executed: 6.0 / 2.0 = 3.0
2025-03-19 18:12:33 [main] ERROR: Divide operation failed: Not enough elements in stack.
2025-03-19 18:12:33 [main] ERROR: Push failed: no parameters
2025-03-19 18:12:33 [main] INFO : Pushed variable: x with value 5.0
2025-03-19 18:12:33 [main] ERROR: Add operation failed: Not enough elements in stack.
2025-03-19 18:12:33 [main] INFO : ADD executed: 5.0 + 2.0 = 7.0
2025-03-19 18:12:33 [main] INFO : Popped: 5.0
2025-03-19 18:12:33 [main] ERROR: Pop failed. Pop command requires at least one value in the stack.
2025-03-19 18:12:33 [main] INFO : Subtract executed: 5.0 - 2.0 = 3.0
2025-03-19 18:12:33 [main] ERROR: Subtract operation failed: Not enough elements in stack.
2025-03-19 18:12:33 [main] INFO : Creating command: PUSH
2025-03-19 18:12:33 [main] INFO : Command PUSH created successfully.
2025-03-19 18:12:33 [main] INFO : Creating command: POP
2025-03-19 18:12:33 [main] INFO : Popped: 10.0
2025-03-19 18:12:33 [main] INFO : Command POP created successfully.
2025-03-19 18:12:33 [main] INFO : Creating command: DEFINE
2025-03-19 18:12:33 [main] INFO : Defined: x = 10.0
2025-03-19 18:12:33 [main] INFO : Command DEFINE created successfully.
2025-03-19 18:12:33 [main] INFO : Creating command: DIVIDE
2025-03-19 18:12:33 [main] INFO : Divide executed: 1.0 / 2.0 = 0.5
2025-03-19 18:12:33 [main] INFO : Command DIVIDE created successfully.
2025-03-19 18:12:33 [main] INFO : Creating command: MULTIPLY
2025-03-19 18:12:33 [main] INFO : Multiply executed: 1.0 * 2.0 = 2.0
2025-03-19 18:12:33 [main] INFO : Command MULTIPLY created successfully.
2025-03-19 18:12:33 [main] INFO : Creating command: SUBTRACT
2025-03-19 18:12:33 [main] INFO : Subtract executed: 1.0 - 2.0 = -1.0
2025-03-19 18:12:33 [main] INFO : Command SUBTRACT created successfully.
2025-03-19 18:12:33 [main] INFO : Creating command: SQRT
2025-03-19 18:12:33 [main] INFO : Sqrt executed: sqrt(4.0) = 2.0
2025-03-19 18:12:33 [main] INFO : Command SQRT created successfully.
2025-03-19 18:12:33 [main] INFO : Creating command: ADD
2025-03-19 18:12:33 [main] INFO : ADD executed: 1.0 + 2.0 = 3.0
2025-03-19 18:12:33 [main] INFO : Command ADD created successfully.
2025-03-19 18:12:43 [mainclass.Main.main()] INFO : Creating command: PUSH
2025-03-19 18:12:43 [mainclass.Main.main()] INFO : Command PUSH created successfully.
2025-03-19 18:12:45 [mainclass.Main.main()] INFO : Creating command: PUSH
2025-03-19 18:12:45 [mainclass.Main.main()] INFO : Command PUSH created successfully.
2025-03-19 18:12:47 [mainclass.Main.main()] INFO : Creating command: DIVIDE
2025-03-19 18:12:47 [mainclass.Main.main()] INFO : Divide executed: 2.0 / 3.0 = 0.6666666666666666
2025-03-19 18:12:47 [mainclass.Main.main()] INFO : Command DIVIDE created successfully.
2025-03-19 18:13:20 [main] ERROR: Define failed. Invalid value for variable
2025-03-19 18:13:20 [main] INFO : Defined: x = 5.0
2025-03-19 18:13:20 [main] INFO : Sqrt executed: sqrt(16.0) = 4.0
2025-03-19 18:13:20 [main] ERROR: Multiply operation failed: Not enough elements in stack.
2025-03-19 18:13:20 [main] INFO : Multiply executed: 5.0 * 5.0 = 25.0
2025-03-19 18:13:20 [main] INFO : Divide executed: 6.0 / 2.0 = 3.0
2025-03-19 18:13:20 [main] ERROR: Divide operation failed: Not enough elements in stack.
2025-03-19 18:13:20 [main] ERROR: Push failed: no parameters
2025-03-19 18:13:20 [main] INFO : Pushed variable: x with value 5.0
2025-03-19 18:13:20 [main] ERROR: Add operation failed: Not enough elements in stack.
2025-03-19 18:13:20 [main] INFO : ADD executed: 5.0 + 2.0 = 7.0
2025-03-19 18:13:20 [main] INFO : Popped: 5.0
2025-03-19 18:13:20 [main] ERROR: Pop failed. Pop command requires at least one value in the stack.
2025-03-19 18:13:20 [main] INFO : Subtract executed: 5.0 - 2.0 = 3.0
2025-03-19 18:13:20 [main] ERROR: Subtract operation failed: Not enough elements in stack.
2025-03-19 18:13:20 [main] INFO : Creating command: PUSH
2025-03-19 18:13:20 [main] INFO : Command PUSH created successfully.
2025-03-19 18:13:20 [main] INFO : Creating command: POP
2025-03-19 18:13:20 [main] INFO : Popped: 10.0
2025-03-19 18:13:20 [main] INFO : Command POP created successfully.
2025-03-19 18:13:20 [main] INFO : Creating command: DEFINE
2025-03-19 18:13:20 [main] INFO : Defined: x = 10.0
2025-03-19 18:13:20 [main] INFO : Command DEFINE created successfully.
2025-03-19 18:13:20 [main] INFO : Creating command: DIVIDE
2025-03-19 18:13:20 [main] INFO : Divide executed: 1.0 / 2.0 = 0.5
2025-03-19 18:13:20 [main] INFO : Command DIVIDE created successfully.
2025-03-19 18:13:20 [main] INFO : Creating command: MULTIPLY
2025-03-19 18:13:20 [main] INFO : Multiply executed: 1.0 * 2.0 = 2.0
2025-03-19 18:13:20 [main] INFO : Command MULTIPLY created successfully.
2025-03-19 18:13:20 [main] INFO : Creating command: SUBTRACT
2025-03-19 18:13:20 [main] INFO : Subtract executed: 1.0 - 2.0 = -1.0
2025-03-19 18:13:20 [main] INFO : Command SUBTRACT created successfully.
2025-03-19 18:13:20 [main] INFO : Creating command: SQRT
2025-03-19 18:13:20 [main] INFO : Sqrt executed: sqrt(4.0) = 2.0
2025-03-19 18:13:20 [main] INFO : Command SQRT created successfully.
2025-03-19 18:13:20 [main] INFO : Creating command: ADD
2025-03-19 18:13:20 [main] INFO : ADD executed: 1.0 + 2.0 = 3.0
2025-03-19 18:13:20 [main] INFO : Command ADD created successfully.
2025-03-20 01:22:49 [main] ERROR: Define failed. Invalid value for variable
2025-03-20 01:22:49 [main] INFO : Defined: x = 5.0
2025-03-20 01:22:49 [main] INFO : Sqrt executed: sqrt(16.0) = 4.0
2025-03-20 01:22:49 [main] ERROR: Multiply operation failed: Not enough elements in stack.
2025-03-20 01:22:49 [main] INFO : Multiply executed: 5.0 * 5.0 = 25.0
2025-03-20 01:22:49 [main] INFO : Divide executed: 6.0 / 2.0 = 3.0
2025-03-20 01:22:49 [main] ERROR: Divide operation failed: Not enough elements in stack.
2025-03-20 01:22:49 [main] ERROR: Push failed: no parameters
2025-03-20 01:22:49 [main] INFO : Pushed variable: x with value 5.0
2025-03-20 01:22:49 [main] ERROR: Add operation failed: Not enough elements in stack.
2025-03-20 01:22:49 [main] INFO : ADD executed: 5.0 + 2.0 = 7.0
2025-03-20 01:22:49 [main] INFO : Popped: 5.0
2025-03-20 01:22:49 [main] ERROR: Pop failed. Pop command requires at least one value in the stack.
2025-03-20 01:22:49 [main] INFO : Subtract executed: 5.0 - 2.0 = 3.0
2025-03-20 01:22:49 [main] ERROR: Subtract operation failed: Not enough elements in stack.
2025-03-20 01:22:49 [main] INFO : Creating command: PUSH
2025-03-20 01:22:49 [main] INFO : Command PUSH created successfully.
2025-03-20 01:22:49 [main] INFO : Creating command: POP
2025-03-20 01:22:49 [main] INFO : Popped: 10.0
2025-03-20 01:22:49 [main] INFO : Command POP created successfully.
2025-03-20 01:22:49 [main] INFO : Creating command: DEFINE
2025-03-20 01:22:49 [main] INFO : Defined: x = 10.0
2025-03-20 01:22:49 [main] INFO : Command DEFINE created successfully.
2025-03-20 01:22:49 [main] INFO : Creating command: DIVIDE
2025-03-20 01:22:49 [main] INFO : Divide executed: 1.0 / 2.0 = 0.5
2025-03-20 01:22:49 [main] INFO : Command DIVIDE created successfully.
2025-03-20 01:22:49 [main] INFO : Creating command: MULTIPLY
2025-03-20 01:22:49 [main] INFO : Multiply executed: 1.0 * 2.0 = 2.0
2025-03-20 01:22:49 [main] INFO : Command MULTIPLY created successfully.
2025-03-20 01:22:49 [main] INFO : Creating command: SUBTRACT
2025-03-20 01:22:49 [main] INFO : Subtract executed: 1.0 - 2.0 = -1.0
2025-03-20 01:22:49 [main] INFO : Command SUBTRACT created successfully.
2025-03-20 01:22:49 [main] INFO : Creating command: SQRT
2025-03-20 01:22:49 [main] INFO : Sqrt executed: sqrt(4.0) = 2.0
2025-03-20 01:22:49 [main] INFO : Command SQRT created successfully.
2025-03-20 01:22:49 [main] INFO : Creating command: ADD
2025-03-20 01:22:49 [main] INFO : ADD executed: 1.0 + 2.0 = 3.0
2025-03-20 01:22:49 [main] INFO : Command ADD created successfully.
2025-03-20 01:24:14 [main] ERROR: Define failed. Invalid value for variable
2025-03-20 01:24:14 [main] INFO : Defined: x = 5.0
2025-03-20 01:24:14 [main] INFO : Sqrt executed: sqrt(16.0) = 4.0
2025-03-20 01:24:14 [main] ERROR: Multiply operation failed: Not enough elements in stack.
2025-03-20 01:24:14 [main] INFO : Multiply executed: 5.0 * 5.0 = 25.0
2025-03-20 01:24:14 [main] INFO : Divide executed: 6.0 / 2.0 = 3.0
2025-03-20 01:24:14 [main] ERROR: Divide operation failed: Not enough elements in stack.
2025-03-20 01:24:14 [main] ERROR: Push failed: no parameters
2025-03-20 01:24:14 [main] INFO : Pushed variable: x with value 5.0
2025-03-20 01:24:14 [main] ERROR: Add operation failed: Not enough elements in stack.
2025-03-20 01:24:14 [main] INFO : ADD executed: 5.0 + 2.0 = 7.0
2025-03-20 01:24:14 [main] INFO : Popped: 5.0
2025-03-20 01:24:14 [main] ERROR: Pop failed. Pop command requires at least one value in the stack.
2025-03-20 01:24:14 [main] INFO : Subtract executed: 5.0 - 2.0 = 3.0
2025-03-20 01:24:14 [main] ERROR: Subtract operation failed: Not enough elements in stack.
2025-03-20 01:24:14 [main] INFO : Creating command: PUSH
2025-03-20 01:24:14 [main] INFO : Command PUSH created successfully.
2025-03-20 01:24:14 [main] INFO : Creating command: POP
2025-03-20 01:24:14 [main] INFO : Popped: 10.0
2025-03-20 01:24:14 [main] INFO : Command POP created successfully.
2025-03-20 01:24:14 [main] INFO : Creating command: DEFINE
2025-03-20 01:24:14 [main] INFO : Defined: x = 10.0
2025-03-20 01:24:14 [main] INFO : Command DEFINE created successfully.
2025-03-20 01:24:14 [main] INFO : Creating command: DIVIDE
2025-03-20 01:24:14 [main] INFO : Divide executed: 1.0 / 2.0 = 0.5
2025-03-20 01:24:14 [main] INFO : Command DIVIDE created successfully.
2025-03-20 01:24:14 [main] INFO : Creating command: MULTIPLY
2025-03-20 01:24:14 [main] INFO : Multiply executed: 1.0 * 2.0 = 2.0
2025-03-20 01:24:14 [main] INFO : Command MULTIPLY created successfully.
2025-03-20 01:24:14 [main] INFO : Creating command: SUBTRACT
2025-03-20 01:24:14 [main] INFO : Subtract executed: 1.0 - 2.0 = -1.0
2025-03-20 01:24:14 [main] INFO : Command SUBTRACT created successfully.
2025-03-20 01:24:14 [main] INFO : Creating command: SQRT
2025-03-20 01:24:14 [main] INFO : Sqrt executed: sqrt(4.0) = 2.0
2025-03-20 01:24:14 [main] INFO : Command SQRT created successfully.
2025-03-20 01:24:14 [main] INFO : Creating command: ADD
2025-03-20 01:24:14 [main] INFO : ADD executed: 1.0 + 2.0 = 3.0
2025-03-20 01:24:14 [main] INFO : Command ADD created successfully.
2025-03-20 01:35:44 [main] ERROR: Define failed. Invalid value for variable
2025-03-20 01:35:44 [main] INFO : Defined: x = 5.0
2025-03-20 01:35:44 [main] INFO : Sqrt executed: sqrt(16.0) = 4.0
2025-03-20 01:35:44 [main] ERROR: Multiply operation failed: Not enough elements in stack.
2025-03-20 01:35:44 [main] INFO : Multiply executed: 5.0 * 5.0 = 25.0
2025-03-20 01:35:44 [main] INFO : Divide executed: 6.0 / 2.0 = 3.0
2025-03-20 01:35:44 [main] ERROR: Divide operation failed: Not enough elements in stack.
2025-03-20 01:35:44 [main] ERROR: Push failed: no parameters
2025-03-20 01:35:44 [main] INFO : Pushed variable: x with value 5.0
2025-03-20 01:35:44 [main] ERROR: Add operation failed: Not enough elements in stack.
2025-03-20 01:35:44 [main] INFO : ADD executed: 5.0 + 2.0 = 7.0
2025-03-20 01:35:44 [main] INFO : Popped: 5.0
2025-03-20 01:35:44 [main] ERROR: Pop failed. Pop command requires at least one value in the stack.
2025-03-20 01:35:44 [main] INFO : Subtract executed: 5.0 - 2.0 = 3.0
2025-03-20 01:35:44 [main] ERROR: Subtract operation failed: Not enough elements in stack.
2025-03-20 01:35:44 [main] INFO : Creating command: PUSH
2025-03-20 01:35:44 [main] INFO : Command PUSH created successfully.
2025-03-20 01:35:44 [main] INFO : Creating command: POP
2025-03-20 01:35:44 [main] INFO : Popped: 10.0
2025-03-20 01:35:44 [main] INFO : Command POP created successfully.
2025-03-20 01:35:44 [main] INFO : Creating command: DEFINE
2025-03-20 01:35:44 [main] INFO : Defined: x = 10.0
2025-03-20 01:35:44 [main] INFO : Command DEFINE created successfully.
2025-03-20 01:35:44 [main] INFO : Creating command: DIVIDE
2025-03-20 01:35:44 [main] INFO : Divide executed: 1.0 / 2.0 = 0.5
2025-03-20 01:35:44 [main] INFO : Command DIVIDE created successfully.
2025-03-20 01:35:44 [main] INFO : Creating command: MULTIPLY
2025-03-20 01:35:44 [main] INFO : Multiply executed: 1.0 * 2.0 = 2.0
2025-03-20 01:35:44 [main] INFO : Command MULTIPLY created successfully.
2025-03-20 01:35:44 [main] INFO : Creating command: SUBTRACT
2025-03-20 01:35:44 [main] INFO : Subtract executed: 1.0 - 2.0 = -1.0
2025-03-20 01:35:44 [main] INFO : Command SUBTRACT created successfully.
2025-03-20 01:35:44 [main] INFO : Creating command: SQRT
2025-03-20 01:35:44 [main] INFO : Sqrt executed: sqrt(4.0) = 2.0
2025-03-20 01:35:44 [main] INFO : Command SQRT created successfully.
2025-03-20 01:35:44 [main] INFO : Creating command: ADD
2025-03-20 01:35:44 [main] INFO : ADD executed: 1.0 + 2.0 = 3.0
2025-03-20 01:35:44 [main] INFO : Command ADD created successfully.
2025-03-20 01:37:56 [main] ERROR: Define failed. Invalid value for variable
2025-03-20 01:37:56 [main] INFO : Defined: x = 5.0
2025-03-20 01:37:56 [main] INFO : Sqrt executed: sqrt(16.0) = 4.0
2025-03-20 01:37:56 [main] ERROR: Sqrt operation failed: Stack is empty.
2025-03-20 01:37:56 [main] ERROR: Multiply operation failed: Not enough elements in stack.
2025-03-20 01:37:56 [main] INFO : Multiply executed: 5.0 * 5.0 = 25.0
2025-03-20 01:37:56 [main] INFO : Divide executed: 6.0 / 2.0 = 3.0
2025-03-20 01:37:56 [main] ERROR: Divide operation failed: Not enough elements in stack.
2025-03-20 01:37:56 [main] ERROR: Push failed: no parameters
2025-03-20 01:37:56 [main] INFO : Pushed variable: x with value 5.0
2025-03-20 01:37:56 [main] ERROR: Add operation failed: Not enough elements in stack.
2025-03-20 01:37:56 [main] INFO : ADD executed: 5.0 + 2.0 = 7.0
2025-03-20 01:37:56 [main] INFO : Popped: 5.0
2025-03-20 01:37:56 [main] ERROR: Pop failed. Pop command requires at least one value in the stack.
2025-03-20 01:37:56 [main] INFO : Subtract executed: 5.0 - 2.0 = 3.0
2025-03-20 01:37:56 [main] ERROR: Subtract operation failed: Not enough elements in stack.
2025-03-20 01:37:56 [main] INFO : Creating command: PUSH
2025-03-20 01:37:56 [main] INFO : Command PUSH created successfully.
2025-03-20 01:37:56 [main] INFO : Creating command: POP
2025-03-20 01:37:56 [main] INFO : Popped: 10.0
2025-03-20 01:37:56 [main] INFO : Command POP created successfully.
2025-03-20 01:37:56 [main] INFO : Creating command: DEFINE
2025-03-20 01:37:56 [main] INFO : Defined: x = 10.0
2025-03-20 01:37:56 [main] INFO : Command DEFINE created successfully.
2025-03-20 01:37:56 [main] INFO : Creating command: DIVIDE
2025-03-20 01:37:56 [main] INFO : Divide executed: 1.0 / 2.0 = 0.5
2025-03-20 01:37:56 [main] INFO : Command DIVIDE created successfully.
2025-03-20 01:37:56 [main] INFO : Creating command: MULTIPLY
2025-03-20 01:37:56 [main] INFO : Multiply executed: 1.0 * 2.0 = 2.0
2025-03-20 01:37:56 [main] INFO : Command MULTIPLY created successfully.
2025-03-20 01:37:56 [main] INFO : Creating command: SUBTRACT
2025-03-20 01:37:56 [main] INFO : Subtract executed: 1.0 - 2.0 = -1.0
2025-03-20 01:37:56 [main] INFO : Command SUBTRACT created successfully.
2025-03-20 01:37:56 [main] INFO : Creating command: SQRT
2025-03-20 01:37:56 [main] INFO : Sqrt executed: sqrt(4.0) = 2.0
2025-03-20 01:37:56 [main] INFO : Command SQRT created successfully.
2025-03-20 01:37:56 [main] INFO : Creating command: ADD
2025-03-20 01:37:56 [main] INFO : ADD executed: 1.0 + 2.0 = 3.0
2025-03-20 01:37:56 [main] INFO : Command ADD created successfully.
2025-03-20 01:38:42 [main] ERROR: Define failed. Invalid value for variable
2025-03-20 01:38:42 [main] INFO : Defined: x = 5.0
2025-03-20 01:38:42 [main] ERROR: Sqrt operation failed: Stack is empty.
2025-03-20 01:38:42 [main] INFO : Sqrt executed: sqrt(9.0) = 3.0
2025-03-20 01:38:42 [main] ERROR: Sqrt operation failed: Cannot compute the square root of a negative number.
2025-03-20 01:38:42 [main] ERROR: Multiply operation failed: Not enough elements in stack.
2025-03-20 01:38:42 [main] INFO : Multiply executed: 5.0 * 5.0 = 25.0
2025-03-20 01:38:42 [main] INFO : Divide executed: 6.0 / 2.0 = 3.0
2025-03-20 01:38:42 [main] ERROR: Divide operation failed: Not enough elements in stack.
2025-03-20 01:38:42 [main] ERROR: Push failed: no parameters
2025-03-20 01:38:42 [main] INFO : Pushed variable: x with value 5.0
2025-03-20 01:38:42 [main] ERROR: Add operation failed: Not enough elements in stack.
2025-03-20 01:38:42 [main] INFO : ADD executed: 5.0 + 2.0 = 7.0
2025-03-20 01:38:42 [main] INFO : Popped: 5.0
2025-03-20 01:38:42 [main] ERROR: Pop failed. Pop command requires at least one value in the stack.
2025-03-20 01:38:42 [main] INFO : Subtract executed: 5.0 - 2.0 = 3.0
2025-03-20 01:38:42 [main] ERROR: Subtract operation failed: Not enough elements in stack.
2025-03-20 01:38:42 [main] INFO : Creating command: PUSH
2025-03-20 01:38:42 [main] INFO : Command PUSH created successfully.
2025-03-20 01:38:42 [main] INFO : Creating command: POP
2025-03-20 01:38:42 [main] INFO : Popped: 10.0
2025-03-20 01:38:42 [main] INFO : Command POP created successfully.
2025-03-20 01:38:42 [main] INFO : Creating command: DEFINE
2025-03-20 01:38:42 [main] INFO : Defined: x = 10.0
2025-03-20 01:38:42 [main] INFO : Command DEFINE created successfully.
2025-03-20 01:38:42 [main] INFO : Creating command: DIVIDE
2025-03-20 01:38:42 [main] INFO : Divide executed: 1.0 / 2.0 = 0.5
2025-03-20 01:38:42 [main] INFO : Command DIVIDE created successfully.
2025-03-20 01:38:42 [main] INFO : Creating command: MULTIPLY
2025-03-20 01:38:42 [main] INFO : Multiply executed: 1.0 * 2.0 = 2.0
2025-03-20 01:38:42 [main] INFO : Command MULTIPLY created successfully.
2025-03-20 01:38:42 [main] INFO : Creating command: SUBTRACT
2025-03-20 01:38:42 [main] INFO : Subtract executed: 1.0 - 2.0 = -1.0
2025-03-20 01:38:42 [main] INFO : Command SUBTRACT created successfully.
2025-03-20 01:38:42 [main] INFO : Creating command: SQRT
2025-03-20 01:38:42 [main] INFO : Sqrt executed: sqrt(4.0) = 2.0
2025-03-20 01:38:42 [main] INFO : Command SQRT created successfully.
2025-03-20 01:38:42 [main] INFO : Creating command: ADD
2025-03-20 01:38:42 [main] INFO : ADD executed: 1.0 + 2.0 = 3.0
2025-03-20 01:38:42 [main] INFO : Command ADD created successfully.
2025-03-20 01:38:52 [mainclass.Main.main()] INFO : Creating command: PUSH
2025-03-20 01:38:52 [mainclass.Main.main()] INFO : Command PUSH created successfully.
2025-03-20 01:38:56 [mainclass.Main.main()] INFO : Creating command: PUSH
2025-03-20 01:38:56 [mainclass.Main.main()] INFO : Command PUSH created successfully.
2025-03-20 01:38:58 [mainclass.Main.main()] INFO : Creating command: ADD
2025-03-20 01:38:58 [mainclass.Main.main()] INFO : ADD executed: 2.0 + 18.0 = 20.0
2025-03-20 01:38:58 [mainclass.Main.main()] INFO : Command ADD created successfully.
2025-03-20 01:38:59 [mainclass.Main.main()] INFO : Creating command: ADD
2025-03-20 01:38:59 [mainclass.Main.main()] ERROR: Add operation failed: Not enough elements in stack.
2025-03-20 01:38:59 [mainclass.Main.main()] ERROR: Error creating command: ADD
exceptions.stack.StackUnderflowException: Add command requires at least two values in the stack.
	at commands.Add.execute(Add.java:18) ~[classes/:?]
	at factory.CommandFactory.createCommand(CommandFactory.java:78) ~[classes/:?]
	at mainclass.Calculator.executeCommand(Calculator.java:21) ~[classes/:?]
	at mainclass.Main.main(Main.java:49) ~[classes/:?]
	at org.codehaus.mojo.exec.ExecJavaMojo.doMain(ExecJavaMojo.java:375) ~[?:?]
	at org.codehaus.mojo.exec.ExecJavaMojo.doExec(ExecJavaMojo.java:364) ~[?:?]
	at org.codehaus.mojo.exec.ExecJavaMojo.lambda$execute$0(ExecJavaMojo.java:286) ~[?:?]
	at java.lang.Thread.run(Thread.java:1583) [?:?]
2025-03-20 01:38:59 [mainclass.Main.main()] ERROR: Error executing command: add
java.lang.IllegalStateException: Failed to create command: ADD
	at factory.CommandFactory.createCommand(CommandFactory.java:85) ~[classes/:?]
	at mainclass.Calculator.executeCommand(Calculator.java:21) ~[classes/:?]
	at mainclass.Main.main(Main.java:49) ~[classes/:?]
	at org.codehaus.mojo.exec.ExecJavaMojo.doMain(ExecJavaMojo.java:375) ~[?:?]
	at org.codehaus.mojo.exec.ExecJavaMojo.doExec(ExecJavaMojo.java:364) ~[?:?]
	at org.codehaus.mojo.exec.ExecJavaMojo.lambda$execute$0(ExecJavaMojo.java:286) ~[?:?]
	at java.lang.Thread.run(Thread.java:1583) [?:?]
Caused by: exceptions.stack.StackUnderflowException: Add command requires at least two values in the stack.
	at commands.Add.execute(Add.java:18) ~[classes/:?]
	at factory.CommandFactory.createCommand(CommandFactory.java:78) ~[classes/:?]
	... 6 more
2025-03-20 01:42:08 [mainclass.Main.main()] INFO : Creating command: 
2025-03-20 01:42:08 [mainclass.Main.main()] ERROR: Unknown command: 
2025-03-20 01:42:08 [mainclass.Main.main()] ERROR: Error executing command: 
java.lang.IllegalArgumentException: Unknown command: 
	at factory.CommandFactory.createCommand(CommandFactory.java:73) ~[classes/:?]
	at mainclass.Calculator.executeCommand(Calculator.java:21) ~[classes/:?]
	at mainclass.Main.main(Main.java:49) ~[classes/:?]
	at org.codehaus.mojo.exec.ExecJavaMojo.doMain(ExecJavaMojo.java:375) ~[?:?]
	at org.codehaus.mojo.exec.ExecJavaMojo.doExec(ExecJavaMojo.java:364) ~[?:?]
	at org.codehaus.mojo.exec.ExecJavaMojo.lambda$execute$0(ExecJavaMojo.java:286) ~[?:?]
	at java.lang.Thread.run(Thread.java:1583) [?:?]
2025-03-20 01:42:17 [main] ERROR: Define failed. Invalid value for variable
2025-03-20 01:42:17 [main] INFO : Defined: x = 5.0
2025-03-20 01:42:17 [main] ERROR: Sqrt operation failed: Stack is empty.
2025-03-20 01:42:17 [main] INFO : Sqrt executed: sqrt(9.0) = 3.0
2025-03-20 01:42:17 [main] ERROR: Sqrt operation failed: Cannot compute the square root of a negative number.
2025-03-20 01:42:17 [main] ERROR: Multiply operation failed: Not enough elements in stack.
2025-03-20 01:42:17 [main] INFO : Multiply executed: 5.0 * 5.0 = 25.0
2025-03-20 01:42:17 [main] INFO : Divide executed: 6.0 / 2.0 = 3.0
2025-03-20 01:42:17 [main] ERROR: Divide operation failed: Not enough elements in stack.
2025-03-20 01:42:17 [main] ERROR: Push failed: no parameters
2025-03-20 01:42:17 [main] INFO : Pushed variable: x with value 5.0
2025-03-20 01:42:17 [main] ERROR: Add operation failed: Not enough elements in stack.
2025-03-20 01:42:17 [main] INFO : ADD executed: 5.0 + 2.0 = 7.0
2025-03-20 01:42:17 [main] INFO : Popped: 5.0
2025-03-20 01:42:17 [main] ERROR: Pop failed. Pop command requires at least one value in the stack.
2025-03-20 01:42:17 [main] INFO : Subtract executed: 5.0 - 2.0 = 3.0
2025-03-20 01:42:17 [main] ERROR: Subtract operation failed: Not enough elements in stack.
2025-03-20 01:42:17 [main] INFO : Creating command: PUSH
2025-03-20 01:42:17 [main] INFO : Command PUSH created successfully.
2025-03-20 01:42:17 [main] INFO : Creating command: POP
2025-03-20 01:42:17 [main] INFO : Popped: 10.0
2025-03-20 01:42:17 [main] INFO : Command POP created successfully.
2025-03-20 01:42:17 [main] INFO : Creating command: DEFINE
2025-03-20 01:42:17 [main] INFO : Defined: x = 10.0
2025-03-20 01:42:17 [main] INFO : Command DEFINE created successfully.
2025-03-20 01:42:17 [main] INFO : Creating command: DIVIDE
2025-03-20 01:42:17 [main] INFO : Divide executed: 1.0 / 2.0 = 0.5
2025-03-20 01:42:17 [main] INFO : Command DIVIDE created successfully.
2025-03-20 01:42:17 [main] INFO : Creating command: MULTIPLY
2025-03-20 01:42:17 [main] INFO : Multiply executed: 1.0 * 2.0 = 2.0
2025-03-20 01:42:17 [main] INFO : Command MULTIPLY created successfully.
2025-03-20 01:42:17 [main] INFO : Creating command: SUBTRACT
2025-03-20 01:42:18 [main] INFO : Subtract executed: 1.0 - 2.0 = -1.0
2025-03-20 01:42:18 [main] INFO : Command SUBTRACT created successfully.
2025-03-20 01:42:18 [main] INFO : Creating command: SQRT
2025-03-20 01:42:18 [main] INFO : Sqrt executed: sqrt(4.0) = 2.0
2025-03-20 01:42:18 [main] INFO : Command SQRT created successfully.
2025-03-20 01:42:18 [main] INFO : Creating command: ADD
2025-03-20 01:42:18 [main] INFO : ADD executed: 1.0 + 2.0 = 3.0
2025-03-20 01:42:18 [main] INFO : Command ADD created successfully.
2025-03-20 01:42:25 [mainclass.Main.main()] INFO : Creating command: PUSH
2025-03-20 01:42:25 [mainclass.Main.main()] INFO : Command PUSH created successfully.
2025-03-20 01:42:27 [mainclass.Main.main()] INFO : Creating command: PUSH
2025-03-20 01:42:27 [mainclass.Main.main()] INFO : Command PUSH created successfully.
2025-03-20 01:42:29 [mainclass.Main.main()] INFO : Creating command: ADD
2025-03-20 01:42:29 [mainclass.Main.main()] INFO : ADD executed: 2.0 + 3.0 = 5.0
2025-03-20 01:42:29 [mainclass.Main.main()] INFO : Command ADD created successfully.
2025-03-20 01:42:31 [mainclass.Main.main()] INFO : Creating command: PUSH
2025-03-20 01:42:31 [mainclass.Main.main()] INFO : Command PUSH created successfully.
2025-03-20 01:42:36 [mainclass.Main.main()] INFO : Creating command: SUBTRACT
2025-03-20 01:42:36 [mainclass.Main.main()] INFO : Subtract executed: 5.0 - 123.0 = -118.0
2025-03-20 01:42:36 [mainclass.Main.main()] INFO : Command SUBTRACT created successfully.
2025-03-20 01:42:40 [mainclass.Main.main()] INFO : Creating command: SQRT
2025-03-20 01:42:40 [mainclass.Main.main()] ERROR: Sqrt operation failed: Cannot compute the square root of a negative number.
2025-03-20 01:42:40 [mainclass.Main.main()] ERROR: Error creating command: SQRT
exceptions.arithmetic.ArithmeticException: Cannot compute the square root of a negative number.
	at commands.SquareRoot.execute(SquareRoot.java:28) ~[classes/:?]
	at factory.CommandFactory.createCommand(CommandFactory.java:85) ~[classes/:?]
	at mainclass.Calculator.executeCommand(Calculator.java:21) ~[classes/:?]
	at mainclass.Main.main(Main.java:49) ~[classes/:?]
	at org.codehaus.mojo.exec.ExecJavaMojo.doMain(ExecJavaMojo.java:375) ~[?:?]
	at org.codehaus.mojo.exec.ExecJavaMojo.doExec(ExecJavaMojo.java:364) ~[?:?]
	at org.codehaus.mojo.exec.ExecJavaMojo.lambda$execute$0(ExecJavaMojo.java:286) ~[?:?]
	at java.lang.Thread.run(Thread.java:1583) [?:?]
2025-03-20 01:42:40 [mainclass.Main.main()] ERROR: Error executing command: sqrt
exceptions.factory.FactoryException: Failed to create command: SQRT
	at factory.CommandFactory.createCommand(CommandFactory.java:92) ~[classes/:?]
	at mainclass.Calculator.executeCommand(Calculator.java:21) ~[classes/:?]
	at mainclass.Main.main(Main.java:49) ~[classes/:?]
	at org.codehaus.mojo.exec.ExecJavaMojo.doMain(ExecJavaMojo.java:375) ~[?:?]
	at org.codehaus.mojo.exec.ExecJavaMojo.doExec(ExecJavaMojo.java:364) ~[?:?]
	at org.codehaus.mojo.exec.ExecJavaMojo.lambda$execute$0(ExecJavaMojo.java:286) ~[?:?]
	at java.lang.Thread.run(Thread.java:1583) [?:?]
Caused by: exceptions.arithmetic.ArithmeticException: Cannot compute the square root of a negative number.
	at commands.SquareRoot.execute(SquareRoot.java:28) ~[classes/:?]
	at factory.CommandFactory.createCommand(CommandFactory.java:85) ~[classes/:?]
	... 6 more
2025-03-20 01:49:45 [mainclass.Main.main()] INFO : Creating command: EEXIT
2025-03-20 01:49:45 [mainclass.Main.main()] ERROR: Unknown command: EEXIT
2025-03-20 01:49:45 [mainclass.Main.main()] ERROR: Error executing command: eexit
exceptions.factory.FactoryException: Unknown command: EEXIT
	at factory.CommandFactory.createCommand(CommandFactory.java:80) ~[classes/:?]
	at mainclass.Calculator.executeCommand(Calculator.java:21) ~[classes/:?]
	at mainclass.Main.main(Main.java:49) ~[classes/:?]
	at org.codehaus.mojo.exec.ExecJavaMojo.doMain(ExecJavaMojo.java:375) ~[?:?]
	at org.codehaus.mojo.exec.ExecJavaMojo.doExec(ExecJavaMojo.java:364) ~[?:?]
	at org.codehaus.mojo.exec.ExecJavaMojo.lambda$execute$0(ExecJavaMojo.java:286) ~[?:?]
	at java.lang.Thread.run(Thread.java:1583) [?:?]
2025-03-20 01:50:08 [main] ERROR: Define failed. Invalid value for variable
2025-03-20 01:50:08 [main] INFO : Defined: x = 5.0
2025-03-20 01:50:08 [main] ERROR: Sqrt operation failed: Stack is empty.
2025-03-20 01:50:08 [main] INFO : Sqrt executed: sqrt(9.0) = 3.0
2025-03-20 01:50:08 [main] ERROR: Sqrt operation failed: Cannot compute the square root of a negative number.
2025-03-20 01:50:08 [main] ERROR: Multiply operation failed: Not enough elements in stack.
2025-03-20 01:50:08 [main] INFO : Multiply executed: 5.0 * 5.0 = 25.0
2025-03-20 01:50:08 [main] INFO : Divide executed: 6.0 / 2.0 = 3.0
2025-03-20 01:50:08 [main] ERROR: Divide operation failed: Not enough elements in stack.
2025-03-20 01:50:08 [main] ERROR: Push failed: no parameters
2025-03-20 01:50:08 [main] INFO : Pushed variable: x with value 5.0
2025-03-20 01:50:08 [main] ERROR: Add operation failed: Not enough elements in stack.
2025-03-20 01:50:08 [main] INFO : ADD executed: 5.0 + 2.0 = 7.0
2025-03-20 01:50:08 [main] INFO : Popped: 5.0
2025-03-20 01:50:08 [main] ERROR: Pop failed. Pop command requires at least one value in the stack.
2025-03-20 01:50:08 [main] INFO : Subtract executed: 5.0 - 2.0 = 3.0
2025-03-20 01:50:08 [main] ERROR: Subtract operation failed: Not enough elements in stack.
2025-03-20 01:50:08 [main] INFO : Creating command: PUSH
2025-03-20 01:50:08 [main] INFO : Command PUSH created successfully.
2025-03-20 01:50:08 [main] INFO : Creating command: POP
2025-03-20 01:50:08 [main] INFO : Popped: 10.0
2025-03-20 01:50:08 [main] INFO : Command POP created successfully.
2025-03-20 01:50:08 [main] INFO : Creating command: DEFINE
2025-03-20 01:50:08 [main] INFO : Defined: x = 10.0
2025-03-20 01:50:08 [main] INFO : Command DEFINE created successfully.
2025-03-20 01:50:08 [main] INFO : Creating command: DIVIDE
2025-03-20 01:50:08 [main] INFO : Divide executed: 1.0 / 2.0 = 0.5
2025-03-20 01:50:08 [main] INFO : Command DIVIDE created successfully.
2025-03-20 01:50:08 [main] INFO : Creating command: MULTIPLY
2025-03-20 01:50:08 [main] INFO : Multiply executed: 1.0 * 2.0 = 2.0
2025-03-20 01:50:08 [main] INFO : Command MULTIPLY created successfully.
2025-03-20 01:50:08 [main] INFO : Creating command: SUBTRACT
2025-03-20 01:50:08 [main] INFO : Subtract executed: 1.0 - 2.0 = -1.0
2025-03-20 01:50:08 [main] INFO : Command SUBTRACT created successfully.
2025-03-20 01:50:08 [main] INFO : Creating command: SQRT
2025-03-20 01:50:08 [main] INFO : Sqrt executed: sqrt(4.0) = 2.0
2025-03-20 01:50:08 [main] INFO : Command SQRT created successfully.
2025-03-20 01:50:08 [main] INFO : Creating command: ADD
2025-03-20 01:50:08 [main] INFO : ADD executed: 1.0 + 2.0 = 3.0
2025-03-20 01:50:08 [main] INFO : Command ADD created successfully.
2025-03-20 01:50:16 [mainclass.Main.main()] INFO : Creating command: ADD
2025-03-20 01:50:16 [mainclass.Main.main()] ERROR: Add operation failed: Not enough elements in stack.
2025-03-20 01:50:16 [mainclass.Main.main()] ERROR: Error creating command: ADD
exceptions.stack.StackUnderflowException: Add command requires at least two values in the stack.
	at commands.Add.execute(Add.java:18) ~[classes/:?]
	at factory.CommandFactory.createCommand(CommandFactory.java:87) ~[classes/:?]
	at mainclass.Calculator.executeCommand(Calculator.java:21) ~[classes/:?]
	at mainclass.Main.main(Main.java:54) ~[classes/:?]
	at org.codehaus.mojo.exec.ExecJavaMojo.doMain(ExecJavaMojo.java:375) ~[?:?]
	at org.codehaus.mojo.exec.ExecJavaMojo.doExec(ExecJavaMojo.java:364) ~[?:?]
	at org.codehaus.mojo.exec.ExecJavaMojo.lambda$execute$0(ExecJavaMojo.java:286) ~[?:?]
	at java.lang.Thread.run(Thread.java:1583) [?:?]
2025-03-20 01:50:16 [mainclass.Main.main()] ERROR: Error executing command: add
exceptions.factory.FactoryException: Failed to create command: ADD
	at factory.CommandFactory.createCommand(CommandFactory.java:94) ~[classes/:?]
	at mainclass.Calculator.executeCommand(Calculator.java:21) ~[classes/:?]
	at mainclass.Main.main(Main.java:54) ~[classes/:?]
	at org.codehaus.mojo.exec.ExecJavaMojo.doMain(ExecJavaMojo.java:375) ~[?:?]
	at org.codehaus.mojo.exec.ExecJavaMojo.doExec(ExecJavaMojo.java:364) ~[?:?]
	at org.codehaus.mojo.exec.ExecJavaMojo.lambda$execute$0(ExecJavaMojo.java:286) ~[?:?]
	at java.lang.Thread.run(Thread.java:1583) [?:?]
Caused by: exceptions.stack.StackUnderflowException: Add command requires at least two values in the stack.
	at commands.Add.execute(Add.java:18) ~[classes/:?]
	at factory.CommandFactory.createCommand(CommandFactory.java:87) ~[classes/:?]
	... 6 more
2025-03-20 01:50:19 [mainclass.Main.main()] INFO : Creating command: PUSH
2025-03-20 01:50:19 [mainclass.Main.main()] INFO : Command PUSH created successfully.
2025-03-20 01:50:22 [mainclass.Main.main()] INFO : Creating command: PUSH
2025-03-20 01:50:22 [mainclass.Main.main()] INFO : Command PUSH created successfully.
2025-03-20 01:50:24 [mainclass.Main.main()] INFO : Creating command: POP
2025-03-20 01:50:24 [mainclass.Main.main()] INFO : Popped: 100.0
2025-03-20 01:50:24 [mainclass.Main.main()] INFO : Command POP created successfully.
2025-03-20 01:50:27 [mainclass.Main.main()] INFO : Creating command: PUSH
2025-03-20 01:50:27 [mainclass.Main.main()] INFO : Command PUSH created successfully.
2025-03-20 01:50:28 [mainclass.Main.main()] INFO : Creating command: ADD
2025-03-20 01:50:28 [mainclass.Main.main()] INFO : ADD executed: 2.0 + 4567.0 = 4569.0
2025-03-20 01:50:28 [mainclass.Main.main()] INFO : Command ADD created successfully.
2025-03-20 01:52:05 [main] ERROR: Define failed. Invalid value for variable
2025-03-20 01:52:05 [main] INFO : Defined: x = 5.0
2025-03-20 01:52:05 [main] ERROR: Sqrt operation failed: Stack is empty.
2025-03-20 01:52:05 [main] INFO : Sqrt executed: sqrt(9.0) = 3.0
2025-03-20 01:52:05 [main] ERROR: Sqrt operation failed: Cannot compute the square root of a negative number.
2025-03-20 01:52:05 [main] ERROR: Multiply operation failed: Not enough elements in stack.
2025-03-20 01:52:05 [main] INFO : Multiply executed: 5.0 * 5.0 = 25.0
2025-03-20 01:52:05 [main] INFO : Divide executed: 6.0 / 2.0 = 3.0
2025-03-20 01:52:05 [main] ERROR: Divide operation failed: Not enough elements in stack.
2025-03-20 01:52:05 [main] ERROR: Push failed: no parameters
2025-03-20 01:52:05 [main] INFO : Pushed variable: x with value 5.0
2025-03-20 01:52:05 [main] ERROR: Add operation failed: Not enough elements in stack.
2025-03-20 01:52:05 [main] INFO : ADD executed: 5.0 + 2.0 = 7.0
2025-03-20 01:52:05 [main] INFO : Popped: 5.0
2025-03-20 01:52:05 [main] ERROR: Pop failed. Pop command requires at least one value in the stack.
2025-03-20 01:52:05 [main] INFO : Subtract executed: 5.0 - 2.0 = 3.0
2025-03-20 01:52:05 [main] ERROR: Subtract operation failed: Not enough elements in stack.
2025-03-20 01:52:05 [main] INFO : Creating command: PUSH
2025-03-20 01:52:05 [main] INFO : Command PUSH created successfully.
2025-03-20 01:52:05 [main] INFO : Creating command: POP
2025-03-20 01:52:05 [main] INFO : Popped: 10.0
2025-03-20 01:52:05 [main] INFO : Command POP created successfully.
2025-03-20 01:52:05 [main] INFO : Creating command: DEFINE
2025-03-20 01:52:05 [main] INFO : Defined: x = 10.0
2025-03-20 01:52:05 [main] INFO : Command DEFINE created successfully.
2025-03-20 01:52:05 [main] INFO : Creating command: DIVIDE
2025-03-20 01:52:05 [main] INFO : Divide executed: 1.0 / 2.0 = 0.5
2025-03-20 01:52:05 [main] INFO : Command DIVIDE created successfully.
2025-03-20 01:52:05 [main] INFO : Creating command: MULTIPLY
2025-03-20 01:52:05 [main] INFO : Multiply executed: 1.0 * 2.0 = 2.0
2025-03-20 01:52:05 [main] INFO : Command MULTIPLY created successfully.
2025-03-20 01:52:05 [main] INFO : Creating command: SUBTRACT
2025-03-20 01:52:05 [main] INFO : Subtract executed: 1.0 - 2.0 = -1.0
2025-03-20 01:52:05 [main] INFO : Command SUBTRACT created successfully.
2025-03-20 01:52:05 [main] INFO : Creating command: SQRT
2025-03-20 01:52:05 [main] INFO : Sqrt executed: sqrt(4.0) = 2.0
2025-03-20 01:52:05 [main] INFO : Command SQRT created successfully.
2025-03-20 01:52:05 [main] INFO : Creating command: ADD
2025-03-20 01:52:05 [main] INFO : ADD executed: 1.0 + 2.0 = 3.0
2025-03-20 01:52:05 [main] INFO : Command ADD created successfully.
2025-03-20 01:52:14 [mainclass.Main.main()] INFO : Creating command: PAWD
2025-03-20 01:52:14 [mainclass.Main.main()] ERROR: Unknown command: PAWD
2025-03-20 01:52:14 [mainclass.Main.main()] ERROR: Error executing command: pawd
exceptions.factory.FactoryException: Unknown command: PAWD
	at factory.CommandFactory.createCommand(CommandFactory.java:82) ~[classes/:?]
	at mainclass.Calculator.executeCommand(Calculator.java:21) ~[classes/:?]
	at mainclass.Main.main(Main.java:70) ~[classes/:?]
	at org.codehaus.mojo.exec.ExecJavaMojo.doMain(ExecJavaMojo.java:375) ~[?:?]
	at org.codehaus.mojo.exec.ExecJavaMojo.doExec(ExecJavaMojo.java:364) ~[?:?]
	at org.codehaus.mojo.exec.ExecJavaMojo.lambda$execute$0(ExecJavaMojo.java:286) ~[?:?]
	at java.lang.Thread.run(Thread.java:1583) [?:?]
2025-03-20 01:52:15 [mainclass.Main.main()] INFO : Creating command: PUSH
2025-03-20 01:52:15 [mainclass.Main.main()] INFO : Command PUSH created successfully.
2025-03-20 01:52:17 [mainclass.Main.main()] INFO : Creating command: PUSH
2025-03-20 01:52:17 [mainclass.Main.main()] INFO : Command PUSH created successfully.
2025-03-20 01:52:18 [mainclass.Main.main()] INFO : Creating command: ADD
2025-03-20 01:52:18 [mainclass.Main.main()] INFO : ADD executed: 2.0 + 3.0 = 5.0
2025-03-20 01:52:18 [mainclass.Main.main()] INFO : Command ADD created successfully.
2025-03-20 01:52:20 [mainclass.Main.main()] INFO : Creating command: PUSH
2025-03-20 01:52:20 [mainclass.Main.main()] INFO : Command PUSH created successfully.
2025-03-20 01:52:23 [mainclass.Main.main()] INFO : Creating command: SUBTRACRT
2025-03-20 01:52:23 [mainclass.Main.main()] ERROR: Unknown command: SUBTRACRT
2025-03-20 01:52:23 [mainclass.Main.main()] ERROR: Error executing command: subtracrt
exceptions.factory.FactoryException: Unknown command: SUBTRACRT
	at factory.CommandFactory.createCommand(CommandFactory.java:82) ~[classes/:?]
	at mainclass.Calculator.executeCommand(Calculator.java:21) ~[classes/:?]
	at mainclass.Main.main(Main.java:70) ~[classes/:?]
	at org.codehaus.mojo.exec.ExecJavaMojo.doMain(ExecJavaMojo.java:375) ~[?:?]
	at org.codehaus.mojo.exec.ExecJavaMojo.doExec(ExecJavaMojo.java:364) ~[?:?]
	at org.codehaus.mojo.exec.ExecJavaMojo.lambda$execute$0(ExecJavaMojo.java:286) ~[?:?]
	at java.lang.Thread.run(Thread.java:1583) [?:?]
