<?xml version="1.0" encoding="UTF-8"?>
<testsuite xmlns:xsi="http://www.w3.org/2001/XMLSchema-instance" xsi:noNamespaceSchemaLocation="https://maven.apache.org/surefire/maven-surefire-plugin/xsd/surefire-test-report-3.0.xsd" version="3.0" name="commands.PopTest" time="0.012" tests="2" errors="0" skipped="0" failures="0">
  <properties>
[...]
</properties>
  <testcase name="testPopValid" classname="commands.PopTest" time="0.005">
    <system-out><![CDATA[2025-02-28 01:06:02 [main] INFO : Popped: 5.0
]]></system-out>
  </testcase>
  <testcase name="testPopEmptyStack" classname="commands.PopTest" time="0.004">
    <system-out><![CDATA[2025-02-28 01:06:02 [main] ERROR: Pop failed. Pop command requires at least one value in the stack.
]]></system-out>
  </testcase>
</testsuite>